# Logfile created on 2018-12-17 22:17:53 +0000 by logger.rb/56438
I, [2018-12-17T22:17:53.228177 #73385]  INFO -- : Logger has started
I, [2018-12-17T22:17:53.228241 #73385]  INFO -- : instanceId: 0
I, [2018-12-17T22:17:53.228277 #73385]  INFO -- : I have 3 operations to do
I, [2018-12-17T22:17:53.228307 #73385]  INFO -- : tmpLogsDir: /Users/davide/Desktop/Code/RUBY/RCrawler/logs/
I, [2018-12-17T22:17:53.228356 #73385]  INFO -- : tmpAlertTemplateLocation: /Users/davide/Desktop/Code/RUBY/RCrawler/alerts/template1.txt
I, [2018-12-17T22:17:53.228386 #73385]  INFO -- : tmpEmailAddresses: dvdpnt16+alerts@gmail.com
I, [2018-12-17T22:17:53.228414 #73385]  INFO -- : tmpMaxPingsBeforeAlert: 10
I, [2018-12-17T22:17:53.228442 #73385]  INFO -- : tmpMaxHTTPBeforeAlert: 5
I, [2018-12-17T22:17:53.228470 #73385]  INFO -- : tmpOperationsPerInstance: 20
I, [2018-12-17T22:17:53.228498 #73385]  INFO -- : Doing operations from index 0 to 3
I, [2018-12-17T22:17:53.228545 #73385]  INFO -- : Connecting to InfluxDB at localhost
I, [2018-12-17T22:17:53.228706 #73385]  INFO -- : Creating DB RCrawler_devel
D, [2018-12-17T22:17:53.233211 #73385] DEBUG -- : thrId: 0, #<Alerter:0x007f9d18076a68 @emailAddresses="dvdpnt16+alerts@gmail.com", @maxPingsBeforeAlert="10", @maxHTTPBeforeAlert="5", @sendAlerts=false, @alertTemplatelocation="/Users/davide/Desktop/Code/RUBY/RCrawler/alerts/template1.txt", @alertTemplate="\noperation: <op>\ndestination: <dest>\nfailuresInARow: <fails>\nstartEpoch: <sEpoch>\nstartDate: <sDate>\n\n\nRCrawler\n">, #<Logger:0x007f9d18074f60 @progname=nil, @level=0, @default_formatter=#<Logger::Formatter:0x007f9d18074f38 @datetime_format=nil>, @formatter=nil, @logdev=#<Logger::LogDevice:0x007f9d18074ee8 @shift_size=1048576, @shift_age=10, @filename="/Users/davide/Desktop/Code/RUBY/RCrawler/logs/0/hehe.log", @dev=#<File:/Users/davide/Desktop/Code/RUBY/RCrawler/logs/0/hehe.log>, @mon_owner=nil, @mon_count=0, @mon_mutex=#<Thread::Mutex:0x007f9d18074e98>>>
D, [2018-12-17T22:17:53.236227 #73385] DEBUG -- : thrId: 1, #<Alerter:0x007f9d18076a68 @emailAddresses="dvdpnt16+alerts@gmail.com", @maxPingsBeforeAlert="10", @maxHTTPBeforeAlert="5", @sendAlerts=false, @alertTemplatelocation="/Users/davide/Desktop/Code/RUBY/RCrawler/alerts/template1.txt", @alertTemplate="\noperation: <op>\ndestination: <dest>\nfailuresInARow: <fails>\nstartEpoch: <sEpoch>\nstartDate: <sDate>\n\n\nRCrawler\n">, #<Logger:0x007f9d18074f60 @progname=nil, @level=0, @default_formatter=#<Logger::Formatter:0x007f9d18074f38 @datetime_format=nil>, @formatter=nil, @logdev=#<Logger::LogDevice:0x007f9d18074ee8 @shift_size=1048576, @shift_age=10, @filename="/Users/davide/Desktop/Code/RUBY/RCrawler/logs/0/hehe.log", @dev=#<File:/Users/davide/Desktop/Code/RUBY/RCrawler/logs/0/hehe.log>, @mon_owner=nil, @mon_count=0, @mon_mutex=#<Thread::Mutex:0x007f9d18074e98>>>
D, [2018-12-17T22:17:53.236601 #73385] DEBUG -- : thrId: 2, #<Alerter:0x007f9d18076a68 @emailAddresses="dvdpnt16+alerts@gmail.com", @maxPingsBeforeAlert="10", @maxHTTPBeforeAlert="5", @sendAlerts=false, @alertTemplatelocation="/Users/davide/Desktop/Code/RUBY/RCrawler/alerts/template1.txt", @alertTemplate="\noperation: <op>\ndestination: <dest>\nfailuresInARow: <fails>\nstartEpoch: <sEpoch>\nstartDate: <sDate>\n\n\nRCrawler\n">, #<Logger:0x007f9d18074f60 @progname=nil, @level=0, @default_formatter=#<Logger::Formatter:0x007f9d18074f38 @datetime_format=nil>, @formatter=nil, @logdev=#<Logger::LogDevice:0x007f9d18074ee8 @shift_size=1048576, @shift_age=10, @filename="/Users/davide/Desktop/Code/RUBY/RCrawler/logs/0/hehe.log", @dev=#<File:/Users/davide/Desktop/Code/RUBY/RCrawler/logs/0/hehe.log>, @mon_owner=nil, @mon_count=0, @mon_mutex=#<Thread::Mutex:0x007f9d18074e98>>>
I, [2018-12-17T22:17:53.236804 #73385]  INFO -- : Starting 3 threads...
I, [2018-12-17T22:17:53.612086 #73385]  INFO -- : thrId: 2, 2, 0, n3.meraki.cn, latency: 316.895 ms, ttl: 53, code: 0
I, [2018-12-17T22:17:53.612675 #73385]  INFO -- : thrId: 0, 0, 0, n1.meraki.cn, latency: 324.346 ms, ttl: 46, code: 0
I, [2018-12-17T22:17:53.681803 #73385]  INFO -- : thrId: 1, 1, 0, n2.meraki.cn, latency: 394.571 ms, ttl: 46, code: 0
I, [2018-12-17T22:17:58.868646 #73385]  INFO -- : thrId: 2, 2, 1, n3.meraki.cn, latency: 231.306 ms, ttl: 53, code: 0
I, [2018-12-17T22:17:58.922834 #73385]  INFO -- : thrId: 0, 0, 1, n1.meraki.cn, latency: 291.872 ms, ttl: 46, code: 0
I, [2018-12-17T22:17:58.998017 #73385]  INFO -- : thrId: 1, 1, 1, n2.meraki.cn, latency: 294.032 ms, ttl: 46, code: 0
I, [2018-12-17T22:21:58.335653 #73491]  INFO -- : Logger has started
I, [2018-12-17T22:21:58.335752 #73491]  INFO -- : instanceId: 0
I, [2018-12-17T22:21:58.335809 #73491]  INFO -- : I have 3 operations to do
I, [2018-12-17T22:21:58.335844 #73491]  INFO -- : tmpLogsDir: /Users/davide/Desktop/Code/RUBY/RCrawler/logs/
I, [2018-12-17T22:21:58.335877 #73491]  INFO -- : tmpAlertTemplateLocation: /Users/davide/Desktop/Code/RUBY/RCrawler/alerts/template1.txt
I, [2018-12-17T22:21:58.335909 #73491]  INFO -- : tmpEmailAddresses: dvdpnt16+alerts@gmail.com
I, [2018-12-17T22:21:58.335939 #73491]  INFO -- : tmpMaxPingsBeforeAlert: 10
I, [2018-12-17T22:21:58.335969 #73491]  INFO -- : tmpMaxHTTPBeforeAlert: 5
I, [2018-12-17T22:21:58.335999 #73491]  INFO -- : tmpOperationsPerInstance: 20
I, [2018-12-17T22:21:58.336031 #73491]  INFO -- : Doing operations from index 0 to 3
I, [2018-12-17T22:21:58.336082 #73491]  INFO -- : Connecting to InfluxDB at localhost
I, [2018-12-17T22:21:58.336298 #73491]  INFO -- : Creating DB RCrawler_devel
D, [2018-12-17T22:21:58.340291 #73491] DEBUG -- : thrId: 0, #<Alerter:0x007f9f4686a8c0 @emailAddresses="dvdpnt16+alerts@gmail.com", @maxPingsBeforeAlert="10", @maxHTTPBeforeAlert="5", @sendAlerts=false, @alertTemplatelocation="/Users/davide/Desktop/Code/RUBY/RCrawler/alerts/template1.txt", @alertTemplate="\noperation: <op>\ndestination: <dest>\nfailuresInARow: <fails>\nstartEpoch: <sEpoch>\nstartDate: <sDate>\n\n\nRCrawler\n">, #<Logger:0x007f9f4686a618 @progname=nil, @level=0, @default_formatter=#<Logger::Formatter:0x007f9f4686a5f0 @datetime_format=nil>, @formatter=nil, @logdev=#<Logger::LogDevice:0x007f9f4686a578 @shift_size=1048576, @shift_age=10, @filename="/Users/davide/Desktop/Code/RUBY/RCrawler/logs/0/hehe.log", @dev=#<File:/Users/davide/Desktop/Code/RUBY/RCrawler/logs/0/hehe.log>, @mon_owner=nil, @mon_count=0, @mon_mutex=#<Thread::Mutex:0x007f9f4686a500>>>
D, [2018-12-17T22:21:58.343087 #73491] DEBUG -- : thrId: 1, #<Alerter:0x007f9f4686a8c0 @emailAddresses="dvdpnt16+alerts@gmail.com", @maxPingsBeforeAlert="10", @maxHTTPBeforeAlert="5", @sendAlerts=false, @alertTemplatelocation="/Users/davide/Desktop/Code/RUBY/RCrawler/alerts/template1.txt", @alertTemplate="\noperation: <op>\ndestination: <dest>\nfailuresInARow: <fails>\nstartEpoch: <sEpoch>\nstartDate: <sDate>\n\n\nRCrawler\n">, #<Logger:0x007f9f4686a618 @progname=nil, @level=0, @default_formatter=#<Logger::Formatter:0x007f9f4686a5f0 @datetime_format=nil>, @formatter=nil, @logdev=#<Logger::LogDevice:0x007f9f4686a578 @shift_size=1048576, @shift_age=10, @filename="/Users/davide/Desktop/Code/RUBY/RCrawler/logs/0/hehe.log", @dev=#<File:/Users/davide/Desktop/Code/RUBY/RCrawler/logs/0/hehe.log>, @mon_owner=nil, @mon_count=0, @mon_mutex=#<Thread::Mutex:0x007f9f4686a500>>>
D, [2018-12-17T22:21:58.343456 #73491] DEBUG -- : thrId: 2, #<Alerter:0x007f9f4686a8c0 @emailAddresses="dvdpnt16+alerts@gmail.com", @maxPingsBeforeAlert="10", @maxHTTPBeforeAlert="5", @sendAlerts=false, @alertTemplatelocation="/Users/davide/Desktop/Code/RUBY/RCrawler/alerts/template1.txt", @alertTemplate="\noperation: <op>\ndestination: <dest>\nfailuresInARow: <fails>\nstartEpoch: <sEpoch>\nstartDate: <sDate>\n\n\nRCrawler\n">, #<Logger:0x007f9f4686a618 @progname=nil, @level=0, @default_formatter=#<Logger::Formatter:0x007f9f4686a5f0 @datetime_format=nil>, @formatter=nil, @logdev=#<Logger::LogDevice:0x007f9f4686a578 @shift_size=1048576, @shift_age=10, @filename="/Users/davide/Desktop/Code/RUBY/RCrawler/logs/0/hehe.log", @dev=#<File:/Users/davide/Desktop/Code/RUBY/RCrawler/logs/0/hehe.log>, @mon_owner=nil, @mon_count=0, @mon_mutex=#<Thread::Mutex:0x007f9f4686a500>>>
I, [2018-12-17T22:21:58.347423 #73491]  INFO -- : Starting 3 threads...
I, [2018-12-17T22:21:58.648832 #73491]  INFO -- : thrId: 2, 2, 0, n3.meraki.cn, latency: 253.792 ms, ttl: 53, code: 0
I, [2018-12-17T22:21:58.685014 #73491]  INFO -- : thrId: 0, 0, 0, n1.meraki.cn, latency: 291.723 ms, ttl: 46, code: 0
I, [2018-12-17T22:21:58.691849 #73491]  INFO -- : thrId: 1, 1, 0, n2.meraki.cn, latency: 297.099 ms, ttl: 46, code: 0
I, [2018-12-17T22:27:12.809716 #73600]  INFO -- : Logger has started
I, [2018-12-17T22:27:12.809816 #73600]  INFO -- : instanceId: 0
I, [2018-12-17T22:27:12.809927 #73600]  INFO -- : I have 1 operations to do
I, [2018-12-17T22:27:12.809986 #73600]  INFO -- : tmpLogsDir: /Users/davide/Desktop/Code/RUBY/RCrawler/logs/
I, [2018-12-17T22:27:12.810021 #73600]  INFO -- : tmpAlertTemplateLocation: /Users/davide/Desktop/Code/RUBY/RCrawler/alerts/template1.txt
I, [2018-12-17T22:27:12.810054 #73600]  INFO -- : tmpEmailAddresses: dvdpnt16+alerts@gmail.com
I, [2018-12-17T22:27:12.810084 #73600]  INFO -- : tmpMaxPingsBeforeAlert: 10
I, [2018-12-17T22:27:12.810129 #73600]  INFO -- : tmpMaxHTTPBeforeAlert: 5
I, [2018-12-17T22:27:12.810159 #73600]  INFO -- : tmpOperationsPerInstance: 20
I, [2018-12-17T22:27:12.810191 #73600]  INFO -- : Doing operations from index 0 to 1
I, [2018-12-17T22:27:12.810247 #73600]  INFO -- : Connecting to InfluxDB at localhost
I, [2018-12-17T22:27:12.810466 #73600]  INFO -- : Creating DB RCrawler_devel
D, [2018-12-17T22:27:12.814386 #73600] DEBUG -- : thrId: 0, #<Alerter:0x007f8783078840 @emailAddresses="dvdpnt16+alerts@gmail.com", @maxPingsBeforeAlert="10", @maxHTTPBeforeAlert="5", @sendAlerts=false, @alertTemplatelocation="/Users/davide/Desktop/Code/RUBY/RCrawler/alerts/template1.txt", @alertTemplate="\noperation: <op>\ndestination: <dest>\nfailuresInARow: <fails>\nstartEpoch: <sEpoch>\nstartDate: <sDate>\n\n\nRCrawler\n">, #<Logger:0x007f8783073818 @progname=nil, @level=0, @default_formatter=#<Logger::Formatter:0x007f87830737f0 @datetime_format=nil>, @formatter=nil, @logdev=#<Logger::LogDevice:0x007f8783073778 @shift_size=1048576, @shift_age=10, @filename="/Users/davide/Desktop/Code/RUBY/RCrawler/logs/0/hehe.log", @dev=#<File:/Users/davide/Desktop/Code/RUBY/RCrawler/logs/0/hehe.log>, @mon_owner=nil, @mon_count=0, @mon_mutex=#<Thread::Mutex:0x007f8783073660>>>
I, [2018-12-17T22:27:12.814556 #73600]  INFO -- : Starting 1 threads...
E, [2018-12-17T22:27:12.866505 #73600] ERROR -- : thrId: 0, runHttpQueries() Failed to open TCP connection to n123.meraki.cn:80 (getaddrinfo: nodename nor servname provided, or not known)
D, [2018-12-17T22:27:12.866684 #73600] DEBUG -- : thrId: 0, http://n123.meraki.cn failCounter=1
I, [2018-12-17T22:27:12.875466 #73600]  INFO -- : 0, 0, http://n123.meraki.cn, -1 ms, code: -1	length: -1
E, [2018-12-17T22:27:17.883129 #73600] ERROR -- : thrId: 0, runHttpQueries() Failed to open TCP connection to n123.meraki.cn:80 (getaddrinfo: nodename nor servname provided, or not known)
D, [2018-12-17T22:27:17.883314 #73600] DEBUG -- : thrId: 0, http://n123.meraki.cn failCounter=2
I, [2018-12-17T22:27:17.889676 #73600]  INFO -- : 0, 1, http://n123.meraki.cn, -1 ms, code: -1	length: -1
I, [2018-12-17T22:53:17.811071 #73892]  INFO -- : Logger has started
I, [2018-12-17T22:53:17.811215 #73892]  INFO -- : instanceId: 0
I, [2018-12-17T22:53:17.811294 #73892]  INFO -- : I have 1 operations to do
I, [2018-12-17T22:53:17.811333 #73892]  INFO -- : tmpLogsDir: /Users/davide/Desktop/Code/RUBY/RCrawler/logs/
I, [2018-12-17T22:53:17.811369 #73892]  INFO -- : tmpAlertTemplateLocation: /Users/davide/Desktop/Code/RUBY/RCrawler/alerts/template1.txt
I, [2018-12-17T22:53:17.811403 #73892]  INFO -- : tmpEmailAddresses: dvdpnt16+alerts@gmail.com
I, [2018-12-17T22:53:17.811434 #73892]  INFO -- : tmpMaxPingsBeforeAlert: 10
I, [2018-12-17T22:53:17.811466 #73892]  INFO -- : tmpMaxHTTPBeforeAlert: 5
I, [2018-12-17T22:53:17.811497 #73892]  INFO -- : tmpOperationsPerInstance: 20
I, [2018-12-17T22:53:17.811565 #73892]  INFO -- : Doing operations from index 0 to 1
I, [2018-12-17T22:53:17.811613 #73892]  INFO -- : Connecting to InfluxDB at localhost
I, [2018-12-17T22:53:17.811950 #73892]  INFO -- : Creating DB RCrawler_devel
D, [2018-12-17T22:53:17.816293 #73892] DEBUG -- : thrId: 0, #<Alerter:0x007f864c07f858 @emailAddresses="dvdpnt16+alerts@gmail.com", @maxPingsBeforeAlert="10", @maxHTTPBeforeAlert="5", @sendAlerts=false, @alertTemplatelocation="/Users/davide/Desktop/Code/RUBY/RCrawler/alerts/template1.txt", @alertTemplate="\noperation: <op>\ndestination: <dest>\nfailuresInARow: <fails>\nstartEpoch: <sEpoch>\nstartDate: <sDate>\n\n\nRCrawler\n">, #<Logger:0x007f864c07e7c8 @progname=nil, @level=0, @default_formatter=#<Logger::Formatter:0x007f864c07e660 @datetime_format=nil>, @formatter=nil, @logdev=#<Logger::LogDevice:0x007f864c07e408 @shift_size=1048576, @shift_age=10, @filename="/Users/davide/Desktop/Code/RUBY/RCrawler/logs/0/hehe.log", @dev=#<File:/Users/davide/Desktop/Code/RUBY/RCrawler/logs/0/hehe.log>, @mon_owner=nil, @mon_count=0, @mon_mutex=#<Thread::Mutex:0x007f864c07d2b0>>>
I, [2018-12-17T22:53:17.816509 #73892]  INFO -- : Starting 1 threads...
I, [2018-12-17T22:53:21.829698 #73892]  INFO -- : 0, 0, http://n1.meraki.cn, -1545087197816 ms, code: 200	length: 7858
I, [2018-12-17T22:54:56.679733 #73924]  INFO -- : Logger has started
I, [2018-12-17T22:54:56.679843 #73924]  INFO -- : instanceId: 0
I, [2018-12-17T22:54:56.679906 #73924]  INFO -- : I have 1 operations to do
I, [2018-12-17T22:54:56.679984 #73924]  INFO -- : tmpLogsDir: /Users/davide/Desktop/Code/RUBY/RCrawler/logs/
I, [2018-12-17T22:54:56.680037 #73924]  INFO -- : tmpAlertTemplateLocation: /Users/davide/Desktop/Code/RUBY/RCrawler/alerts/template1.txt
I, [2018-12-17T22:54:56.680076 #73924]  INFO -- : tmpEmailAddresses: dvdpnt16+alerts@gmail.com
I, [2018-12-17T22:54:56.680116 #73924]  INFO -- : tmpMaxPingsBeforeAlert: 10
I, [2018-12-17T22:54:56.680146 #73924]  INFO -- : tmpMaxHTTPBeforeAlert: 5
I, [2018-12-17T22:54:56.680175 #73924]  INFO -- : tmpOperationsPerInstance: 20
I, [2018-12-17T22:54:56.680206 #73924]  INFO -- : Doing operations from index 0 to 1
I, [2018-12-17T22:54:56.680269 #73924]  INFO -- : Connecting to InfluxDB at localhost
I, [2018-12-17T22:54:56.680428 #73924]  INFO -- : Creating DB RCrawler_devel
D, [2018-12-17T22:54:56.684481 #73924] DEBUG -- : thrId: 0, #<Alerter:0x007f8aa301be60 @emailAddresses="dvdpnt16+alerts@gmail.com", @maxPingsBeforeAlert="10", @maxHTTPBeforeAlert="5", @sendAlerts=false, @alertTemplatelocation="/Users/davide/Desktop/Code/RUBY/RCrawler/alerts/template1.txt", @alertTemplate="\noperation: <op>\ndestination: <dest>\nfailuresInARow: <fails>\nstartEpoch: <sEpoch>\nstartDate: <sDate>\n\n\nRCrawler\n">, #<Logger:0x007f8aa301b4d8 @progname=nil, @level=0, @default_formatter=#<Logger::Formatter:0x007f8aa301b410 @datetime_format=nil>, @formatter=nil, @logdev=#<Logger::LogDevice:0x007f8aa301b2d0 @shift_size=1048576, @shift_age=10, @filename="/Users/davide/Desktop/Code/RUBY/RCrawler/logs/0/hehe.log", @dev=#<File:/Users/davide/Desktop/Code/RUBY/RCrawler/logs/0/hehe.log>, @mon_owner=nil, @mon_count=0, @mon_mutex=#<Thread::Mutex:0x007f8aa301b190>>>
I, [2018-12-17T22:54:56.684629 #73924]  INFO -- : Starting 1 threads...
I, [2018-12-17T22:55:01.254861 #73924]  INFO -- : 0, 0, http://n1.meraki.cn, -1545087296684 ms, code: 200	length: 7858
I, [2018-12-17T22:55:10.469792 #73924]  INFO -- : 0, 1, http://n1.meraki.cn, -5006 ms, code: 200	length: 7858
I, [2018-12-17T22:55:18.765295 #73924]  INFO -- : 0, 2, http://n1.meraki.cn, -5008 ms, code: 200	length: 7858
I, [2018-12-17T22:55:28.287177 #73924]  INFO -- : 0, 3, http://n1.meraki.cn, -5007 ms, code: 200	length: 7858
I, [2018-12-17T22:55:36.479733 #73924]  INFO -- : 0, 4, http://n1.meraki.cn, -5009 ms, code: 200	length: 7858
I, [2018-12-17T22:55:44.467500 #73924]  INFO -- : 0, 5, http://n1.meraki.cn, -5009 ms, code: 200	length: 7858
I, [2018-12-17T22:55:51.275692 #73941]  INFO -- : Logger has started
I, [2018-12-17T22:55:51.275803 #73941]  INFO -- : instanceId: 0
I, [2018-12-17T22:55:51.275884 #73941]  INFO -- : I have 1 operations to do
I, [2018-12-17T22:55:51.275962 #73941]  INFO -- : tmpLogsDir: /Users/davide/Desktop/Code/RUBY/RCrawler/logs/
I, [2018-12-17T22:55:51.276032 #73941]  INFO -- : tmpAlertTemplateLocation: /Users/davide/Desktop/Code/RUBY/RCrawler/alerts/template1.txt
I, [2018-12-17T22:55:51.276077 #73941]  INFO -- : tmpEmailAddresses: dvdpnt16+alerts@gmail.com
I, [2018-12-17T22:55:51.276108 #73941]  INFO -- : tmpMaxPingsBeforeAlert: 10
I, [2018-12-17T22:55:51.276137 #73941]  INFO -- : tmpMaxHTTPBeforeAlert: 5
I, [2018-12-17T22:55:51.276167 #73941]  INFO -- : tmpOperationsPerInstance: 20
I, [2018-12-17T22:55:51.276210 #73941]  INFO -- : Doing operations from index 0 to 1
I, [2018-12-17T22:55:51.276267 #73941]  INFO -- : Connecting to InfluxDB at localhost
I, [2018-12-17T22:55:51.276467 #73941]  INFO -- : Creating DB RCrawler_devel
D, [2018-12-17T22:55:51.280429 #73941] DEBUG -- : thrId: 0, #<Alerter:0x007f878a07faa8 @emailAddresses="dvdpnt16+alerts@gmail.com", @maxPingsBeforeAlert="10", @maxHTTPBeforeAlert="5", @sendAlerts=false, @alertTemplatelocation="/Users/davide/Desktop/Code/RUBY/RCrawler/alerts/template1.txt", @alertTemplate="\noperation: <op>\ndestination: <dest>\nfailuresInARow: <fails>\nstartEpoch: <sEpoch>\nstartDate: <sDate>\n\n\nRCrawler\n">, #<Logger:0x007f878a07e7e8 @progname=nil, @level=0, @default_formatter=#<Logger::Formatter:0x007f878a07e540 @datetime_format=nil>, @formatter=nil, @logdev=#<Logger::LogDevice:0x007f878a07daa0 @shift_size=1048576, @shift_age=10, @filename="/Users/davide/Desktop/Code/RUBY/RCrawler/logs/0/hehe.log", @dev=#<File:/Users/davide/Desktop/Code/RUBY/RCrawler/logs/0/hehe.log>, @mon_owner=nil, @mon_count=0, @mon_mutex=#<Thread::Mutex:0x007f878a07d870>>>
I, [2018-12-17T22:55:51.280570 #73941]  INFO -- : Starting 1 threads...
I, [2018-12-17T22:55:54.809955 #73941]  INFO -- : 0, 0, http://n1.meraki.cn, 3524 ms, code: 200	length: 7858
I, [2018-12-17T22:56:02.795593 #73941]  INFO -- : 0, 1, http://n1.meraki.cn, 2974 ms, code: 200	length: 7858
E, [2018-12-17T22:56:14.059088 #73941] ERROR -- : thrId: 0, runHttpQueries() Net::OpenTimeout
D, [2018-12-17T22:56:14.059336 #73941] DEBUG -- : thrId: 0, http://n1.meraki.cn failCounter=1
I, [2018-12-17T22:56:46.955395 #73953]  INFO -- : Logger has started
I, [2018-12-17T22:56:46.955563 #73953]  INFO -- : instanceId: 0
I, [2018-12-17T22:56:46.955638 #73953]  INFO -- : I have 1 operations to do
I, [2018-12-17T22:56:46.955681 #73953]  INFO -- : tmpLogsDir: /Users/davide/Desktop/Code/RUBY/RCrawler/logs/
I, [2018-12-17T22:56:46.955712 #73953]  INFO -- : tmpAlertTemplateLocation: /Users/davide/Desktop/Code/RUBY/RCrawler/alerts/template1.txt
I, [2018-12-17T22:56:46.955742 #73953]  INFO -- : tmpEmailAddresses: dvdpnt16+alerts@gmail.com
I, [2018-12-17T22:56:46.955771 #73953]  INFO -- : tmpMaxPingsBeforeAlert: 10
I, [2018-12-17T22:56:46.955800 #73953]  INFO -- : tmpMaxHTTPBeforeAlert: 5
I, [2018-12-17T22:56:46.955828 #73953]  INFO -- : tmpOperationsPerInstance: 20
I, [2018-12-17T22:56:46.955858 #73953]  INFO -- : Doing operations from index 0 to 1
I, [2018-12-17T22:56:46.955931 #73953]  INFO -- : Connecting to InfluxDB at localhost
I, [2018-12-17T22:56:46.956093 #73953]  INFO -- : Creating DB RCrawler_devel
D, [2018-12-17T22:56:46.959999 #73953] DEBUG -- : thrId: 0, #<Alerter:0x007f8c3d076c48 @emailAddresses="dvdpnt16+alerts@gmail.com", @maxPingsBeforeAlert="10", @maxHTTPBeforeAlert="5", @sendAlerts=false, @alertTemplatelocation="/Users/davide/Desktop/Code/RUBY/RCrawler/alerts/template1.txt", @alertTemplate="\noperation: <op>\ndestination: <dest>\nfailuresInARow: <fails>\nstartEpoch: <sEpoch>\nstartDate: <sDate>\n\n\nRCrawler\n">, #<Logger:0x007f8c3d076270 @progname=nil, @level=0, @default_formatter=#<Logger::Formatter:0x007f8c3d0761f8 @datetime_format=nil>, @formatter=nil, @logdev=#<Logger::LogDevice:0x007f8c3d0760e0 @shift_size=1048576, @shift_age=10, @filename="/Users/davide/Desktop/Code/RUBY/RCrawler/logs/0/hehe.log", @dev=#<File:/Users/davide/Desktop/Code/RUBY/RCrawler/logs/0/hehe.log>, @mon_owner=nil, @mon_count=0, @mon_mutex=#<Thread::Mutex:0x007f8c3d075f28>>>
I, [2018-12-17T22:56:46.960131 #73953]  INFO -- : Starting 1 threads...
I, [2018-12-17T22:56:50.719090 #73953]  INFO -- : 0, 0, http://n1.meraki.cn, 3753 ms, code: 200	length: 7858
I, [2018-12-17T22:56:55.633358 #73953]  INFO -- : 0, 1, http://n1.meraki.cn, 3903 ms, code: 200	length: 7858
I, [2018-12-17T22:57:02.086147 #73953]  INFO -- : 0, 2, http://n1.meraki.cn, 5446 ms, code: 200	length: 7858
I, [2018-12-17T22:57:06.589946 #73953]  INFO -- : 0, 3, http://n1.meraki.cn, 3497 ms, code: 200	length: 7858
I, [2018-12-17T22:57:11.005791 #73953]  INFO -- : 0, 4, http://n1.meraki.cn, 3410 ms, code: 200	length: 7858
I, [2018-12-17T22:57:15.505550 #73953]  INFO -- : 0, 5, http://n1.meraki.cn, 3487 ms, code: 200	length: 7858
I, [2018-12-17T22:57:21.234408 #73953]  INFO -- : 0, 6, http://n1.meraki.cn, 4718 ms, code: 200	length: 7858
I, [2018-12-17T22:57:26.764142 #73953]  INFO -- : 0, 7, http://n1.meraki.cn, 4522 ms, code: 200	length: 7858
I, [2018-12-17T22:57:31.577320 #73953]  INFO -- : 0, 8, http://n1.meraki.cn, 3806 ms, code: 200	length: 7858
I, [2018-12-17T22:57:36.185020 #73953]  INFO -- : 0, 9, http://n1.meraki.cn, 3601 ms, code: 200	length: 7858
I, [2018-12-17T22:57:40.893796 #73953]  INFO -- : 0, 10, http://n1.meraki.cn, 3697 ms, code: 200	length: 7858
I, [2018-12-17T22:57:46.427401 #73953]  INFO -- : 0, 11, http://n1.meraki.cn, 4525 ms, code: 200	length: 7858
I, [2018-12-17T22:57:51.134145 #73953]  INFO -- : 0, 12, http://n1.meraki.cn, 3702 ms, code: 200	length: 7858
I, [2019-01-15T21:26:50.057475 #62876]  INFO -- : Logger has started
I, [2019-01-15T21:26:50.061780 #62876]  INFO -- : instanceId: 0
I, [2019-01-15T21:26:50.061918 #62876]  INFO -- : I have 2 operations to do
I, [2019-01-15T21:26:50.061986 #62876]  INFO -- : tmpLogsDir: /Users/davide/Desktop/Code/RUBY/RCrawler/logs/
I, [2019-01-15T21:26:50.062048 #62876]  INFO -- : tmpAlertTemplateLocation: /Users/davide/Desktop/Code/RUBY/RCrawler/alerts/template1.txt
I, [2019-01-15T21:26:50.062108 #62876]  INFO -- : tmpEmailAddresses: dvdpnt16+alerts@gmail.com
I, [2019-01-15T21:26:50.062167 #62876]  INFO -- : tmpMaxPingsBeforeAlert: 10
I, [2019-01-15T21:26:50.062225 #62876]  INFO -- : tmpMaxHTTPBeforeAlert: 5
I, [2019-01-15T21:26:50.062283 #62876]  INFO -- : tmpOperationsPerInstance: 20
I, [2019-01-15T21:26:50.062342 #62876]  INFO -- : Doing operations from index 0 to 2
I, [2019-01-15T21:26:50.062466 #62876]  INFO -- : Connecting to InfluxDB at localhost
I, [2019-01-15T21:26:50.062758 #62876]  INFO -- : Creating DB RCrawler_devel
D, [2019-01-15T21:26:50.167141 #62876] DEBUG -- : thrId: 0, #<Alerter:0x007febb92027e8 @emailAddresses="dvdpnt16+alerts@gmail.com", @maxPingsBeforeAlert="10", @maxHTTPBeforeAlert="5", @sendAlerts=false, @alertTemplatelocation="/Users/davide/Desktop/Code/RUBY/RCrawler/alerts/template1.txt", @alertTemplate="\noperation: <op>\ndestination: <dest>\nfailuresInARow: <fails>\nstartEpoch: <sEpoch>\nstartDate: <sDate>\n\n\nRCrawler\n">, #<Logger:0x007febb9201bb8 @progname=nil, @level=0, @default_formatter=#<Logger::Formatter:0x007febb9201b68 @datetime_format=nil>, @formatter=nil, @logdev=#<Logger::LogDevice:0x007febb9201af0 @shift_size=1048576, @shift_age=10, @filename="/Users/davide/Desktop/Code/RUBY/RCrawler/logs/0/hehe.log", @dev=#<File:/Users/davide/Desktop/Code/RUBY/RCrawler/logs/0/hehe.log>, @mon_owner=nil, @mon_count=0, @mon_mutex=#<Thread::Mutex:0x007febb9201aa0>>>
D, [2019-01-15T21:26:50.167445 #62876] DEBUG -- : thrId: 1, #<Alerter:0x007febb92027e8 @emailAddresses="dvdpnt16+alerts@gmail.com", @maxPingsBeforeAlert="10", @maxHTTPBeforeAlert="5", @sendAlerts=false, @alertTemplatelocation="/Users/davide/Desktop/Code/RUBY/RCrawler/alerts/template1.txt", @alertTemplate="\noperation: <op>\ndestination: <dest>\nfailuresInARow: <fails>\nstartEpoch: <sEpoch>\nstartDate: <sDate>\n\n\nRCrawler\n">, #<Logger:0x007febb9201bb8 @progname=nil, @level=0, @default_formatter=#<Logger::Formatter:0x007febb9201b68 @datetime_format=nil>, @formatter=nil, @logdev=#<Logger::LogDevice:0x007febb9201af0 @shift_size=1048576, @shift_age=10, @filename="/Users/davide/Desktop/Code/RUBY/RCrawler/logs/0/hehe.log", @dev=#<File:/Users/davide/Desktop/Code/RUBY/RCrawler/logs/0/hehe.log>, @mon_owner=nil, @mon_count=0, @mon_mutex=#<Thread::Mutex:0x007febb9201aa0>>>
I, [2019-01-15T21:26:50.184903 #62876]  INFO -- : Starting 2 threads...
I, [2019-01-15T21:26:50.413673 #62876]  INFO -- : thrId: 1, 1, 0, n1.meraki.com, latency: 139.254 ms, ttl: 49, code: 0
I, [2019-01-15T21:26:50.489387 #62876]  INFO -- : thrId: 0, 0, 0, n1.meraki.cn, latency: 228.05 ms, ttl: 48, code: 0
I, [2019-01-15T21:26:51.579521 #62876]  INFO -- : thrId: 1, 1, 1, n1.meraki.com, latency: 140.92 ms, ttl: 49, code: 0
I, [2019-01-15T21:26:51.748487 #62876]  INFO -- : thrId: 0, 0, 1, n1.meraki.cn, latency: 234.15 ms, ttl: 48, code: 0
I, [2019-01-15T21:26:52.741153 #62876]  INFO -- : thrId: 1, 1, 2, n1.meraki.com, latency: 140.59 ms, ttl: 49, code: 0
I, [2019-01-15T21:26:53.001591 #62876]  INFO -- : thrId: 0, 0, 2, n1.meraki.cn, latency: 230.133 ms, ttl: 48, code: 0
I, [2019-01-15T21:26:53.905453 #62876]  INFO -- : thrId: 1, 1, 3, n1.meraki.com, latency: 141.783 ms, ttl: 49, code: 0
I, [2019-01-17T18:18:07.930382 #67067]  INFO -- : Logger has started
I, [2019-01-17T18:18:07.933680 #67067]  INFO -- : instanceId: 0
I, [2019-01-17T18:18:07.933865 #67067]  INFO -- : I have 10 operations to do
I, [2019-01-17T18:18:07.934014 #67067]  INFO -- : tmpLogsDir: /Users/davide/Desktop/Code/RUBY/RCrawler/logs/
I, [2019-01-17T18:18:07.934125 #67067]  INFO -- : tmpAlertTemplateLocation: /Users/davide/Desktop/Code/RUBY/RCrawler/alerts/template1.txt
I, [2019-01-17T18:18:07.934191 #67067]  INFO -- : tmpEmailAddresses: dvdpnt16+alerts@gmail.com
I, [2019-01-17T18:18:07.934351 #67067]  INFO -- : tmpMaxPingsBeforeAlert: 10
I, [2019-01-17T18:18:07.934442 #67067]  INFO -- : tmpMaxHTTPBeforeAlert: 5
I, [2019-01-17T18:18:07.934506 #67067]  INFO -- : tmpOperationsPerInstance: 10
I, [2019-01-17T18:18:07.934569 #67067]  INFO -- : Doing operations from index 0 to 9
I, [2019-01-17T18:18:07.934666 #67067]  INFO -- : Connecting to InfluxDB at localhost
I, [2019-01-17T18:18:07.934995 #67067]  INFO -- : Creating DB RCrawler_devel
D, [2019-01-17T18:18:07.997044 #67067] DEBUG -- : thrId: 0, #<Alerter:0x007fc099a4ea00 @emailAddresses="dvdpnt16+alerts@gmail.com", @maxPingsBeforeAlert="10", @maxHTTPBeforeAlert="5", @sendAlerts=false, @alertTemplatelocation="/Users/davide/Desktop/Code/RUBY/RCrawler/alerts/template1.txt", @alertTemplate="\noperation: <op>\ndestination: <dest>\nfailuresInARow: <fails>\nstartEpoch: <sEpoch>\nstartDate: <sDate>\n\n\nRCrawler\n">, #<Logger:0x007fc099a4e5a0 @progname=nil, @level=0, @default_formatter=#<Logger::Formatter:0x007fc099a4e550 @datetime_format=nil>, @formatter=nil, @logdev=#<Logger::LogDevice:0x007fc099a4e4d8 @shift_size=1048576, @shift_age=10, @filename="/Users/davide/Desktop/Code/RUBY/RCrawler/logs/0/hehe.log", @dev=#<File:/Users/davide/Desktop/Code/RUBY/RCrawler/logs/0/hehe.log>, @mon_owner=nil, @mon_count=0, @mon_mutex=#<Thread::Mutex:0x007fc099a4e3e8>>>
D, [2019-01-17T18:18:07.997405 #67067] DEBUG -- : thrId: 1, #<Alerter:0x007fc099a4ea00 @emailAddresses="dvdpnt16+alerts@gmail.com", @maxPingsBeforeAlert="10", @maxHTTPBeforeAlert="5", @sendAlerts=false, @alertTemplatelocation="/Users/davide/Desktop/Code/RUBY/RCrawler/alerts/template1.txt", @alertTemplate="\noperation: <op>\ndestination: <dest>\nfailuresInARow: <fails>\nstartEpoch: <sEpoch>\nstartDate: <sDate>\n\n\nRCrawler\n">, #<Logger:0x007fc099a4e5a0 @progname=nil, @level=0, @default_formatter=#<Logger::Formatter:0x007fc099a4e550 @datetime_format=nil>, @formatter=nil, @logdev=#<Logger::LogDevice:0x007fc099a4e4d8 @shift_size=1048576, @shift_age=10, @filename="/Users/davide/Desktop/Code/RUBY/RCrawler/logs/0/hehe.log", @dev=#<File:/Users/davide/Desktop/Code/RUBY/RCrawler/logs/0/hehe.log>, @mon_owner=nil, @mon_count=0, @mon_mutex=#<Thread::Mutex:0x007fc099a4e3e8>>>
D, [2019-01-17T18:18:08.009981 #67067] DEBUG -- : thrId: 2, #<Alerter:0x007fc099a4ea00 @emailAddresses="dvdpnt16+alerts@gmail.com", @maxPingsBeforeAlert="10", @maxHTTPBeforeAlert="5", @sendAlerts=false, @alertTemplatelocation="/Users/davide/Desktop/Code/RUBY/RCrawler/alerts/template1.txt", @alertTemplate="\noperation: <op>\ndestination: <dest>\nfailuresInARow: <fails>\nstartEpoch: <sEpoch>\nstartDate: <sDate>\n\n\nRCrawler\n">, #<Logger:0x007fc099a4e5a0 @progname=nil, @level=0, @default_formatter=#<Logger::Formatter:0x007fc099a4e550 @datetime_format=nil>, @formatter=nil, @logdev=#<Logger::LogDevice:0x007fc099a4e4d8 @shift_size=1048576, @shift_age=10, @filename="/Users/davide/Desktop/Code/RUBY/RCrawler/logs/0/hehe.log", @dev=#<File:/Users/davide/Desktop/Code/RUBY/RCrawler/logs/0/hehe.log>, @mon_owner=nil, @mon_count=0, @mon_mutex=#<Thread::Mutex:0x007fc099a4e3e8>>>
D, [2019-01-17T18:18:08.013154 #67067] DEBUG -- : thrId: 3, #<Alerter:0x007fc099a4ea00 @emailAddresses="dvdpnt16+alerts@gmail.com", @maxPingsBeforeAlert="10", @maxHTTPBeforeAlert="5", @sendAlerts=false, @alertTemplatelocation="/Users/davide/Desktop/Code/RUBY/RCrawler/alerts/template1.txt", @alertTemplate="\noperation: <op>\ndestination: <dest>\nfailuresInARow: <fails>\nstartEpoch: <sEpoch>\nstartDate: <sDate>\n\n\nRCrawler\n">, #<Logger:0x007fc099a4e5a0 @progname=nil, @level=0, @default_formatter=#<Logger::Formatter:0x007fc099a4e550 @datetime_format=nil>, @formatter=nil, @logdev=#<Logger::LogDevice:0x007fc099a4e4d8 @shift_size=1048576, @shift_age=10, @filename="/Users/davide/Desktop/Code/RUBY/RCrawler/logs/0/hehe.log", @dev=#<File:/Users/davide/Desktop/Code/RUBY/RCrawler/logs/0/hehe.log>, @mon_owner=nil, @mon_count=0, @mon_mutex=#<Thread::Mutex:0x007fc099a4e3e8>>>
D, [2019-01-17T18:18:08.016743 #67067] DEBUG -- : thrId: 4, #<Alerter:0x007fc099a4ea00 @emailAddresses="dvdpnt16+alerts@gmail.com", @maxPingsBeforeAlert="10", @maxHTTPBeforeAlert="5", @sendAlerts=false, @alertTemplatelocation="/Users/davide/Desktop/Code/RUBY/RCrawler/alerts/template1.txt", @alertTemplate="\noperation: <op>\ndestination: <dest>\nfailuresInARow: <fails>\nstartEpoch: <sEpoch>\nstartDate: <sDate>\n\n\nRCrawler\n">, #<Logger:0x007fc099a4e5a0 @progname=nil, @level=0, @default_formatter=#<Logger::Formatter:0x007fc099a4e550 @datetime_format=nil>, @formatter=nil, @logdev=#<Logger::LogDevice:0x007fc099a4e4d8 @shift_size=1048576, @shift_age=10, @filename="/Users/davide/Desktop/Code/RUBY/RCrawler/logs/0/hehe.log", @dev=#<File:/Users/davide/Desktop/Code/RUBY/RCrawler/logs/0/hehe.log>, @mon_owner=nil, @mon_count=0, @mon_mutex=#<Thread::Mutex:0x007fc099a4e3e8>>>
D, [2019-01-17T18:18:08.017172 #67067] DEBUG -- : thrId: 5, #<Alerter:0x007fc099a4ea00 @emailAddresses="dvdpnt16+alerts@gmail.com", @maxPingsBeforeAlert="10", @maxHTTPBeforeAlert="5", @sendAlerts=false, @alertTemplatelocation="/Users/davide/Desktop/Code/RUBY/RCrawler/alerts/template1.txt", @alertTemplate="\noperation: <op>\ndestination: <dest>\nfailuresInARow: <fails>\nstartEpoch: <sEpoch>\nstartDate: <sDate>\n\n\nRCrawler\n">, #<Logger:0x007fc099a4e5a0 @progname=nil, @level=0, @default_formatter=#<Logger::Formatter:0x007fc099a4e550 @datetime_format=nil>, @formatter=nil, @logdev=#<Logger::LogDevice:0x007fc099a4e4d8 @shift_size=1048576, @shift_age=10, @filename="/Users/davide/Desktop/Code/RUBY/RCrawler/logs/0/hehe.log", @dev=#<File:/Users/davide/Desktop/Code/RUBY/RCrawler/logs/0/hehe.log>, @mon_owner=nil, @mon_count=0, @mon_mutex=#<Thread::Mutex:0x007fc099a4e3e8>>>
D, [2019-01-17T18:18:08.017550 #67067] DEBUG -- : thrId: 6, #<Alerter:0x007fc099a4ea00 @emailAddresses="dvdpnt16+alerts@gmail.com", @maxPingsBeforeAlert="10", @maxHTTPBeforeAlert="5", @sendAlerts=false, @alertTemplatelocation="/Users/davide/Desktop/Code/RUBY/RCrawler/alerts/template1.txt", @alertTemplate="\noperation: <op>\ndestination: <dest>\nfailuresInARow: <fails>\nstartEpoch: <sEpoch>\nstartDate: <sDate>\n\n\nRCrawler\n">, #<Logger:0x007fc099a4e5a0 @progname=nil, @level=0, @default_formatter=#<Logger::Formatter:0x007fc099a4e550 @datetime_format=nil>, @formatter=nil, @logdev=#<Logger::LogDevice:0x007fc099a4e4d8 @shift_size=1048576, @shift_age=10, @filename="/Users/davide/Desktop/Code/RUBY/RCrawler/logs/0/hehe.log", @dev=#<File:/Users/davide/Desktop/Code/RUBY/RCrawler/logs/0/hehe.log>, @mon_owner=nil, @mon_count=0, @mon_mutex=#<Thread::Mutex:0x007fc099a4e3e8>>>
D, [2019-01-17T18:18:08.030241 #67067] DEBUG -- : thrId: 7, #<Alerter:0x007fc099a4ea00 @emailAddresses="dvdpnt16+alerts@gmail.com", @maxPingsBeforeAlert="10", @maxHTTPBeforeAlert="5", @sendAlerts=false, @alertTemplatelocation="/Users/davide/Desktop/Code/RUBY/RCrawler/alerts/template1.txt", @alertTemplate="\noperation: <op>\ndestination: <dest>\nfailuresInARow: <fails>\nstartEpoch: <sEpoch>\nstartDate: <sDate>\n\n\nRCrawler\n">, #<Logger:0x007fc099a4e5a0 @progname=nil, @level=0, @default_formatter=#<Logger::Formatter:0x007fc099a4e550 @datetime_format=nil>, @formatter=nil, @logdev=#<Logger::LogDevice:0x007fc099a4e4d8 @shift_size=1048576, @shift_age=10, @filename="/Users/davide/Desktop/Code/RUBY/RCrawler/logs/0/hehe.log", @dev=#<File:/Users/davide/Desktop/Code/RUBY/RCrawler/logs/0/hehe.log>, @mon_owner=nil, @mon_count=0, @mon_mutex=#<Thread::Mutex:0x007fc099a4e3e8>>>
D, [2019-01-17T18:18:08.030854 #67067] DEBUG -- : thrId: 8, #<Alerter:0x007fc099a4ea00 @emailAddresses="dvdpnt16+alerts@gmail.com", @maxPingsBeforeAlert="10", @maxHTTPBeforeAlert="5", @sendAlerts=false, @alertTemplatelocation="/Users/davide/Desktop/Code/RUBY/RCrawler/alerts/template1.txt", @alertTemplate="\noperation: <op>\ndestination: <dest>\nfailuresInARow: <fails>\nstartEpoch: <sEpoch>\nstartDate: <sDate>\n\n\nRCrawler\n">, #<Logger:0x007fc099a4e5a0 @progname=nil, @level=0, @default_formatter=#<Logger::Formatter:0x007fc099a4e550 @datetime_format=nil>, @formatter=nil, @logdev=#<Logger::LogDevice:0x007fc099a4e4d8 @shift_size=1048576, @shift_age=10, @filename="/Users/davide/Desktop/Code/RUBY/RCrawler/logs/0/hehe.log", @dev=#<File:/Users/davide/Desktop/Code/RUBY/RCrawler/logs/0/hehe.log>, @mon_owner=nil, @mon_count=0, @mon_mutex=#<Thread::Mutex:0x007fc099a4e3e8>>>
I, [2019-01-17T18:18:08.031054 #67067]  INFO -- : Starting 9 threads...
I, [2019-01-17T18:18:08.120047 #67067]  INFO -- : thrId: 2, 2, 0, n3.meraki.com, latency: 27.49 ms, ttl: 49, code: 0
I, [2019-01-17T18:18:08.185307 #67067]  INFO -- : thrId: 5, 5, 0, n6.meraki.com, latency: 112.198 ms, ttl: 53, code: 0
I, [2019-01-17T18:18:08.189362 #67067]  INFO -- : thrId: 0, 0, 0, n1.meraki.com, latency: 138.705 ms, ttl: 49, code: 0
I, [2019-01-17T18:18:08.196448 #67067]  INFO -- : thrId: 3, 3, 0, n4.meraki.com, latency: 140.813 ms, ttl: 49, code: 0
I, [2019-01-17T18:18:08.200823 #67067]  INFO -- : thrId: 1, 1, 0, n2.meraki.com, latency: 140.82 ms, ttl: 49, code: 0
I, [2019-01-17T18:18:08.224073 #67067]  INFO -- : thrId: 4, 4, 0, n5.meraki.com, latency: 139.751 ms, ttl: 49, code: 0
I, [2019-01-17T18:18:08.232216 #67067]  INFO -- : thrId: 7, 7, 0, n8.meraki.com, latency: 143.235 ms, ttl: 49, code: 0
I, [2019-01-17T18:18:08.236015 #67067]  INFO -- : thrId: 6, 6, 0, n7.meraki.com, latency: 143.169 ms, ttl: 49, code: 0
I, [2019-01-17T18:18:08.312676 #67067]  INFO -- : thrId: 8, 8, 0, n9.meraki.com, latency: 139.441 ms, ttl: 49, code: 0
I, [2019-01-17T18:18:09.166463 #67067]  INFO -- : thrId: 2, 2, 1, n3.meraki.com, latency: 25.788 ms, ttl: 49, code: 0
I, [2019-01-17T18:18:09.319083 #67067]  INFO -- : thrId: 5, 5, 1, n6.meraki.com, latency: 110.947 ms, ttl: 53, code: 0
I, [2019-01-17T18:18:09.351940 #67067]  INFO -- : thrId: 3, 3, 1, n4.meraki.com, latency: 138.343 ms, ttl: 49, code: 0
I, [2019-01-17T18:18:09.352090 #67067]  INFO -- : thrId: 0, 0, 1, n1.meraki.com, latency: 139.393 ms, ttl: 49, code: 0
I, [2019-01-17T18:18:09.361023 #67067]  INFO -- : thrId: 1, 1, 1, n2.meraki.com, latency: 139.147 ms, ttl: 49, code: 0
I, [2019-01-17T18:18:09.382119 #67067]  INFO -- : thrId: 4, 4, 1, n5.meraki.com, latency: 138.844 ms, ttl: 49, code: 0
I, [2019-01-17T18:18:09.388161 #67067]  INFO -- : thrId: 7, 7, 1, n8.meraki.com, latency: 140.021 ms, ttl: 49, code: 0
I, [2019-01-17T18:18:09.399566 #67067]  INFO -- : thrId: 6, 6, 1, n7.meraki.com, latency: 140.298 ms, ttl: 49, code: 0
I, [2019-01-17T18:18:09.466997 #67067]  INFO -- : thrId: 8, 8, 1, n9.meraki.com, latency: 139.498 ms, ttl: 49, code: 0
I, [2019-01-17T18:18:10.214329 #67067]  INFO -- : thrId: 2, 2, 2, n3.meraki.com, latency: 25.421 ms, ttl: 49, code: 0
I, [2019-01-17T18:18:10.449727 #67067]  INFO -- : thrId: 5, 5, 2, n6.meraki.com, latency: 110.646 ms, ttl: 53, code: 0
I, [2019-01-17T18:18:10.518337 #67067]  INFO -- : thrId: 3, 3, 2, n4.meraki.com, latency: 138.64 ms, ttl: 49, code: 0
I, [2019-01-17T18:18:10.519085 #67067]  INFO -- : thrId: 0, 0, 2, n1.meraki.com, latency: 139.056 ms, ttl: 49, code: 0
I, [2019-01-17T18:18:10.519237 #67067]  INFO -- : thrId: 1, 1, 2, n2.meraki.com, latency: 139.101 ms, ttl: 49, code: 0
I, [2019-01-17T18:18:10.533974 #67067]  INFO -- : thrId: 4, 4, 2, n5.meraki.com, latency: 138.656 ms, ttl: 49, code: 0
I, [2019-01-17T18:18:10.548773 #67067]  INFO -- : thrId: 7, 7, 2, n8.meraki.com, latency: 141.418 ms, ttl: 49, code: 0
I, [2019-01-17T18:18:10.564566 #67067]  INFO -- : thrId: 6, 6, 2, n7.meraki.com, latency: 141.29 ms, ttl: 49, code: 0
I, [2019-01-17T18:18:10.626067 #67067]  INFO -- : thrId: 8, 8, 2, n9.meraki.com, latency: 137.728 ms, ttl: 49, code: 0
I, [2019-01-17T18:18:11.264196 #67067]  INFO -- : thrId: 2, 2, 3, n3.meraki.com, latency: 25.677 ms, ttl: 49, code: 0
I, [2019-01-17T18:18:11.585985 #67067]  INFO -- : thrId: 5, 5, 3, n6.meraki.com, latency: 111.588 ms, ttl: 53, code: 0
I, [2019-01-17T18:18:11.690544 #67067]  INFO -- : thrId: 0, 0, 3, n1.meraki.com, latency: 140.75 ms, ttl: 49, code: 0
I, [2019-01-17T18:18:11.692886 #67067]  INFO -- : thrId: 4, 4, 3, n5.meraki.com, latency: 137.056 ms, ttl: 49, code: 0
I, [2019-01-17T18:18:11.694333 #67067]  INFO -- : thrId: 1, 1, 3, n2.meraki.com, latency: 138.463 ms, ttl: 49, code: 0
I, [2019-01-17T18:18:11.694569 #67067]  INFO -- : thrId: 3, 3, 3, n4.meraki.com, latency: 139.661 ms, ttl: 49, code: 0
I, [2019-01-17T18:18:11.715926 #67067]  INFO -- : thrId: 7, 7, 3, n8.meraki.com, latency: 139.345 ms, ttl: 49, code: 0
I, [2019-01-17T18:18:11.723721 #67067]  INFO -- : thrId: 6, 6, 3, n7.meraki.com, latency: 140.957 ms, ttl: 49, code: 0
I, [2019-01-17T18:18:11.787254 #67067]  INFO -- : thrId: 8, 8, 3, n9.meraki.com, latency: 139.234 ms, ttl: 49, code: 0
I, [2019-01-17T18:18:12.320468 #67067]  INFO -- : thrId: 2, 2, 4, n3.meraki.com, latency: 27.492 ms, ttl: 49, code: 0
I, [2019-01-17T18:18:12.728096 #67067]  INFO -- : thrId: 5, 5, 4, n6.meraki.com, latency: 111.397 ms, ttl: 53, code: 0
I, [2019-01-17T18:18:12.862428 #67067]  INFO -- : thrId: 4, 4, 4, n5.meraki.com, latency: 140.551 ms, ttl: 49, code: 0
I, [2019-01-17T18:18:12.869404 #67067]  INFO -- : thrId: 1, 1, 4, n2.meraki.com, latency: 138.172 ms, ttl: 49, code: 0
I, [2019-01-17T18:18:12.875603 #67067]  INFO -- : thrId: 0, 0, 4, n1.meraki.com, latency: 141.376 ms, ttl: 49, code: 0
I, [2019-01-17T18:18:12.876023 #67067]  INFO -- : thrId: 3, 3, 4, n4.meraki.com, latency: 138.115 ms, ttl: 49, code: 0
I, [2019-01-17T18:18:12.881880 #67067]  INFO -- : thrId: 7, 7, 4, n8.meraki.com, latency: 139.367 ms, ttl: 49, code: 0
I, [2019-01-17T18:18:12.887036 #67067]  INFO -- : thrId: 6, 6, 4, n7.meraki.com, latency: 139.479 ms, ttl: 49, code: 0
I, [2019-01-17T18:18:12.949473 #67067]  INFO -- : thrId: 8, 8, 4, n9.meraki.com, latency: 138.791 ms, ttl: 49, code: 0
I, [2019-01-17T18:18:13.369307 #67067]  INFO -- : thrId: 2, 2, 5, n3.meraki.com, latency: 26.087 ms, ttl: 49, code: 0
I, [2019-01-17T18:18:13.860004 #67067]  INFO -- : thrId: 5, 5, 5, n6.meraki.com, latency: 111.574 ms, ttl: 53, code: 0
I, [2019-01-17T18:18:14.030551 #67067]  INFO -- : thrId: 4, 4, 5, n5.meraki.com, latency: 139.567 ms, ttl: 49, code: 0
I, [2019-01-17T18:18:14.036831 #67067]  INFO -- : thrId: 1, 1, 5, n2.meraki.com, latency: 139.081 ms, ttl: 49, code: 0
I, [2019-01-17T18:18:14.039062 #67067]  INFO -- : thrId: 0, 0, 5, n1.meraki.com, latency: 139.081 ms, ttl: 49, code: 0
I, [2019-01-17T18:18:14.044403 #67067]  INFO -- : thrId: 6, 6, 5, n7.meraki.com, latency: 139.625 ms, ttl: 49, code: 0
I, [2019-01-17T18:18:14.045126 #67067]  INFO -- : thrId: 3, 3, 5, n4.meraki.com, latency: 138.708 ms, ttl: 49, code: 0
I, [2019-01-17T18:18:14.045319 #67067]  INFO -- : thrId: 7, 7, 5, n8.meraki.com, latency: 140.624 ms, ttl: 49, code: 0
I, [2019-01-17T18:18:46.389363 #67132]  INFO -- : Logger has started
I, [2019-01-17T18:18:46.389462 #67132]  INFO -- : instanceId: 0
I, [2019-01-17T18:18:46.389604 #67132]  INFO -- : I have 10 operations to do
I, [2019-01-17T18:18:46.389658 #67132]  INFO -- : tmpLogsDir: /Users/davide/Desktop/Code/RUBY/RCrawler/logs/
I, [2019-01-17T18:18:46.389690 #67132]  INFO -- : tmpAlertTemplateLocation: /Users/davide/Desktop/Code/RUBY/RCrawler/alerts/template1.txt
I, [2019-01-17T18:18:46.389741 #67132]  INFO -- : tmpEmailAddresses: dvdpnt16+alerts@gmail.com
I, [2019-01-17T18:18:46.389769 #67132]  INFO -- : tmpMaxPingsBeforeAlert: 10
I, [2019-01-17T18:18:46.389796 #67132]  INFO -- : tmpMaxHTTPBeforeAlert: 5
I, [2019-01-17T18:18:46.389823 #67132]  INFO -- : tmpOperationsPerInstance: 10
I, [2019-01-17T18:18:46.389851 #67132]  INFO -- : Doing operations from index 0 to 9
I, [2019-01-17T18:18:46.389909 #67132]  INFO -- : Connecting to InfluxDB at localhost
I, [2019-01-17T18:18:46.390088 #67132]  INFO -- : Creating DB RCrawler_devel
D, [2019-01-17T18:18:46.397377 #67132] DEBUG -- : thrId: 0, #<Alerter:0x007fba6800eae0 @emailAddresses="dvdpnt16+alerts@gmail.com", @maxPingsBeforeAlert="10", @maxHTTPBeforeAlert="5", @sendAlerts=false, @alertTemplatelocation="/Users/davide/Desktop/Code/RUBY/RCrawler/alerts/template1.txt", @alertTemplate="\noperation: <op>\ndestination: <dest>\nfailuresInARow: <fails>\nstartEpoch: <sEpoch>\nstartDate: <sDate>\n\n\nRCrawler\n">, #<Logger:0x007fba6800e5e0 @progname=nil, @level=0, @default_formatter=#<Logger::Formatter:0x007fba6800e5b8 @datetime_format=nil>, @formatter=nil, @logdev=#<Logger::LogDevice:0x007fba6800e540 @shift_size=1048576, @shift_age=10, @filename="/Users/davide/Desktop/Code/RUBY/RCrawler/logs/0/hehe.log", @dev=#<File:/Users/davide/Desktop/Code/RUBY/RCrawler/logs/0/hehe.log>, @mon_owner=nil, @mon_count=0, @mon_mutex=#<Thread::Mutex:0x007fba6800e4f0>>>
D, [2019-01-17T18:18:46.397551 #67132] DEBUG -- : thrId: 1, #<Alerter:0x007fba6800eae0 @emailAddresses="dvdpnt16+alerts@gmail.com", @maxPingsBeforeAlert="10", @maxHTTPBeforeAlert="5", @sendAlerts=false, @alertTemplatelocation="/Users/davide/Desktop/Code/RUBY/RCrawler/alerts/template1.txt", @alertTemplate="\noperation: <op>\ndestination: <dest>\nfailuresInARow: <fails>\nstartEpoch: <sEpoch>\nstartDate: <sDate>\n\n\nRCrawler\n">, #<Logger:0x007fba6800e5e0 @progname=nil, @level=0, @default_formatter=#<Logger::Formatter:0x007fba6800e5b8 @datetime_format=nil>, @formatter=nil, @logdev=#<Logger::LogDevice:0x007fba6800e540 @shift_size=1048576, @shift_age=10, @filename="/Users/davide/Desktop/Code/RUBY/RCrawler/logs/0/hehe.log", @dev=#<File:/Users/davide/Desktop/Code/RUBY/RCrawler/logs/0/hehe.log>, @mon_owner=nil, @mon_count=0, @mon_mutex=#<Thread::Mutex:0x007fba6800e4f0>>>
D, [2019-01-17T18:18:46.400593 #67132] DEBUG -- : thrId: 2, #<Alerter:0x007fba6800eae0 @emailAddresses="dvdpnt16+alerts@gmail.com", @maxPingsBeforeAlert="10", @maxHTTPBeforeAlert="5", @sendAlerts=false, @alertTemplatelocation="/Users/davide/Desktop/Code/RUBY/RCrawler/alerts/template1.txt", @alertTemplate="\noperation: <op>\ndestination: <dest>\nfailuresInARow: <fails>\nstartEpoch: <sEpoch>\nstartDate: <sDate>\n\n\nRCrawler\n">, #<Logger:0x007fba6800e5e0 @progname=nil, @level=0, @default_formatter=#<Logger::Formatter:0x007fba6800e5b8 @datetime_format=nil>, @formatter=nil, @logdev=#<Logger::LogDevice:0x007fba6800e540 @shift_size=1048576, @shift_age=10, @filename="/Users/davide/Desktop/Code/RUBY/RCrawler/logs/0/hehe.log", @dev=#<File:/Users/davide/Desktop/Code/RUBY/RCrawler/logs/0/hehe.log>, @mon_owner=nil, @mon_count=0, @mon_mutex=#<Thread::Mutex:0x007fba6800e4f0>>>
D, [2019-01-17T18:18:46.404063 #67132] DEBUG -- : thrId: 3, #<Alerter:0x007fba6800eae0 @emailAddresses="dvdpnt16+alerts@gmail.com", @maxPingsBeforeAlert="10", @maxHTTPBeforeAlert="5", @sendAlerts=false, @alertTemplatelocation="/Users/davide/Desktop/Code/RUBY/RCrawler/alerts/template1.txt", @alertTemplate="\noperation: <op>\ndestination: <dest>\nfailuresInARow: <fails>\nstartEpoch: <sEpoch>\nstartDate: <sDate>\n\n\nRCrawler\n">, #<Logger:0x007fba6800e5e0 @progname=nil, @level=0, @default_formatter=#<Logger::Formatter:0x007fba6800e5b8 @datetime_format=nil>, @formatter=nil, @logdev=#<Logger::LogDevice:0x007fba6800e540 @shift_size=1048576, @shift_age=10, @filename="/Users/davide/Desktop/Code/RUBY/RCrawler/logs/0/hehe.log", @dev=#<File:/Users/davide/Desktop/Code/RUBY/RCrawler/logs/0/hehe.log>, @mon_owner=nil, @mon_count=0, @mon_mutex=#<Thread::Mutex:0x007fba6800e4f0>>>
D, [2019-01-17T18:18:46.404596 #67132] DEBUG -- : thrId: 4, #<Alerter:0x007fba6800eae0 @emailAddresses="dvdpnt16+alerts@gmail.com", @maxPingsBeforeAlert="10", @maxHTTPBeforeAlert="5", @sendAlerts=false, @alertTemplatelocation="/Users/davide/Desktop/Code/RUBY/RCrawler/alerts/template1.txt", @alertTemplate="\noperation: <op>\ndestination: <dest>\nfailuresInARow: <fails>\nstartEpoch: <sEpoch>\nstartDate: <sDate>\n\n\nRCrawler\n">, #<Logger:0x007fba6800e5e0 @progname=nil, @level=0, @default_formatter=#<Logger::Formatter:0x007fba6800e5b8 @datetime_format=nil>, @formatter=nil, @logdev=#<Logger::LogDevice:0x007fba6800e540 @shift_size=1048576, @shift_age=10, @filename="/Users/davide/Desktop/Code/RUBY/RCrawler/logs/0/hehe.log", @dev=#<File:/Users/davide/Desktop/Code/RUBY/RCrawler/logs/0/hehe.log>, @mon_owner=nil, @mon_count=0, @mon_mutex=#<Thread::Mutex:0x007fba6800e4f0>>>
D, [2019-01-17T18:18:46.411413 #67132] DEBUG -- : thrId: 5, #<Alerter:0x007fba6800eae0 @emailAddresses="dvdpnt16+alerts@gmail.com", @maxPingsBeforeAlert="10", @maxHTTPBeforeAlert="5", @sendAlerts=false, @alertTemplatelocation="/Users/davide/Desktop/Code/RUBY/RCrawler/alerts/template1.txt", @alertTemplate="\noperation: <op>\ndestination: <dest>\nfailuresInARow: <fails>\nstartEpoch: <sEpoch>\nstartDate: <sDate>\n\n\nRCrawler\n">, #<Logger:0x007fba6800e5e0 @progname=nil, @level=0, @default_formatter=#<Logger::Formatter:0x007fba6800e5b8 @datetime_format=nil>, @formatter=nil, @logdev=#<Logger::LogDevice:0x007fba6800e540 @shift_size=1048576, @shift_age=10, @filename="/Users/davide/Desktop/Code/RUBY/RCrawler/logs/0/hehe.log", @dev=#<File:/Users/davide/Desktop/Code/RUBY/RCrawler/logs/0/hehe.log>, @mon_owner=nil, @mon_count=0, @mon_mutex=#<Thread::Mutex:0x007fba6800e4f0>>>
D, [2019-01-17T18:18:46.415548 #67132] DEBUG -- : thrId: 6, #<Alerter:0x007fba6800eae0 @emailAddresses="dvdpnt16+alerts@gmail.com", @maxPingsBeforeAlert="10", @maxHTTPBeforeAlert="5", @sendAlerts=false, @alertTemplatelocation="/Users/davide/Desktop/Code/RUBY/RCrawler/alerts/template1.txt", @alertTemplate="\noperation: <op>\ndestination: <dest>\nfailuresInARow: <fails>\nstartEpoch: <sEpoch>\nstartDate: <sDate>\n\n\nRCrawler\n">, #<Logger:0x007fba6800e5e0 @progname=nil, @level=0, @default_formatter=#<Logger::Formatter:0x007fba6800e5b8 @datetime_format=nil>, @formatter=nil, @logdev=#<Logger::LogDevice:0x007fba6800e540 @shift_size=1048576, @shift_age=10, @filename="/Users/davide/Desktop/Code/RUBY/RCrawler/logs/0/hehe.log", @dev=#<File:/Users/davide/Desktop/Code/RUBY/RCrawler/logs/0/hehe.log>, @mon_owner=nil, @mon_count=0, @mon_mutex=#<Thread::Mutex:0x007fba6800e4f0>>>
D, [2019-01-17T18:18:46.418934 #67132] DEBUG -- : thrId: 7, #<Alerter:0x007fba6800eae0 @emailAddresses="dvdpnt16+alerts@gmail.com", @maxPingsBeforeAlert="10", @maxHTTPBeforeAlert="5", @sendAlerts=false, @alertTemplatelocation="/Users/davide/Desktop/Code/RUBY/RCrawler/alerts/template1.txt", @alertTemplate="\noperation: <op>\ndestination: <dest>\nfailuresInARow: <fails>\nstartEpoch: <sEpoch>\nstartDate: <sDate>\n\n\nRCrawler\n">, #<Logger:0x007fba6800e5e0 @progname=nil, @level=0, @default_formatter=#<Logger::Formatter:0x007fba6800e5b8 @datetime_format=nil>, @formatter=nil, @logdev=#<Logger::LogDevice:0x007fba6800e540 @shift_size=1048576, @shift_age=10, @filename="/Users/davide/Desktop/Code/RUBY/RCrawler/logs/0/hehe.log", @dev=#<File:/Users/davide/Desktop/Code/RUBY/RCrawler/logs/0/hehe.log>, @mon_owner=nil, @mon_count=0, @mon_mutex=#<Thread::Mutex:0x007fba6800e4f0>>>
D, [2019-01-17T18:18:46.428051 #67132] DEBUG -- : thrId: 8, #<Alerter:0x007fba6800eae0 @emailAddresses="dvdpnt16+alerts@gmail.com", @maxPingsBeforeAlert="10", @maxHTTPBeforeAlert="5", @sendAlerts=false, @alertTemplatelocation="/Users/davide/Desktop/Code/RUBY/RCrawler/alerts/template1.txt", @alertTemplate="\noperation: <op>\ndestination: <dest>\nfailuresInARow: <fails>\nstartEpoch: <sEpoch>\nstartDate: <sDate>\n\n\nRCrawler\n">, #<Logger:0x007fba6800e5e0 @progname=nil, @level=0, @default_formatter=#<Logger::Formatter:0x007fba6800e5b8 @datetime_format=nil>, @formatter=nil, @logdev=#<Logger::LogDevice:0x007fba6800e540 @shift_size=1048576, @shift_age=10, @filename="/Users/davide/Desktop/Code/RUBY/RCrawler/logs/0/hehe.log", @dev=#<File:/Users/davide/Desktop/Code/RUBY/RCrawler/logs/0/hehe.log>, @mon_owner=nil, @mon_count=0, @mon_mutex=#<Thread::Mutex:0x007fba6800e4f0>>>
D, [2019-01-17T18:18:46.428438 #67132] DEBUG -- : thrId: 9, #<Alerter:0x007fba6800eae0 @emailAddresses="dvdpnt16+alerts@gmail.com", @maxPingsBeforeAlert="10", @maxHTTPBeforeAlert="5", @sendAlerts=false, @alertTemplatelocation="/Users/davide/Desktop/Code/RUBY/RCrawler/alerts/template1.txt", @alertTemplate="\noperation: <op>\ndestination: <dest>\nfailuresInARow: <fails>\nstartEpoch: <sEpoch>\nstartDate: <sDate>\n\n\nRCrawler\n">, #<Logger:0x007fba6800e5e0 @progname=nil, @level=0, @default_formatter=#<Logger::Formatter:0x007fba6800e5b8 @datetime_format=nil>, @formatter=nil, @logdev=#<Logger::LogDevice:0x007fba6800e540 @shift_size=1048576, @shift_age=10, @filename="/Users/davide/Desktop/Code/RUBY/RCrawler/logs/0/hehe.log", @dev=#<File:/Users/davide/Desktop/Code/RUBY/RCrawler/logs/0/hehe.log>, @mon_owner=nil, @mon_count=0, @mon_mutex=#<Thread::Mutex:0x007fba6800e4f0>>>
I, [2019-01-17T18:18:46.428617 #67132]  INFO -- : Starting 10 threads...
I, [2019-01-17T18:18:46.448305 #67132]  INFO -- : thrId: 2, 2, 0, n3.meraki.com, latency: 22.964 ms, ttl: 49, code: 0
I, [2019-01-17T18:18:46.560523 #67132]  INFO -- : thrId: 1, 1, 0, n2.meraki.com, latency: 140.315 ms, ttl: 49, code: 0
I, [2019-01-17T18:18:46.564799 #67132]  INFO -- : thrId: 5, 5, 0, n6.meraki.com, latency: 109.021 ms, ttl: 53, code: 0
I, [2019-01-17T18:18:46.573817 #67132]  INFO -- : thrId: 0, 0, 0, n1.meraki.com, latency: 140.647 ms, ttl: 49, code: 0
I, [2019-01-17T18:18:46.574003 #67132]  INFO -- : thrId: 4, 4, 0, n5.meraki.com, latency: 140.224 ms, ttl: 49, code: 0
I, [2019-01-17T18:18:46.586819 #67132]  INFO -- : thrId: 6, 6, 0, n7.meraki.com, latency: 141.879 ms, ttl: 49, code: 0
I, [2019-01-17T18:18:46.593156 #67132]  INFO -- : thrId: 7, 7, 0, n8.meraki.com, latency: 139.982 ms, ttl: 49, code: 0
I, [2019-01-17T18:18:46.593295 #67132]  INFO -- : thrId: 8, 8, 0, n9.meraki.com, latency: 138.011 ms, ttl: 49, code: 0
I, [2019-01-17T18:18:46.597168 #67132]  INFO -- : thrId: 3, 3, 0, n4.meraki.com, latency: 139.446 ms, ttl: 49, code: 0
I, [2019-01-17T18:18:46.597264 #67132]  INFO -- : thrId: 9, 9, 0, n10.meraki.com, latency: 108.891 ms, ttl: 53, code: 0
I, [2019-01-17T18:18:47.499342 #67132]  INFO -- : thrId: 2, 2, 1, n3.meraki.com, latency: 25.346 ms, ttl: 49, code: 0
I, [2019-01-17T18:18:47.702333 #67132]  INFO -- : thrId: 5, 5, 1, n6.meraki.com, latency: 111.221 ms, ttl: 53, code: 0
I, [2019-01-17T18:18:47.726643 #67132]  INFO -- : thrId: 9, 9, 1, n10.meraki.com, latency: 109.635 ms, ttl: 53, code: 0
I, [2019-01-17T18:18:47.727078 #67132]  INFO -- : thrId: 1, 1, 1, n2.meraki.com, latency: 139.825 ms, ttl: 49, code: 0
I, [2019-01-17T18:18:47.739090 #67132]  INFO -- : thrId: 6, 6, 1, n7.meraki.com, latency: 139.003 ms, ttl: 49, code: 0
I, [2019-01-17T18:18:47.739267 #67132]  INFO -- : thrId: 4, 4, 1, n5.meraki.com, latency: 138.009 ms, ttl: 49, code: 0
I, [2019-01-17T18:18:47.739332 #67132]  INFO -- : thrId: 0, 0, 1, n1.meraki.com, latency: 139.002 ms, ttl: 49, code: 0
I, [2019-01-17T18:18:47.751130 #67132]  INFO -- : thrId: 8, 8, 1, n9.meraki.com, latency: 139.268 ms, ttl: 49, code: 0
I, [2019-01-17T18:18:47.751663 #67132]  INFO -- : thrId: 7, 7, 1, n8.meraki.com, latency: 140.401 ms, ttl: 49, code: 0
I, [2019-01-17T18:18:47.756506 #67132]  INFO -- : thrId: 3, 3, 1, n4.meraki.com, latency: 140.777 ms, ttl: 49, code: 0
I, [2019-01-17T18:18:48.552158 #67132]  INFO -- : thrId: 2, 2, 2, n3.meraki.com, latency: 28.197 ms, ttl: 49, code: 0
I, [2019-01-17T18:18:48.832890 #67132]  INFO -- : thrId: 5, 5, 2, n6.meraki.com, latency: 111.076 ms, ttl: 53, code: 0
I, [2019-01-17T18:18:48.865044 #67132]  INFO -- : thrId: 9, 9, 2, n10.meraki.com, latency: 109.45 ms, ttl: 53, code: 0
I, [2019-01-17T18:18:48.893858 #67132]  INFO -- : thrId: 1, 1, 2, n2.meraki.com, latency: 138.518 ms, ttl: 49, code: 0
I, [2019-01-17T18:18:48.913655 #67132]  INFO -- : thrId: 0, 0, 2, n1.meraki.com, latency: 141.252 ms, ttl: 49, code: 0
I, [2019-01-17T18:18:48.915789 #67132]  INFO -- : thrId: 4, 4, 2, n5.meraki.com, latency: 139.308 ms, ttl: 49, code: 0
I, [2019-01-17T18:18:48.916451 #67132]  INFO -- : thrId: 6, 6, 2, n7.meraki.com, latency: 142.565 ms, ttl: 49, code: 0
I, [2019-01-17T18:18:48.916519 #67132]  INFO -- : thrId: 3, 3, 2, n4.meraki.com, latency: 138.965 ms, ttl: 49, code: 0
I, [2019-01-17T18:18:48.916589 #67132]  INFO -- : thrId: 8, 8, 2, n9.meraki.com, latency: 137.276 ms, ttl: 49, code: 0
I, [2019-01-17T18:18:48.919257 #67132]  INFO -- : thrId: 7, 7, 2, n8.meraki.com, latency: 140.257 ms, ttl: 49, code: 0
I, [2019-01-17T18:18:49.602704 #67132]  INFO -- : thrId: 2, 2, 3, n3.meraki.com, latency: 24.951 ms, ttl: 49, code: 0
I, [2019-01-17T18:18:49.968617 #67132]  INFO -- : thrId: 5, 5, 3, n6.meraki.com, latency: 111.103 ms, ttl: 53, code: 0
I, [2019-01-17T18:18:49.997914 #67132]  INFO -- : thrId: 9, 9, 3, n10.meraki.com, latency: 112.452 ms, ttl: 53, code: 0
I, [2019-01-17T18:18:50.059371 #67132]  INFO -- : thrId: 1, 1, 3, n2.meraki.com, latency: 140.667 ms, ttl: 49, code: 0
I, [2019-01-17T18:18:50.081943 #67132]  INFO -- : thrId: 6, 6, 3, n7.meraki.com, latency: 140.815 ms, ttl: 49, code: 0
I, [2019-01-17T18:18:50.085995 #67132]  INFO -- : thrId: 8, 8, 3, n9.meraki.com, latency: 138.712 ms, ttl: 49, code: 0
I, [2019-01-17T18:18:50.087828 #67132]  INFO -- : thrId: 3, 3, 3, n4.meraki.com, latency: 139.343 ms, ttl: 49, code: 0
I, [2019-01-17T18:18:50.093316 #67132]  INFO -- : thrId: 7, 7, 3, n8.meraki.com, latency: 139.909 ms, ttl: 49, code: 0
I, [2019-01-17T18:18:50.093480 #67132]  INFO -- : thrId: 4, 4, 3, n5.meraki.com, latency: 138.029 ms, ttl: 49, code: 0
I, [2019-01-17T18:18:50.096589 #67132]  INFO -- : thrId: 0, 0, 3, n1.meraki.com, latency: 138.961 ms, ttl: 49, code: 0
