# n211.meraki.com
# Started at: 2018-06-01T13:44:43+01:00
# duration(ms)\tepoch(ms)
146.873	1527857083660
147.546	1527857088826
145.298	1527857093986
147.613	1527857099148
146.434	1527857104307
146.182	1527857109465
145.395	1527857114624
145.295	1527857119785
145.064	1527857124944
145.636	1527857130105
146.383	1527857135265
145.574	1527857140424
145.038	1527857145583
146.295	1527857150805
147.300	1527857155967
146.983	1527857161125
145.832	1527857166289
145.502	1527857171466
145.286	1527857176624
145.527	1527857181785
147.484	1527857186946
147.415	1527857192107
146.965	1527857197270
146.297	1527857202430
145.464	1527857207591
145.780	1527857212750
146.340	1527857217911
160.656	1527857223083
147.035	1527857228243
145.591	1527857233398
145.529	1527857238559
145.169	1527857243720
145.448	1527857248903
145.630	1527857254068
146.140	1527857259232
145.531	1527857264389
147.099	1527857269550
145.884	1527857274709
146.183	1527857279869
151.307	1527857285034
145.478	1527857290193
145.984	1527857295353
146.047	1527857300512
145.968	1527857305675
159.867	1527857310849
145.986	1527857316007
144.759	1527857321164
145.599	1527857326438
148.868	1527857331603
145.092	1527857336760
145.460	1527857341920
146.959	1527857347082
146.103	1527857352244
208.437	1527857357469
208.770	1527857362693
149.583	1527857367857
146.711	1527857373020
146.730	1527857378180
146.420	1527857383340
147.292	1527857388500
147.177	1527857393660
166.014	1527857398838
145.541	1527857404018
149.786	1527857409181
145.704	1527857414340
146.177	1527857419507
146.162	1527857424667
146.230	1527857429833
146.350	1527857434997
147.156	1527857440157
145.144	1527857445316
145.598	1527857450476
187.281	1527857455675
146.931	1527857460837
166.437	1527857466013
145.621	1527857471170
146.413	1527857476325
145.362	1527857481521
145.986	1527857486683
145.907	1527857491844
146.237	1527857497003
146.532	1527857502158
212.529	1527857507385
146.972	1527857512547
146.968	1527857517706
145.429	1527857522864
147.524	1527857528023
145.134	1527857533180
145.009	1527857538333
146.560	1527857543494
146.406	1527857548654
146.775	1527857553815
147.354	1527857558991
146.109	1527857564152
145.794	1527857569311
146.524	1527857574471
146.632	1527857579631
147.462	1527857584793
146.313	1527857589955
146.836	1527857595116
146.649	1527857600274
147.124	1527857605435
146.280	1527857610595
147.201	1527857615758
170.439	1527857620945
206.442	1527857626163
145.941	1527857631441
145.514	1527857636602
146.861	1527857641763
145.749	1527857646938
146.919	1527857652100
147.816	1527857657264
146.419	1527857662425
144.950	1527857667586
149.900	1527857672749
168.866	1527857677933
145.828	1527857683093
145.118	1527857688275
147.850	1527857693439
148.774	1527857698599
146.440	1527857703761
145.452	1527857708921
146.151	1527857714081
151.334	1527857719249
146.892	1527857724409
146.310	1527857729564
146.496	1527857734727
149.778	1527857739891
146.432	1527857745049
146.941	1527857750210
148.874	1527857755373
146.183	1527857760533
146.538	1527857765717
146.021	1527857770874
145.869	1527857776032
146.031	1527857781190
145.173	1527857786347
145.901	1527857791508
145.655	1527857796674
144.948	1527857801835
154.411	1527857807006
146.869	1527857812174
145.609	1527857817332
146.552	1527857822496
145.775	1527857827657
144.799	1527857832817
147.483	1527857837977
147.940	1527857843161
149.146	1527857848330
248.178	1527857853591
146.457	1527857858813
145.806	1527857863975
145.351	1527857869133
146.810	1527857874294
148.028	1527857879457
151.099	1527857884620
146.824	1527857889786
146.863	1527857894946
145.524	1527857900104
145.899	1527857905265
145.855	1527857910426
146.267	1527857915584
145.956	1527857920752
146.364	1527857925911
145.876	1527857931077
146.325	1527857936258
156.680	1527857941430
145.709	1527857946598
147.569	1527857951764
146.619	1527857956931
146.967	1527857962097
148.258	1527857967261
146.937	1527857972422
148.019	1527857977582
146.468	1527857982750
146.106	1527857987910
147.337	1527857993071
145.583	1527857998231
150.733	1527858003395
145.243	1527858008552
145.697	1527858013732
217.275	1527858018964
145.508	1527858024132
145.545	1527858029369
145.582	1527858034534
146.451	1527858039695
146.787	1527858044856
146.163	1527858050014
146.363	1527858055175
146.160	1527858060334
148.117	1527858065499
146.332	1527858070665
149.496	1527858075831
146.436	1527858080996
145.350	1527858086156
198.746	1527858091368
146.480	1527858096529
158.409	1527858101701
148.014	1527858106878
150.634	1527858112041
145.839	1527858117208
146.214	1527858122376
146.852	1527858127535
181.778	1527858132739
146.631	1527858137901
148.785	1527858143063
149.161	1527858148229
147.116	1527858153393
146.980	1527858158577
145.776	1527858163740
147.755	1527858168910
147.795	1527858174079
146.775	1527858179245
148.297	1527858184405
146.562	1527858189568
151.422	1527858194727
146.744	1527858199895
222.138	1527858205136
146.520	1527858210298
269.311	1527858215579
152.438	1527858220750
153.429	1527858225916
146.736	1527858231080
147.531	1527858236286
148.087	1527858241455
162.003	1527858246639
151.847	1527858251806
152.896	1527858256973
149.009	1527858262135
147.906	1527858267299
152.255	1527858272464
152.432	1527858277625
193.720	1527858282831
159.391	1527858288001
147.298	1527858293166
146.536	1527858298326
150.133	1527858303490
153.189	1527858308660
152.372	1527858313849
157.340	1527858319028
152.634	1527858324196
147.498	1527858329357
148.413	1527858334524
148.508	1527858339684
149.115	1527858344850
145.989	1527858350007
149.048	1527858355168
146.797	1527858360328
154.669	1527858365495
148.048	1527858370679
152.840	1527858375848
149.438	1527858381019
146.327	1527858386174
147.960	1527858391340
148.098	1527858396500
147.147	1527858401660
146.757	1527858406828
151.389	1527858411991
156.607	1527858417160
147.089	1527858422328
151.948	1527858427492
152.582	1527858432664
148.075	1527858437831
146.482	1527858442990
155.203	1527858448283
162.360	1527858453464
149.335	1527858458635
146.544	1527858463797
146.481	1527858468957
146.931	1527858474126
148.377	1527858479296
160.513	1527858484478
150.990	1527858489641
152.981	1527858494816
147.566	1527858499984
155.389	1527858505154
149.190	1527858510321
147.130	1527858515483
147.249	1527858520651
146.319	1527858525935
151.768	1527858531100
149.661	1527858536271
146.664	1527858541434
147.915	1527858546595
148.366	1527858551761
158.527	1527858556937
146.179	1527858562095
169.391	1527858567278
146.326	1527858572449
145.831	1527858577616
157.603	1527858582787
145.794	1527858587947
149.671	1527858593118
152.389	1527858598284
174.083	1527858603493
151.370	1527858608656
146.776	1527858613818
172.052	1527858619003
166.758	1527858624186
150.081	1527858629352
149.577	1527858634523
148.511	1527858639694
148.116	1527858644859
179.482	1527858650050
148.705	1527858655214
147.168	1527858660379
145.466	1527858665542
147.078	1527858670710
145.795	1527858675868
145.282	1527858681044
146.985	1527858686201
145.782	1527858691368
146.423	1527858696532
145.451	1527858701699
147.405	1527858706860
146.622	1527858712023
146.770	1527858717189
146.392	1527858722357
146.108	1527858727523
147.314	1527858732692
145.672	1527858737856
145.806	1527858743026
145.010	1527858748205
145.667	1527858753375
145.720	1527858758539
145.228	1527858763707
145.617	1527858768867
145.328	1527858774033
145.377	1527858779201
195.080	1527858784418
146.778	1527858789586
146.460	1527858794746
147.021	1527858799930
146.335	1527858805089
147.232	1527858810251
145.979	1527858815419
146.548	1527858820586
146.049	1527858825746
148.944	1527858830907
145.940	1527858836065
145.612	1527858841225
146.264	1527858846386
186.399	1527858851591
145.351	1527858856758
145.806	1527858861913
146.419	1527858867081
145.453	1527858872243
144.727	1527858877436
144.264	1527858882597
145.365	1527858887762
145.244	1527858892928
153.958	1527858898104
146.076	1527858903272
145.474	1527858908432
145.705	1527858913599
145.969	1527858918758
145.857	1527858923919
145.220	1527858929077
145.833	1527858934237
145.562	1527858939400
146.570	1527858944558
146.593	1527858949726
145.934	1527858954905
215.952	1527858960136
146.921	1527858965305
146.353	1527858970473
147.361	1527858975635
146.949	1527858980803
146.332	1527858985965
147.105	1527858991134
147.502	1527858996297
149.982	1527859001459
148.530	1527859006627
145.082	1527859011787
145.966	1527859016947
147.556	1527859022116
146.878	1527859027279
146.341	1527859032462
146.221	1527859037622
146.645	1527859042790
146.776	1527859047959
147.141	1527859053126
146.512	1527859058291
154.995	1527859063460
153.048	1527859068629
145.612	1527859073788
146.001	1527859078949
147.372	1527859084107
146.007	1527859089267
194.832	1527859094483
151.718	1527859099652
145.879	1527859104811
147.531	1527859109996
146.031	1527859115154
145.412	1527859120311
148.224	1527859125497
153.355	1527859130664
145.921	1527859135823
146.595	1527859140983
147.586	1527859146143
147.265	1527859151312
146.162	1527859156474
145.897	1527859161634
145.844	1527859166794
147.121	1527859171954
145.481	1527859177113
153.585	1527859182280
148.424	1527859187448
151.489	1527859192621
145.864	1527859197782
148.092	1527859202970
145.868	1527859208131
146.058	1527859213288
146.595	1527859218457
147.278	1527859223618
146.354	1527859228777
149.544	1527859233948
144.974	1527859239114
146.802	1527859244282
145.618	1527859249446
	1527859260480
146.250	1527859265639
147.985	1527859270809
148.194	1527859275973
147.866	1527859281157
149.769	1527859286324
146.477	1527859291492
145.611	1527859296650
146.489	1527859301819
145.594	1527859306986
145.172	1527859312153
146.405	1527859317314
200.510	1527859322528
206.388	1527859327752
145.773	1527859332909
145.873	1527859338069
145.568	1527859343229
148.076	1527859348392
146.185	1527859353555
144.856	1527859358738
146.266	1527859363906
145.918	1527859369064
150.081	1527859374228
148.633	1527859379392
146.134	1527859384554
146.080	1527859389720
145.871	1527859394880
146.157	1527859400046
149.251	1527859405212
149.301	1527859410375
145.724	1527859415542
146.005	1527859420700
145.692	1527859425867
145.226	1527859431034
147.964	1527859436308
145.694	1527859441465
145.966	1527859446632
146.330	1527859451800
146.434	1527859456968
144.990	1527859462132
146.257	1527859467291
146.443	1527859472461
145.597	1527859477633
147.115	1527859482802
147.132	1527859487971
147.133	1527859493134
145.943	1527859498301
145.933	1527859503465
150.791	1527859508629
145.515	1527859513839
145.591	1527859519006
146.483	1527859524170
196.354	1527859529382
148.216	1527859534552
145.765	1527859539716
145.668	1527859544878
145.980	1527859550042
146.966	1527859555208
149.798	1527859560379
144.848	1527859565539
145.833	1527859570706
145.269	1527859575865
146.846	1527859581027
150.033	1527859586190
145.222	1527859591384
156.737	1527859596557
146.039	1527859601718
146.785	1527859606879
146.957	1527859612045
146.976	1527859617204
145.112	1527859622368
147.218	1527859627533
145.983	1527859632700
146.223	1527859637869
145.132	1527859643026
145.524	1527859648193
145.174	1527859653350
147.603	1527859658512
148.107	1527859663675
144.261	1527859668854
145.511	1527859674014
145.168	1527859679174
146.109	1527859684342
145.076	1527859689508
145.147	1527859694674
147.520	1527859699839
144.396	1527859705011
146.073	1527859710179
153.530	1527859715347
144.571	1527859720505
144.660	1527859725665
145.035	1527859730825
146.846	1527859735994
146.690	1527859741152
145.054	1527859746310
144.586	1527859751477
145.210	1527859756659
144.916	1527859761826
145.187	1527859766985
144.203	1527859772144
145.789	1527859777302
144.825	1527859782469
145.393	1527859787636
144.516	1527859792795
146.611	1527859797957
145.270	1527859803115
145.557	1527859808279
144.583	1527859813445
146.357	1527859818604
145.424	1527859823768
145.425	1527859828934
150.555	1527859834134
145.381	1527859839294
144.710	1527859844453
144.518	1527859849619
144.538	1527859854778
144.794	1527859859945
161.983	1527859865122
145.283	1527859870288
146.681	1527859875456
205.264	1527859880673
145.312	1527859885834
145.127	1527859890997
146.624	1527859896166
146.836	1527859901334
146.868	1527859906495
146.308	1527859911673
146.338	1527859916840
147.436	1527859921999
146.348	1527859927185
145.984	1527859932354
145.938	1527859937522
145.281	1527859942689
146.484	1527859947858
145.707	1527859953025
145.986	1527859958193
147.264	1527859963361
146.139	1527859968524
145.863	1527859973683
146.162	1527859978847
157.800	1527859984021
145.661	1527859989187
154.994	1527859994354
145.775	1527859999512
145.665	1527860004685
145.780	1527860009843
146.063	1527860015010
145.947	1527860020194
145.781	1527860025352
146.178	1527860030517
146.335	1527860035685
146.592	1527860040853
146.164	1527860046015
146.810	1527860051175
145.611	1527860056341
145.892	1527860061500
146.240	1527860066665
145.481	1527860071827
145.099	1527860076994
147.865	1527860082160
145.801	1527860087320
144.999	1527860092487
144.719	1527860097668
146.363	1527860102826
146.341	1527860107994
146.170	1527860113161
145.348	1527860118323
145.544	1527860123483
145.436	1527860128643
146.261	1527860133811
146.092	1527860138975
147.228	1527860144137
145.392	1527860149295
149.540	1527860154466
144.785	1527860159627
150.079	1527860164797
154.390	1527860169971
145.583	1527860175152
146.362	1527860180313
145.648	1527860185471
145.153	1527860190637
145.357	1527860195804
146.192	1527860200960
144.906	1527860206118
145.537	1527860211278
145.986	1527860216438
145.751	1527860221605
144.900	1527860226772
145.415	1527860231934
145.906	1527860237094
145.271	1527860242248
147.267	1527860247408
145.358	1527860252588
145.817	1527860257745
145.935	1527860262905
146.552	1527860268092
146.812	1527860273256
148.192	1527860278426
150.586	1527860283597
145.862	1527860288764
213.809	1527860294000
145.205	1527860299161
144.730	1527860304322
145.150	1527860309484
144.575	1527860314641
145.643	1527860319809
145.363	1527860324970
146.375	1527860330129
146.219	1527860335291
184.812	1527860340488
145.426	1527860345672
178.775	1527860350865
146.192	1527860356025
145.826	1527860361185
145.606	1527860366347
155.645	1527860371517
145.691	1527860376678
147.479	1527860381838
144.836	1527860386994
146.010	1527860392157
144.885	1527860397317
147.119	1527860402480
145.210	1527860407637
145.137	1527860412795
146.059	1527860417954
146.239	1527860423137
146.405	1527860428296
145.294	1527860433454
147.938	1527860438619
150.549	1527860443786
146.612	1527860448947
145.673	1527860454109
146.002	1527860459272
146.444	1527860464432
144.798	1527860469590
230.424	1527860474836
147.450	1527860479997
146.593	1527860485160
146.069	1527860490318
146.353	1527860495479
145.904	1527860500674
145.562	1527860505836
146.196	1527860511000
147.577	1527860516160
145.391	1527860521318
145.100	1527860526497
288.228	1527860531800
145.358	1527860536958
164.979	1527860542140
146.358	1527860547303
145.635	1527860552464
147.080	1527860557628
145.608	1527860562785
147.006	1527860567946
145.483	1527860573108
146.169	1527860578297
146.924	1527860583459
146.342	1527860588619
145.244	1527860593776
145.643	1527860598936
145.393	1527860604099
146.008	1527860609258
146.565	1527860614419
145.885	1527860619577
146.833	1527860624742
145.395	1527860629904
146.290	1527860635064
147.654	1527860640224
147.678	1527860645381
161.291	1527860650555
145.381	1527860655729
145.200	1527860660891
145.066	1527860666055
185.838	1527860671258
146.736	1527860676421
146.229	1527860681586
148.230	1527860686754
149.847	1527860691920
145.638	1527860697077
147.446	1527860702251
146.089	1527860707412
146.389	1527860712569
145.459	1527860717745
187.073	1527860722945
147.639	1527860728106
147.759	1527860733269
145.487	1527860738430
145.886	1527860743588
146.522	1527860748745
146.080	1527860753904
156.935	1527860759074
145.722	1527860764235
144.890	1527860769391
146.102	1527860774574
146.162	1527860779733
145.652	1527860784895
147.444	1527860790061
148.431	1527860795224
145.234	1527860800383
147.168	1527860805544
148.041	1527860810709
150.971	1527860815873
145.864	1527860821033
145.424	1527860826193
146.341	1527860831355
146.963	1527860836518
145.351	1527860841680
148.679	1527860846842
145.608	1527860852026
145.286	1527860857189
145.167	1527860862347
150.671	1527860867514
145.728	1527860872677
158.121	1527860877850
145.683	1527860883013
145.629	1527860888176
145.100	1527860893338
145.014	1527860898496
147.506	1527860903659
145.256	1527860908821
145.933	1527860913983
145.431	1527860919139