# n1.me43raki.com
# Started at: 2018-06-03T13:24:02+01:00
# duration(ms)\tepoch(ms)
-1	1528028642975
-1	1528028643992
-1	1528028645067
-1	1528028646082
-1	1528028647096
-1	1528028648112
-1	1528028649128
-1	1528028650143
-1	1528028651159
-1	1528028652175
-1	1528028653190
-1	1528028654202
-1	1528028655215
-1	1528028656232
-1	1528028657247
-1	1528028658263
-1	1528028659279
-1	1528028660296
-1	1528028661310
-1	1528028662325
-1	1528028663337
-1	1528028664348
-1	1528028665361
-1	1528028666377
-1	1528028667392
-1	1528028668408
-1	1528028669421
-1	1528028670429
