# n9.meraki.com
# Started at: 2018-04-11T20:08:31+01:00
# duration(ms)\tepoch(ms)
163	1523473711646
144	1523473716823
143	1523473721993
162	1523473727204
145	1523473732378
145	1523473737567
145	1523473742740
143	1523473747910
156	1523473753105
145	1523473758276
145	1523473763462
150	1523473768641
144	1523473773836
153	1523473779043
145	1523473784221
145	1523473789407
144	1523473794586
145	1523473799760
145	1523473804931
145	1523473810107
145	1523473815300
145	1523473820472
144	1523473825648
145	1523473830820
145	1523473836010
158	1523473841208
143	1523473846379
145	1523473851574
144	1523473856746
145	1523473861916
163	1523473867145
144	1523473872315
144	1523473877491
146	1523473882668
144	1523473887852
163	1523473893069
145	1523473898262
155	1523473903470
144	1523473908644
145	1523473913831
161	1523473919056
150	1523473924238
145	1523473929417
145	1523473934911
144	1523473940083
145	1523473945264
145	1523473950435
145	1523473955910
145	1523473961122
144	1523473966296
145	1523473971476
156	1523473976676
146	1523473982010
146	1523473987184
144	1523473992361
145	1523473997539
154	1523474002737
146	1523474007917
145	1523474013095
145	1523474018281
146	1523474023483
157	1523474028713
145	1523474033893
146	1523474039073
145	1523474044251
145	1523474049425
161	1523474054631
145	1523474059810
159	1523474065020
145	1523474070199
146	1523474075376
159	1523474080577
146	1523474085769
145	1523474090941
145	1523474096112
146	1523474101286
159	1523474106487
145	1523474111660
146	1523474116838
148	1523474122018
144	1523474127198
158	1523474132401
145	1523474137580
154	1523474142802
145	1523474147990
146	1523474153168
157	1523474158365
144	1523474163538
144	1523474168705
146	1523474173876
144	1523474179051
144	1523474184221
146	1523474189392
144	1523474194583
144	1523474199754
146	1523474204928
146	1523474210116
144	1523474215289
145	1523474220476
144	1523474225648
144	1523474230834
144	1523474236006
145	1523474241191
159	1523474246558
144	1523474251734
146	1523474256912
154	1523474262106
144	1523474267282
144	1523474272457
145	1523474277639
237	1523474282910
145	1523474288083
146	1523474293266
145	1523474298445
144	1523474303623
146	1523474308811
158	1523474314020
144	1523474319197
144	1523474324385
146	1523474329578
147	1523474334752
160	1523474339960
145	1523474345138
145	1523474350334
146	1523474355510
145	1523474360688
148	1523474365882
145	1523474371070
145	1523474376267
146	1523474381449
144	1523474386626
145	1523474391829
149	1523474397013
145	1523474402208
145	1523474407385
145	1523474412566
147	1523474417761
145	1523474422944
145	1523474428152
145	1523474433336
146	1523474438517
157	1523474443750
146	1523474448923
145	1523474454117
145	1523474459293
145	1523474464481
152	1523474469677
145	1523474474856
145	1523474480039
145	1523474485211
148	1523474490388
145	1523474495573
145	1523474500749
146	1523474505964
145	1523474511139
144	1523474516315
145	1523474521486
145	1523474526659
149	1523474531858
144	1523474537029
145	1523474542201
145	1523474547377
145	1523474552551
159	1523474557751
146	1523474562930
144	1523474568121
145	1523474573299
146	1523474578479
145	1523474583682
144	1523474588867
145	1523474594043
144	1523474599220
144	1523474604403
155	1523474609620
146	1523474614798
144	1523474619979
144	1523474625151
147	1523474630356
160	1523474635577
144	1523474640752
145	1523474645932
144	1523474651109
146	1523474656284
162	1523474661509
153	1523474666696
145	1523474671873
145	1523474677367
145	1523474682540
145	1523474687712
145	1523474692994
146	1523474698172
163	1523474703417
144	1523474708596
145	1523474713779
145	1523474718952
144	1523474724137
163	1523474729364
146	1523474734540
146	1523474739716
144	1523474744905
146	1523474750084
157	1523474755323
146	1523474760501
146	1523474765693
145	1523474770874
146	1523474776058
162	1523474781290
146	1523474786470
146	1523474791649
145	1523474796828
144	1523474802001
160	1523474807227
144	1523474812418
145	1523474817610
146	1523474822785
145	1523474827958
162	1523474833196
145	1523474838373
145	1523474843545
145	1523474848724
144	1523474853901
144	1523474859082
146	1523474864259
146	1523474869440
145	1523474874620
145	1523474879799
163	1523474885023
145	1523474890197
145	1523474895376
145	1523474900563
145	1523474905742
152	1523474910937
145	1523474916112
145	1523474926147
144	1523474931326
144	1523474936499
145	1523474941672
146	1523474946859
144	1523474952032
145	1523474957204
145	1523474962377
145	1523474967559
159	1523474972760
145	1523474977936
145	1523474983109
145	1523474988283
143	1523474993452
154	1523474998648
146	1523475003828
146	1523475009033
146	1523475014213
145	1523475019392
146	1523475024570
147	1523475029760
147	1523475034935
148	1523475040114
146	1523475045293
148	1523475050469
146	1523475055648
146	1523475060841
147	1523475066027
146	1523475071231
145	1523475076408
146	1523475081599
165	1523475086812
146	1523475091992
146	1523475097170
146	1523475102345
146	1523475107523
146	1523475112715
146	1523475117889
146	1523475123065
145	1523475128243
146	1523475133420
157	1523475138623
146	1523475143904
145	1523475149077
146	1523475154252
146	1523475159430
153	1523475164648
146	1523475169820
146	1523475174997
145	1523475180176
145	1523475185350
150	1523475190545
146	1523475195721
145	1523475200895
146	1523475206076
146	1523475211251
163	1523475216476
146	1523475221665
147	1523475226848
146	1523475232055
147	1523475237240
159	1523475242444
147	1523475247624
145	1523475252805
146	1523475257993
146	1523475263174
155	1523475268384
146	1523475273565
154	1523475278765
146	1523475283939
146	1523475289114
146	1523475294325
145	1523475299500
148	1523475304693
146	1523475309867
146	1523475315139
146	1523475320329
146	1523475325505
146	1523475330684
146	1523475335864
148	1523475341044
146	1523475346231
146	1523475351426
146	1523475356608
147	1523475361788
145	1523475367072
146	1523475372251
146	1523475377424
146	1523475382609
146	1523475387782
145	1523475392957
145	1523475398136
146	1523475403320
146	1523475408502
145	1523475413678
145	1523475418868
146	1523475424057
147	1523475429261
145	1523475434451
146	1523475439635
148	1523475444817
152	1523475450015
147	1523475455194
146	1523475460367
146	1523475465539
146	1523475470714
146	1523475475914
146	1523475481095
146	1523475486276
146	1523475491475
147	1523475496656
147	1523475501843
146	1523475507022
156	1523475512221
146	1523475517407
146	1523475522584
147	1523475527768
145	1523475532952
147	1523475538134
146	1523475543315
146	1523475548502
145	1523475553690
146	1523475558871
145	1523475564047
146	1523475569252
146	1523475574430
145	1523475579610
146	1523475584786
145	1523475589962
146	1523475595145
147	1523475600324
146	1523475605503
145	1523475610675
146	1523475615855
146	1523475621038
146	1523475626216
147	1523475631423
146	1523475636603
145	1523475641781
145	1523475646971
146	1523475652155
145	1523475657337
146	1523475662516
146	1523475667699
146	1523475672878
146	1523475678058
146	1523475683236
146	1523475688432
147	1523475693630
145	1523475698805
146	1523475703981
154	1523475709193
147	1523475714369
147	1523475719545
146	1523475724725
147	1523475729908
153	1523475735124
147	1523475740315
145	1523475745573
146	1523475750744
146	1523475755920
145	1523475761102
146	1523475766284
146	1523475771490
145	1523475776667
145	1523475781846
146	1523475787020
145	1523475792204
146	1523475797395
147	1523475802575
146	1523475807756
147	1523475812938
147	1523475818123
145	1523475823304
146	1523475828479
146	1523475833661
147	1523475838847
146	1523475844021
147	1523475849208
147	1523475854384
145	1523475859673
146	1523475864846
146	1523475870034
146	1523475875215
145	1523475880388
146	1523475885564
146	1523475890760
147	1523475895948
146	1523475901126
146	1523475906311
145	1523475911498
148	1523475916674
147	1523475921880
146	1523475927054
145	1523475932231
146	1523475937405
145	1523475942586
145	1523475947769
146	1523475952943
145	1523475958124
146	1523475963304
146	1523475968480
145	1523475973660
146	1523475978842
147	1523475984045
147	1523475989219
146	1523475994402
146	1523475999575
146	1523476004752
146	1523476009934
145	1523476015128
146	1523476020303
145	1523476025474
145	1523476030647
146	1523476035823
148	1523476041017
146	1523476046218
146	1523476051423