# n21.meraki.com
# Started at: 2018-06-01T13:44:43+01:00
# duration(ms)\tepoch(ms)
118.538	1527857083607
112.790	1527857088730
112.753	1527857093850
113.588	1527857098976
114.223	1527857104108
113.803	1527857109249
116.774	1527857114391
113.511	1527857119519
113.857	1527857124653
115.439	1527857129784
112.121	1527857134909
112.506	1527857140046
112.907	1527857145179
112.903	1527857150349
112.292	1527857155478
111.944	1527857160606
112.455	1527857165727
112.659	1527857170847
113.363	1527857175968
116.131	1527857181098
112.509	1527857186225
114.233	1527857191357
113.408	1527857196482
115.642	1527857201613
114.961	1527857206744
113.127	1527857211867
113.763	1527857216998
114.976	1527857222127
112.432	1527857227276
112.510	1527857232400
113.607	1527857237531
113.144	1527857242665
113.105	1527857247792
124.000	1527857252929
112.305	1527857258053
112.313	1527857263177
112.150	1527857268306
112.803	1527857273434
113.085	1527857278560
112.454	1527857283688
113.154	1527857288816
113.629	1527857293943
117.760	1527857299080
112.956	1527857304232
117.345	1527857309366
113.393	1527857314497
112.914	1527857319629
113.951	1527857324756
112.772	1527857329889
112.666	1527857335018
112.993	1527857340145
117.863	1527857345277
112.796	1527857350403
113.029	1527857355530
112.851	1527857360658
114.655	1527857365790
112.171	1527857370915
113.216	1527857376047
112.818	1527857381193
112.317	1527857386316
112.027	1527857391441
112.280	1527857396568
113.320	1527857401694
113.713	1527857406826
113.903	1527857411950
112.381	1527857417080
112.519	1527857422201
113.448	1527857427331
114.015	1527857432504
112.262	1527857437628
112.813	1527857442750
117.266	1527857447883
112.326	1527857453008
113.967	1527857458134
114.156	1527857463266
111.899	1527857468396
113.531	1527857473523
112.880	1527857478653
113.207	1527857483776
112.829	1527857488902
113.556	1527857494029
113.451	1527857499165
112.828	1527857504299
112.723	1527857509451
112.047	1527857514573
112.734	1527857519696
114.977	1527857524822
111.861	1527857529947
111.897	1527857535071
112.648	1527857540197
112.848	1527857545326
114.504	1527857550457
116.093	1527857555588
113.047	1527857560721
113.811	1527857565849
119.393	1527857570985
112.653	1527857576107
113.120	1527857581233
112.699	1527857586394
112.344	1527857591523
113.524	1527857596653
112.698	1527857601779
113.022	1527857606908
113.609	1527857612041
111.877	1527857617164
113.113	1527857622292
112.634	1527857627421
112.803	1527857632551
112.735	1527857637676
114.994	1527857642803
112.585	1527857647928
112.483	1527857653055
113.173	1527857658187
112.835	1527857663422
113.504	1527857668552
114.140	1527857673678
113.617	1527857678806
114.812	1527857683932
113.267	1527857689060
111.864	1527857694187
112.802	1527857699315
112.878	1527857704444
113.454	1527857709574
112.316	1527857714699
111.967	1527857719827
113.021	1527857724954
112.604	1527857730078
112.240	1527857735204
113.222	1527857740351
112.921	1527857745480
113.356	1527857750604
113.730	1527857755735
113.298	1527857760869
112.656	1527857766000
114.323	1527857771134
112.546	1527857776263
112.492	1527857781392
113.023	1527857786520
113.316	1527857791651
112.782	1527857796820
113.009	1527857801953
112.514	1527857807083
115.683	1527857812218
114.436	1527857817353
115.823	1527857822484
112.654	1527857827619
114.999	1527857832753
114.098	1527857837879
112.992	1527857843006
115.924	1527857848141
112.328	1527857853271
113.437	1527857858398
112.127	1527857863528
114.320	1527857868662
112.998	1527857873909
111.840	1527857879037
112.825	1527857884158
113.018	1527857889289
114.282	1527857894420
112.413	1527857899549
113.627	1527857904680
117.353	1527857909819
112.452	1527857914949
113.780	1527857920083
112.725	1527857925215
112.107	1527857930339
122.210	1527857935475
112.449	1527857940608
113.792	1527857945734
113.222	1527857950897
112.202	1527857956031
112.797	1527857961162
113.463	1527857966293
114.803	1527857971423
112.184	1527857976552
119.346	1527857981694
113.766	1527857986821
112.271	1527857991946
112.086	1527857997076
112.580	1527858002201
113.902	1527858007327
113.066	1527858012452
113.316	1527858017577
112.264	1527858022706
111.793	1527858027863
112.587	1527858032997
115.605	1527858038127
113.851	1527858043254
112.335	1527858048384
112.147	1527858053516
114.147	1527858058651
112.060	1527858063784
114.188	1527858068914
112.843	1527858074039
114.443	1527858079183
116.019	1527858084318
112.335	1527858089446
112.737	1527858094577
115.031	1527858099707
114.453	1527858104870
145.593	1527858110030
127.883	1527858115170
117.191	1527858120298
119.100	1527858125438
127.477	1527858130586
115.255	1527858135722
122.857	1527858140866
115.912	1527858146003
112.374	1527858151138
117.477	1527858156273
127.619	1527858161413
127.639	1527858166562
115.810	1527858171691
113.373	1527858176820
115.619	1527858181972
120.814	1527858187106
119.863	1527858192241
112.635	1527858197371
117.842	1527858202551
116.428	1527858207688
117.023	1527858212827
116.378	1527858217956
112.767	1527858223090
127.401	1527858228235
128.732	1527858233385
116.892	1527858238515
119.234	1527858243648
120.692	1527858248785
121.889	1527858253925
119.172	1527858259057
114.861	1527858264185
115.852	1527858269322
117.938	1527858274461
119.081	1527858279632
115.203	1527858284761
113.806	1527858289896
115.853	1527858295030
192.702	1527858300244
115.047	1527858305371
115.098	1527858310501
120.641	1527858315638
151.435	1527858320808
120.304	1527858325949
114.508	1527858331083
113.140	1527858336211
115.192	1527858341339
118.472	1527858346473
117.590	1527858351603
113.121	1527858356770
134.483	1527858361917
122.660	1527858367054
160.173	1527858372225
117.241	1527858377364
123.003	1527858382508
114.662	1527858387638
114.466	1527858392764
115.783	1527858397895
117.200	1527858403033
115.155	1527858408170
117.091	1527858413300
126.200	1527858418441
113.075	1527858423570
120.851	1527858428711
117.738	1527858433867
114.525	1527858439000
116.223	1527858444132
118.230	1527858449263
113.072	1527858454397
113.808	1527858459532
113.722	1527858464664
122.475	1527858469808
120.131	1527858474972
121.411	1527858480111
115.187	1527858485241
123.388	1527858490382
117.372	1527858495516
114.125	1527858500644
119.383	1527858505778
129.548	1527858510921
116.700	1527858516060
115.530	1527858521188
124.323	1527858526333
116.342	1527858531461
125.504	1527858536601
114.933	1527858541732
113.994	1527858546858
113.914	1527858553010
117.321	1527858558144
114.877	1527858563271
114.844	1527858568408
118.485	1527858573662
114.393	1527858578792
115.799	1527858583929
113.410	1527858589058
119.927	1527858594191
113.445	1527858599319
118.896	1527858604451
113.834	1527858609577
117.301	1527858614711
113.136	1527858619838
114.291	1527858624969
116.328	1527858630104
125.871	1527858635251
122.311	1527858640387
116.049	1527858645518
112.776	1527858650683
111.790	1527858655809
112.992	1527858660936
113.759	1527858666062
113.750	1527858671188
115.899	1527858676326
114.533	1527858681455
116.344	1527858686588
113.657	1527858691720
112.054	1527858696846
113.115	1527858701980
113.223	1527858707115
111.822	1527858712244
112.259	1527858717377
114.565	1527858722508
118.018	1527858727664
113.405	1527858732792
112.574	1527858737918
112.968	1527858743051
112.880	1527858748182
112.564	1527858753315
113.927	1527858758443
112.021	1527858763575
113.134	1527858768708
112.789	1527858773839
112.344	1527858778966
112.368	1527858784096
113.749	1527858789223
112.997	1527858794355
114.194	1527858799485
112.472	1527858804644
129.942	1527858809786
113.414	1527858814912
112.572	1527858820037
112.823	1527858825162
112.492	1527858830287
113.451	1527858835413
112.947	1527858840537
112.840	1527858845660
131.634	1527858850806
112.785	1527858855935
112.701	1527858861060
111.883	1527858866185
111.525	1527858871308
113.462	1527858876439
113.374	1527858881596
111.578	1527858886726
112.367	1527858891856
112.163	1527858896982
111.869	1527858902112
111.922	1527858907237
112.288	1527858912371
112.820	1527858917505
111.829	1527858922629
111.919	1527858927755
112.507	1527858932880
112.697	1527858938006
112.683	1527858943140
113.960	1527858948269
113.385	1527858953393
112.449	1527858958540
113.287	1527858963673
112.138	1527858968803
113.392	1527858973938
113.191	1527858979073
125.801	1527858984211
111.776	1527858989340
112.475	1527858994470
114.429	1527858999606
113.289	1527859004731
112.784	1527859009862
113.630	1527859014997
113.338	1527859020130
113.338	1527859025265
113.472	1527859030391
112.789	1527859035556
112.632	1527859040685
114.482	1527859045821
113.402	1527859050951
111.805	1527859056084
112.823	1527859061218
113.205	1527859066343
113.429	1527859071465
113.141	1527859076590
112.879	1527859081717
113.153	1527859086842
113.314	1527859091975
111.720	1527859097103
113.524	1527859102238
113.441	1527859107373
113.348	1527859112527
112.303	1527859117658
112.261	1527859122787
113.492	1527859127922
112.877	1527859133056
113.597	1527859138190
114.735	1527859143326
115.291	1527859148456
112.906	1527859153591
115.533	1527859158724
113.143	1527859163853
112.656	1527859168984
125.652	1527859174122
113.370	1527859179247
114.008	1527859184377
113.132	1527859189549
117.058	1527859194688
112.957	1527859199822
113.687	1527859204947
112.518	1527859210081
112.412	1527859215210
112.594	1527859220342
113.840	1527859225472
112.910	1527859230607
115.311	1527859235736
113.307	1527859240863
114.791	1527859246000
113.477	1527859251135
114.579	1527859256262
112.937	1527859261392
113.499	1527859266541
113.354	1527859271675
112.581	1527859276802
134.224	1527859281954
112.977	1527859287089
113.354	1527859292224
113.053	1527859297358
113.310	1527859302487
115.990	1527859307621
113.166	1527859312747
112.780	1527859317882
129.477	1527859323030
112.709	1527859328163
112.914	1527859333288
113.627	1527859338413
112.819	1527859343567
113.079	1527859348692
113.373	1527859353826
113.571	1527859358955
116.370	1527859364083
113.850	1527859369219
113.837	1527859374348
113.018	1527859379479
112.956	1527859384603
113.152	1527859389729
113.296	1527859394859
113.236	1527859399988
121.882	1527859405131
113.926	1527859410266
113.120	1527859415400
114.365	1527859420559
113.247	1527859425685
112.131	1527859430811
113.313	1527859435941
113.326	1527859441076
113.403	1527859446210
113.482	1527859451336
112.278	1527859456463
113.480	1527859461599
112.515	1527859466718
112.335	1527859471851
112.005	1527859476976
113.274	1527859482106
112.894	1527859487238
113.006	1527859492366
113.650	1527859497519
112.765	1527859502655
113.431	1527859507780
113.205	1527859512915
111.695	1527859518039
113.423	1527859523174
112.289	1527859528309
115.913	1527859533437
112.639	1527859538571
120.265	1527859543703
117.742	1527859548842
114.469	1527859553975
113.464	1527859559110
113.442	1527859564245
112.186	1527859569372
112.672	1527859574529
114.171	1527859579659
115.010	1527859584791
113.534	1527859589927
120.754	1527859595067
113.189	1527859600202
114.578	1527859605338
113.915	1527859610473
113.568	1527859615604
113.701	1527859620739
112.252	1527859625864
112.669	1527859630989
111.641	1527859636115
118.375	1527859641252
112.442	1527859646376
111.664	1527859651515
112.830	1527859656649
111.880	1527859661775
111.453	1527859666899
112.203	1527859672025
114.654	1527859677158
115.295	1527859682295
112.398	1527859687416
113.326	1527859692544
116.115	1527859697675
111.485	1527859702807
112.641	1527859707941
112.111	1527859713097
111.439	1527859718229
112.120	1527859723356
111.473	1527859728485
112.185	1527859733613
112.306	1527859738746
111.662	1527859743880
112.759	1527859749011
112.210	1527859754145
112.073	1527859759278
111.570	1527859764412
117.765	1527859769544
114.196	1527859774680
112.999	1527859779815
112.979	1527859784940
112.400	1527859790100
112.013	1527859795230
111.446	1527859800359
111.723	1527859805487
111.996	1527859810610
113.276	1527859815745
116.340	1527859820883
111.565	1527859826009
111.712	1527859831135
115.393	1527859836263
112.226	1527859841391
112.270	1527859846525
111.565	1527859851654
112.045	1527859856788
113.456	1527859861923
112.128	1527859867081
112.558	1527859872215
111.871	1527859877343
113.766	1527859882476
112.996	1527859887605
112.629	1527859892729
112.642	1527859897856
112.366	1527859902984
112.645	1527859908115
113.060	1527859913242
114.927	1527859918369
113.613	1527859923504
114.813	1527859928637
112.142	1527859933772
113.547	1527859938900
113.746	1527859944067
112.841	1527859949202
115.062	1527859954340
113.300	1527859959468
112.176	1527859964595
113.666	1527859969730
114.335	1527859974859
113.187	1527859979994
112.271	1527859985118
113.685	1527859990250
113.168	1527859995380
124.273	1527860000517
113.136	1527860005645
112.951	1527860010770
113.210	1527860015899
112.158	1527860021056
112.789	1527860026191
114.249	1527860031320
112.938	1527860036455
113.650	1527860041582
113.748	1527860046708
114.592	1527860051834
112.313	1527860056963
112.676	1527860062094
112.915	1527860067220
113.109	1527860072351
112.932	1527860077482
112.484	1527860082612
112.810	1527860087741
113.471	1527860092870
113.437	1527860098026
112.369	1527860103155
113.039	1527860108286
113.018	1527860113420
115.513	1527860118548
114.163	1527860123679
113.496	1527860128814
112.493	1527860133938
112.368	1527860139072
113.021	1527860144199
112.576	1527860149332
114.132	1527860154463
113.761	1527860159594
113.200	1527860164722
113.102	1527860169848
115.409	1527860175017
112.924	1527860180141
113.093	1527860185276
112.073	1527860190410
112.924	1527860195540
111.278	1527860200663
113.032	1527860205794
142.250	1527860210951
113.188	1527860216085
112.867	1527860221216
116.404	1527860226353
112.508	1527860231481
112.017	1527860236607
112.497	1527860241728
112.882	1527860246856
112.415	1527860252010
112.476	1527860257137
113.543	1527860262272
116.435	1527860267403
112.276	1527860272535
114.538	1527860277671
111.454	1527860282802
111.509	1527860287928
111.789	1527860293048
112.193	1527860298182
112.384	1527860303316
112.489	1527860308450
111.423	1527860313576
112.166	1527860318703
112.141	1527860323826
116.865	1527860328981
120.222	1527860334111
111.693	1527860339238
112.108	1527860344365
112.104	1527860349497
118.019	1527860354629
113.770	1527860359757
112.041	1527860364887
112.014	1527860370013
111.962	1527860375136
117.785	1527860380263
112.790	1527860385392
114.470	1527860390519
111.927	1527860395648
112.547	1527860400773
113.612	1527860406042
112.142	1527860411168
111.542	1527860416292
112.619	1527860421419
113.511	1527860426548
118.305	1527860431680
113.864	1527860436807
114.410	1527860441934
113.830	1527860447063
112.610	1527860452192
113.756	1527860457318
114.782	1527860462448
113.186	1527860467573
121.369	1527860472707
112.825	1527860477833
113.689	1527860482986
113.278	1527860488115
112.125	1527860493245
111.869	1527860498369
113.397	1527860503501
112.945	1527860508622
112.691	1527860513748
112.973	1527860518877
112.867	1527860524007
115.726	1527860529142
113.399	1527860534273
111.917	1527860539399
112.468	1527860544524
112.319	1527860549647
112.964	1527860554770
112.072	1527860559921
113.401	1527860565044
114.537	1527860570171
112.896	1527860575298
112.968	1527860580424
111.881	1527860585547
112.959	1527860590678
111.925	1527860595806
112.631	1527860600935
114.090	1527860606062
113.185	1527860611192
113.785	1527860616319
114.111	1527860621448
112.827	1527860626576
112.361	1527860631704
111.928	1527860636856
112.924	1527860641989
113.708	1527860647118
111.955	1527860652241
113.332	1527860657372
113.273	1527860662501
114.187	1527860667627
114.531	1527860672755
112.851	1527860677883
126.905	1527860683024
111.671	1527860688149
112.838	1527860693276
112.120	1527860698405
113.107	1527860703531
117.308	1527860708663
113.544	1527860713808
112.278	1527860718929
115.771	1527860724058
113.378	1527860729208
114.656	1527860734336
112.868	1527860739464
113.278	1527860744590
111.861	1527860749714
112.941	1527860754844
115.138	1527860759973
113.831	1527860765102
114.555	1527860770234
112.857	1527860775362
112.470	1527860780488
113.936	1527860785619
114.603	1527860790743
113.137	1527860795865
112.708	1527860800994
117.628	1527860806151
113.342	1527860811279
113.135	1527860816405
112.111	1527860821531
112.380	1527860826660
112.361	1527860831787
114.862	1527860836919
113.248	1527860842048
112.123	1527860847177
116.200	1527860852307
119.487	1527860857439
112.527	1527860862566
113.012	1527860867692
112.784	1527860872822
113.596	1527860877953
113.615	1527860883120
119.791