# n8.meraki.com
# Started at: 2018-04-11T20:08:31+01:00
# duration(ms)\tepoch(ms)
163	1523473711647
143	1523473716820
144	1523473721993
163	1523473727205
144	1523473732379
145	1523473737567
143	1523473742739
144	1523473747911
155	1523473753105
144	1523473758279
145	1523473763464
144	1523473768644
144	1523473773836
153	1523473779043
146	1523473784221
144	1523473789409
145	1523473794585
144	1523473799761
145	1523473804933
144	1523473810107
145	1523473815300
145	1523473820472
143	1523473825643
144	1523473830817
145	1523473835998
156	1523473841204
144	1523473846376
144	1523473851567
145	1523473856753
144	1523473861925
163	1523473867155
144	1523473872329
145	1523473877509
145	1523473882684
144	1523473887861
163	1523473893074
145	1523473898251
156	1523473903470
143	1523473908644
144	1523473913834
161	1523473919056
146	1523473924237
144	1523473929417
146	1523473934764
143	1523473939933
143	1523473945118
145	1523473950296
144	1523473955483
147	1523473960672
144	1523473965848
146	1523473971035
144	1523473976212
144	1523473981386
144	1523473986573
144	1523473991745
144	1523473996931
143	1523474002101
145	1523474007274
145	1523474012454
145	1523474017629
159	1523474022851
143	1523474028021
145	1523474033200
145	1523474038378
145	1523474043559
163	1523474048805
144	1523474053981
144	1523474059150
149	1523474064325
144	1523474069500
159	1523474074723
145	1523474079896
145	1523474085072
144	1523474090245
146	1523474095422
166	1523474100935
145	1523474106108
144	1523474111295
155	1523474116489
143	1523474121661
144	1523474126833
144	1523474132009
144	1523474137181
159	1523474142383
144	1523474147555
145	1523474152736
145	1523474157918
145	1523474163100
158	1523474168305
146	1523474173496
154	1523474178702
144	1523474183873
143	1523474189054
158	1523474194254
143	1523474199424
145	1523474204609
145	1523474209784
143	1523474214954
143	1523474220122
143	1523474225290
155	1523474230496
143	1523474235684
145	1523474240859
144	1523474246346
148	1523474251534
145	1523474256709
145	1523474261890
146	1523474267071
157	1523474272286
146	1523474277465
154	1523474282645
145	1523474287823
145	1523474292995
145	1523474298169
145	1523474303343
147	1523474308523
146	1523474313715
145	1523474318888
164	1523474324101
145	1523474329576
144	1523474334752
161	1523474339959
144	1523474345139
144	1523474350337
145	1523474355511
145	1523474360687
146	1523474365880
145	1523474371054
144	1523474376354
143	1523474381559
145	1523474386735
163	1523474391939
155	1523474397125
144	1523474402296
145	1523474407479
148	1523474412669
159	1523474417869
146	1523474423049
144	1523474428224
144	1523474433399
148	1523474438604
155	1523474443794
145	1523474448970
146	1523474454164
145	1523474459338
145	1523474464515
159	1523474469715
144	1523474474887
143	1523474480072
145	1523474485257
146	1523474490434
157	1523474495636
145	1523474500811
144	1523474506010
145	1523474511189
144	1523474516359
145	1523474521533
146	1523474526710
145	1523474531899
146	1523474537105
145	1523474542278
143	1523474547448
144	1523474552620
144	1523474557809
143	1523474562982
145	1523474568174
143	1523474573346
144	1523474578528
145	1523474583708
145	1523474588905
144	1523474594076
145	1523474599355
144	1523474604525
156	1523474609735
145	1523474614907
144	1523474620082
143	1523474625252
144	1523474630426
160	1523474635646
144	1523474640818
144	1523474645992
144	1523474651186
144	1523474656362
155	1523474661574
144	1523474666747
144	1523474671920
144	1523474677105
145	1523474682284
158	1523474687480
146	1523474692659
144	1523474697834
145	1523474703015
145	1523474708214
146	1523474713392
144	1523474718567
146	1523474723750
146	1523474728924
145	1523474734101
158	1523474739313
144	1523474744495
143	1523474749670
145	1523474754852
146	1523474760025
157	1523474765228
145	1523474770419
164	1523474775651
145	1523474780823
145	1523474785996
146	1523474791170
148	1523474796348
146	1523474801541
145	1523474806713
145	1523474811894
161	1523474817104
145	1523474822277
145	1523474827455
145	1523474832630
146	1523474837803
163	1523474843017
144	1523474848193
144	1523474853368
145	1523474858543
146	1523474863727
144	1523474868899
144	1523474874079
145	1523474879253
146	1523474884428
146	1523474889601
144	1523474894783
145	1523474899977
143	1523474905168
145	1523474910344
145	1523474915521
145	1523474920694
145	1523474925870
145	1523474931050
145	1523474936223
145	1523474941397
146	1523474946576
145	1523474951755
146	1523474956934
144	1523474962129
144	1523474967306
145	1523474972483
144	1523474977681
163	1523474982919
145	1523474988097
145	1523474993272
145	1523474998456
145	1523475003631
159	1523475008847
145	1523475014019
146	1523475019200
146	1523475024395
145	1523475029578
144	1523475034755
144	1523475039933
145	1523475045111
146	1523475050292
146	1523475055472
163	1523475060699
146	1523475065878
146	1523475071058
147	1523475076237
145	1523475081416
163	1523475086660
145	1523475091834
146	1523475097010
144	1523475102186
146	1523475107371
160	1523475112585
147	1523475117760
146	1523475122933
146	1523475128107
144	1523475133279
152	1523475138476
146	1523475143651
146	1523475148843
146	1523475154015
145	1523475159192
155	1523475164402
146	1523475169580
144	1523475174753
146	1523475179925
145	1523475185098
161	1523475190304
144	1523475195476
145	1523475200668
145	1523475205838
145	1523475216013
145	1523475221191
158	1523475226406
145	1523475231575
145	1523475236751
146	1523475241927
145	1523475247105
161	1523475252330
148	1523475257509
146	1523475262686
145	1523475267860
145	1523475273041
152	1523475278245
200	1523475283491
146	1523475288669
145	1523475293862
146	1523475299035
160	1523475304261
145	1523475309438
145	1523475314623
147	1523475319806
147	1523475324981
164	1523475330206
146	1523475335380
145	1523475340558
145	1523475345733
145	1523475350921
145	1523475356117
144	1523475361288
144	1523475366567
146	1523475371743
146	1523475376919
145	1523475382091
147	1523475387265
144	1523475392436
145	1523475397607
144	1523475402778
145	1523475407952
146	1523475413125
144	1523475418296
146	1523475423473
146	1523475428666
145	1523475433864
146	1523475439041
145	1523475444213
152	1523475449411
146	1523475454588
146	1523475459767
146	1523475464948
146	1523475470126
145	1523475475305
145	1523475480479
145	1523475485655
152	1523475490865
144	1523475496040
145	1523475501229
145	1523475506428
144	1523475511601
145	1523475516776
145	1523475521951
145	1523475527129
144	1523475532305
145	1523475537481
145	1523475542663
145	1523475547837
145	1523475553011
144	1523475558198
144	1523475563382
145	1523475568580
146	1523475573756
144	1523475578929
147	1523475584109
145	1523475589285
145	1523475594460
145	1523475599636
145	1523475604819
145	1523475609990
145	1523475615164
145	1523475620343
145	1523475625520
145	1523475630710
145	1523475635897
145	1523475641068
146	1523475646245
145	1523475651417
146	1523475656591
146	1523475661763
146	1523475666940
144	1523475672116
144	1523475677290
146	1523475682468
150	1523475687657
145	1523475692832
145	1523475698024
146	1523475703236
145	1523475708411
145	1523475713592
145	1523475718772
145	1523475723945
144	1523475729128
144	1523475734299
148	1523475739476
146	1523475744654
145	1523475749833
145	1523475755014
145	1523475760186
145	1523475765392
146	1523475770568
145	1523475775893
146	1523475781066
145	1523475786244
147	1523475791425
145	1523475796618
144	1523475801796
146	1523475806970
147	1523475812157
145	1523475817330
145	1523475822507
146	1523475827687
145	1523475832865
145	1523475838070
146	1523475843248
147	1523475848428
146	1523475853604
146	1523475858782
148	1523475863961
145	1523475869137
146	1523475874313
145	1523475879489
144	1523475884663
146	1523475890151
146	1523475895338
145	1523475900522
146	1523475905694
146	1523475910882
146	1523475916055
146	1523475921231
146	1523475926407
147	1523475931584
146	1523475936759
146	1523475941941
146	1523475947126
145	1523475952304
146	1523475957485
146	1523475962662
146	1523475967851
146	1523475973041
146	1523475978217
147	1523475983402
147	1523475988584
146	1523475993763
145	1523475998952
144	1523476004128
146	1523476009303
146	1523476014484
146	1523476019659
145	1523476024832
145	1523476030004
146	1523476035196
146	1523476040372
145	1523476045548
155	1523476050784