# n7.meraki.com
# Started at: 2018-04-11T20:08:31+01:00
# duration(ms)\tepoch(ms)
167	1523473711784
146	1523473716960
146	1523473722132
159	1523473727355
144	1523473732537
146	1523473737711
147	1523473742884
145	1523473748056
162	1523473753278
145	1523473758450
145	1523473763624
146	1523473768801
145	1523473773998
157	1523473779201
145	1523473784373
145	1523473789545
146	1523473794719
145	1523473799889
149	1523473805069
145	1523473810242
145	1523473815435
146	1523473820608
146	1523473825789
161	1523473830994
146	1523473836181
144	1523473841362
145	1523473846534
146	1523473851706
157	1523473856905
145	1523473862077
146	1523473867275
145	1523473872450
145	1523473877625
146	1523473882808
146	1523473887990
144	1523473893179
146	1523473898389
146	1523473903567
145	1523473908745
146	1523473913922
162	1523473919129
144	1523473924304
146	1523473929477
146	1523473934670
145	1523473939847
145	1523473945035
145	1523473950212
145	1523473955388
145	1523473960585
145	1523473965760
158	1523473970977
145	1523473976150
145	1523473981324
144	1523473986500
145	1523473991675
160	1523473996894
145	1523474002075
145	1523474007247
145	1523474012427
146	1523474017609
161	1523474022845
145	1523474028016
148	1523474033200
146	1523474038378
147	1523474043564
166	1523474048794
145	1523474053967
146	1523474059138
144	1523474064307
145	1523474069488
160	1523474074713
147	1523474079892
146	1523474085089
145	1523474090262
145	1523474095437
165	1523474100672
146	1523474105851
146	1523474111026
146	1523474116219
146	1523474121400
163	1523474126624
145	1523474131797
145	1523474136974
146	1523474142151
144	1523474147339
162	1523474152565
146	1523474157746
146	1523474162928
145	1523474168100
145	1523474173270
161	1523474178491
144	1523474183663
156	1523474188869
146	1523474194041
144	1523474199214
159	1523474204430
145	1523474209616
146	1523474214789
145	1523474219961
146	1523474225133
155	1523474230343
146	1523474235523
146	1523474240699
145	1523474245876
145	1523474251217
146	1523474256401
145	1523474261575
146	1523474266753
145	1523474271926
146	1523474277101
229	1523474282391
146	1523474287565
145	1523474292738
144	1523474297914
144	1523474303091
144	1523474308285
145	1523474313468
145	1523474318642
145	1523474323818
147	1523474329015
145	1523474334196
145	1523474339366
143	1523474344543
147	1523474349718
155	1523474354902
159	1523474360122
144	1523474365304
146	1523474370478
145	1523474375658
146	1523474380842
162	1523474386066
147	1523474391266
148	1523474396446
145	1523474401625
147	1523474406800
164	1523474412041
146	1523474417218
147	1523474422395
144	1523474427571
146	1523474432752
159	1523474437973
145	1523474443152
146	1523474448331
146	1523474453516
145	1523474458694
165	1523474463928
145	1523474469106
145	1523474474300
144	1523474479474
145	1523474484648
158	1523474489879
146	1523474495057
144	1523474500229
146	1523474505404
144	1523474510577
163	1523474515801
146	1523474520981
147	1523474526159
145	1523474531339
146	1523474536511
156	1523474541723
144	1523474546919
145	1523474552109
145	1523474557283
146	1523474562458
162	1523474567680
145	1523474572869
146	1523474578046
145	1523474583218
145	1523474588396
163	1523474593622
145	1523474598793
144	1523474603968
144	1523474609140
146	1523474614316
159	1523474619525
146	1523474624698
145	1523474629870
144	1523474635060
145	1523474640232
160	1523474645436
145	1523474650611
145	1523474655782
145	1523474660956
145	1523474666134
162	1523474671339
147	1523474676518
144	1523474681692
146	1523474686871
145	1523474692042
160	1523474697260
146	1523474702443
146	1523474707726
145	1523474712898
146	1523474718070
156	1523474723272
145	1523474728448
146	1523474733641
145	1523474738817
146	1523474743991
158	1523474749196
146	1523474754370
148	1523474759548
145	1523474764720
147	1523474769911
157	1523474775110
145	1523474780583
145	1523474785763
145	1523474790937
146	1523474796117
161	1523474801343
146	1523474806522
144	1523474811703
146	1523474816882
145	1523474822061
146	1523474827286
146	1523474832460
147	1523474837642
151	1523474842823
145	1523474848002
145	1523474853188
146	1523474858365
146	1523474863569
145	1523474868751
146	1523474873929
145	1523474879108
145	1523474884286
146	1523474889464
145	1523474894635
145	1523474899815
160	1523474905040
146	1523474910214
146	1523474915400
145	1523474920575
146	1523474925771
146	1523474930953
144	1523474936123
145	1523474941297
145	1523474946473
149	1523474951656
146	1523474956837
145	1523474962018
146	1523474967193
145	1523474972365
145	1523474977538
163	1523474982749
145	1523474987945
145	1523474993115
146	1523474998289
146	1523475003473
159	1523475008673
146	1523475013849
147	1523475019038
147	1523475024216
147	1523475029411
146	1523475034588
146	1523475039761
145	1523475044953
147	1523475050130
146	1523475055308
158	1523475060516
146	1523475065692
146	1523475070883
146	1523475076074
146	1523475081263
148	1523475086452
147	1523475091627
147	1523475096800
147	1523475101990
147	1523475107166
147	1523475112340
147	1523475117515
147	1523475122706
147	1523475127885
147	1523475133075
146	1523475138253
147	1523475143432
147	1523475148609
146	1523475153787
146	1523475158962
146	1523475164160
147	1523475169341
152	1523475174544
146	1523475179715
146	1523475184891
147	1523475190065
147	1523475195240
160	1523475200448
146	1523475205637
145	1523475210812
146	1523475215997
146	1523475221177
159	1523475226392
146	1523475231570
146	1523475236751
146	1523475241928
146	1523475247107
164	1523475252334
146	1523475257512
147	1523475262688
145	1523475267878
146	1523475273053
154	1523475278264
199	1523475283491
148	1523475288669
147	1523475293849
147	1523475299036
163	1523475304262
146	1523475309440
144	1523475314623
146	1523475319806
147	1523475324982
164	1523475330225
147	1523475335400
145	1523475340572
147	1523475345746
147	1523475350925
146	1523475356108
147	1523475361288
146	1523475366489
147	1523475371677
147	1523475376901
146	1523475382074
145	1523475387249
146	1523475392446
145	1523475397616
147	1523475402790
146	1523475407976
146	1523475413152
145	1523475418321
146	1523475423494
145	1523475428669
146	1523475433848
147	1523475439027
146	1523475444204
154	1523475449410
146	1523475454590
146	1523475459767
146	1523475464949
147	1523475470149
146	1523475475330
146	1523475480508
145	1523475485685
154	1523475490876
146	1523475496050
146	1523475501239
145	1523475506415
146	1523475511895
147	1523475517070
146	1523475522247
146	1523475527430
146	1523475532613
147	1523475537791
147	1523475542970
146	1523475548148
148	1523475553325
147	1523475558507
146	1523475563695
146	1523475568884
145	1523475574056
146	1523475579231
146	1523475584403
148	1523475589581
146	1523475594755
146	1523475599927
147	1523475605100
149	1523475610276
148	1523475615451
147	1523475620630
146	1523475625822
147	1523475631012
146	1523475636211
146	1523475641384
146	1523475646557
146	1523475651731
147	1523475656904
147	1523475662080
146	1523475667252
147	1523475672428
146	1523475677601
147	1523475682778
152	1523475687969
146	1523475693146
146	1523475698353
147	1523475703550
146	1523475708727
146	1523475713900
147	1523475719083
147	1523475724259
154	1523475729457
147	1523475734633
149	1523475739816
146	1523475744991
146	1523475750170
147	1523475755349
146	1523475760534
146	1523475765723
147	1523475770905
148	1523475776082
146	1523475781258
146	1523475786433
148	1523475791618
146	1523475796809
147	1523475801985
147	1523475807161
146	1523475812341
147	1523475817515
147	1523475822694
147	1523475827876
146	1523475833064
146	1523475838244
148	1523475843425
147	1523475848606
152	1523475853792
147	1523475858967
145	1523475864145
147	1523475869324
147	1523475874503
148	1523475879685
146	1523475884859
147	1523475890058
145	1523475895246
146	1523475900422
147	1523475905596
146	1523475910769
146	1523475915940
147	1523475921116
146	1523475926288
146	1523475931464
146	1523475936637
146	1523475941811
145	1523475946987
145	1523475952181
146	1523475957362
146	1523475962538
146	1523475967713
146	1523475972886
148	1523475978064
146	1523475983241
148	1523475988424
146	1523475993605
147	1523475998781
146	1523476003956
146	1523476009137
146	1523476014322
146	1523476019503
146	1523476024674
146	1523476029847
146	1523476035020
146	1523476040225
146	1523476045398