# n6.meraki.com
# Started at: 2018-04-11T20:08:31+01:00
# duration(ms)\tepoch(ms)
164	1523473711879
146	1523473717053
144	1523473722226
156	1523473727433
144	1523473732603
144	1523473737774
144	1523473742945
145	1523473748114
161	1523473753332
144	1523473758502
144	1523473763672
145	1523473768870
144	1523473774039
157	1523473779247
146	1523473784423
144	1523473789594
145	1523473794765
144	1523473799935
156	1523473805130
146	1523473810301
145	1523473815473
146	1523473820645
145	1523473825815
162	1523473831056
145	1523473836229
145	1523473841401
145	1523473846572
144	1523473851743
159	1523473856946
145	1523473862117
154	1523473867324
145	1523473872504
146	1523473877677
157	1523473882878
144	1523473888054
145	1523473893236
145	1523473898415
145	1523473903605
152	1523473908800
145	1523473913972
146	1523473919169
146	1523473924350
144	1523473929523
150	1523473934737
145	1523473939933
145	1523473945119
145	1523473950296
145	1523473955472
144	1523473960648
146	1523473965820
156	1523473971016
145	1523473976192
144	1523473981365
146	1523473986538
145	1523473991709
161	1523473996926
145	1523474002100
146	1523474007274
146	1523474012454
145	1523474017632
159	1523474022853
144	1523474028023
144	1523474033201
145	1523474038385
145	1523474043559
165	1523474049157
147	1523474054334
146	1523474059523
162	1523474064738
146	1523474069925
146	1523474075107
145	1523474080282
145	1523474085460
197	1523474090723
145	1523474095903
145	1523474101081
146	1523474106260
145	1523474111435
157	1523474116645
145	1523474121822
145	1523474127004
145	1523474132184
145	1523474137383
162	1523474142610
145	1523474147788
146	1523474152963
145	1523474158137
147	1523474163312
163	1523474168516
145	1523474173688
154	1523474178884
145	1523474184054
145	1523474189225
166	1523474194451
145	1523474199641
144	1523474204811
144	1523474209983
144	1523474215152
160	1523474220362
145	1523474225534
158	1523474230745
144	1523474235918
147	1523474241093
158	1523474246672
145	1523474251842
145	1523474257018
158	1523474262221
145	1523474267396
146	1523474272573
146	1523474277746
145	1523474282918
145	1523474288092
146	1523474293267
144	1523474298443
144	1523474303618
144	1523474308791
147	1523474313979
146	1523474319156
147	1523474324348
145	1523474329544
150	1523474334737
156	1523474344753
158	1523474349958
145	1523474355131
145	1523474360322
145	1523474365501
146	1523474370674
159	1523474375887
146	1523474381062
145	1523474386257
144	1523474391460
145	1523474396638
158	1523474401840
146	1523474407013
145	1523474412215
145	1523474417391
147	1523474422571
157	1523474427776
145	1523474432951
145	1523474438148
147	1523474443327
145	1523474448502
162	1523474453817
144	1523474458995
156	1523474464193
146	1523474469365
146	1523474474537
154	1523474479725
146	1523474484900
145	1523474490075
146	1523474495251
147	1523474500427
157	1523474505625
147	1523474510797
146	1523474516003
150	1523474521186
147	1523474526367
146	1523474531544
144	1523474536717
145	1523474541904
145	1523474547077
146	1523474552249
146	1523474557423
146	1523474562597
146	1523474568170
145	1523474573347
145	1523474578539
148	1523474583728
145	1523474588920
165	1523474594113
145	1523474599292
145	1523474604464
157	1523474609666
145	1523474614847
145	1523474620024
145	1523474625199
146	1523474630376
159	1523474635595
145	1523474640789
145	1523474645982
146	1523474651159
145	1523474656339
162	1523474661563
145	1523474666747
145	1523474671922
145	1523474677101
145	1523474682285
158	1523474687481
145	1523474692657
145	1523474697835
145	1523474703030
145	1523474708225
145	1523474713401
144	1523474718572
146	1523474723750
146	1523474728926
145	1523474734101
158	1523474739315
145	1523474744490
145	1523474749668
145	1523474754852
158	1523474760039
160	1523474765245
145	1523474770437
163	1523474775663
145	1523474780838
145	1523474786010
144	1523474791183
145	1523474796360
145	1523474801542
145	1523474806713
145	1523474811897
162	1523474817104
146	1523474822295
144	1523474827467
145	1523474832644
144	1523474837816
164	1523474843029
145	1523474848209
145	1523474853380
145	1523474858555
146	1523474863731
145	1523474868902
145	1523474874081
144	1523474879253
145	1523474884454
146	1523474889632
151	1523474894826
144	1523474900004
146	1523474905196
145	1523474910370
145	1523474915546
145	1523474920717
145	1523474925891
145	1523474931066
145	1523474936239
145	1523474941418
147	1523474946597
145	1523474951771
145	1523474956949
145	1523474962125
145	1523474967306
145	1523474972482
145	1523474977681
165	1523474982918
145	1523474988098
145	1523474993296
147	1523474998470
145	1523475003647
160	1523475008863
146	1523475014038
144	1523475019213
146	1523475024392
145	1523475029572
145	1523475034745
146	1523475039930
146	1523475045111
146	1523475050292
145	1523475055475
164	1523475060703
144	1523475065879
145	1523475071053
147	1523475076244
145	1523475081444
163	1523475086676
145	1523475091849
145	1523475097023
146	1523475102199
145	1523475107382
159	1523475112594
145	1523475117767
146	1523475122939
145	1523475128111
145	1523475133283
152	1523475138477
145	1523475143658
145	1523475148829
145	1523475154001
145	1523475159172
162	1523475164363
144	1523475169540
145	1523475174717
145	1523475179890
145	1523475185063
156	1523475190262
144	1523475195435
145	1523475200639
145	1523475205825
145	1523475210998
153	1523475216193
145	1523475221365
144	1523475226559
145	1523475231729
145	1523475236899
144	1523475242079
145	1523475247252
145	1523475252440
145	1523475257612
145	1523475262784
146	1523475267967
165	1523475273158
154	1523475278355
146	1523475283636
146	1523475288826
148	1523475294013
146	1523475299188
161	1523475304423
145	1523475309600
145	1523475314782
146	1523475319964
146	1523475325143
145	1523475330333
145	1523475335505
146	1523475340683
146	1523475345861
145	1523475351045
145	1523475356221
145	1523475361394
145	1523475366571
145	1523475371744
145	1523475376919
146	1523475382107
145	1523475387278
145	1523475392453
145	1523475397624
144	1523475402795
144	1523475407964
145	1523475413145
146	1523475418317
146	1523475423492
145	1523475428674
145	1523475433857
144	1523475439032
145	1523475444204
153	1523475449410
146	1523475454588
147	1523475459766
145	1523475464957
145	1523475470136
144	1523475475319
145	1523475480497
145	1523475485673
151	1523475490866
145	1523475496040
145	1523475501213
146	1523475506410
145	1523475511587
145	1523475516780
146	1523475521953
144	1523475527128
145	1523475532303
145	1523475537481
145	1523475542660
144	1523475547850
145	1523475553025
146	1523475558205
145	1523475563377
145	1523475568562
145	1523475573738
145	1523475578916
145	1523475584091
145	1523475589267
144	1523475594447
145	1523475599636
144	1523475604818
145	1523475609990
145	1523475615165
145	1523475620343
145	1523475625520
145	1523475630697
144	1523475635873
144	1523475641046
145	1523475646225
145	1523475651395
143	1523475656568
144	1523475661739
146	1523475666912
145	1523475672095
146	1523475677303
145	1523475682479
149	1523475687673
145	1523475692848
145	1523475698024
144	1523475703200
146	1523475708381
146	1523475713562
148	1523475718744
145	1523475723926
146	1523475729108
143	1523475734284
144	1523475739474
145	1523475744652
145	1523475749833
145	1523475755030
144	1523475760202
146	1523475765385
144	1523475770561
145	1523475775735
144	1523475780914
144	1523475786089
144	1523475791268
146	1523475796451
146	1523475801645
145	1523475806825
145	1523475811998
145	1523475817170
145	1523475822362
145	1523475827533
146	1523475832712
145	1523475837909
145	1523475843083
144	1523475848258
145	1523475853445
145	1523475858618
147	1523475863796
146	1523475868970
148	1523475874157
145	1523475879342
144	1523475884518
145	1523475889710
146	1523475894881
145	1523475900075
146	1523475905250
146	1523475910438
145	1523475915614
144	1523475920789
144	1523475925961
145	1523475931132
145	1523475936308
144	1523475941485
144	1523475946666
147	1523475951850
145	1523475957023
144	1523475962209
145	1523475967388
144	1523475972565
146	1523475977739
146	1523475982927
145	1523475988114
145	1523475993321
145	1523475998502
145	1523476004064
145	1523476009242
146	1523476014415
146	1523476019594
144	1523476024765
145	1523476029936
144	1523476035118
144	1523476040288
145	1523476045459
152	1523476050667