# n1.me43raki.com
# Started at: 2018-06-03T13:26:00+01:00
# duration(ms)\tepoch(ms)
-1	1528028760395
-1	1528028761411
-1	1528028762482
-1	1528028763497
-1	1528028764514
-1	1528028765529
-1	1528028766543
-1	1528028767558
-1	1528028768571
-1	1528028769587
-1	1528028770604
-1	1528028771620
-1	1528028772630
-1	1528028773646
-1	1528028774658
-1	1528028775674
-1	1528028776687
-1	1528028777700
-1	1528028778714
-1	1528028779729
-1	1528028780743
-1	1528028781758
-1	1528028782775
-1	1528028783790
-1	1528028784806
-1	1528028785819
-1	1528028786834
