# n1.me43raki.com
# Started at: 2018-06-03T13:27:00+01:00
# duration(ms)\tepoch(ms)
-1	1528028820711
-1	1528028821730
-1	1528028822799
-1	1528028823813
-1	1528028824830
-1	1528028825864
-1	1528028826880
-1	1528028827897
-1	1528028828909
-1	1528028829922
-1	1528028830938
-1	1528028831953
-1	1528028832969
-1	1528028833985
-1	1528028835001
-1	1528028836014
-1	1528028837031
-1	1528028838039
-1	1528028839052
-1	1528028840068
-1	1528028841084
-1	1528028842100
-1	1528028843114
-1	1528028844131
-1	1528028845146
-1	1528028846162
-1	1528028847173
