# n191.meraki.com
# Started at: 2018-06-01T13:44:43+01:00
# duration(ms)\tepoch(ms)
141.103	1527857083661
139.572	1527857088814
138.958	1527857093966
140.059	1527857099120
140.817	1527857104276
140.620	1527857109434
141.828	1527857114589
138.842	1527857119744
141.835	1527857124903
138.368	1527857130057
139.277	1527857135209
140.524	1527857140361
139.202	1527857145512
138.799	1527857150799
141.276	1527857155952
139.073	1527857161104
142.259	1527857166262
139.619	1527857171410
139.547	1527857176565
140.232	1527857181721
140.033	1527857186875
140.186	1527857192029
139.763	1527857197187
141.161	1527857202346
152.192	1527857207517
140.288	1527857212670
139.492	1527857217822
139.436	1527857222979
139.240	1527857228150
139.589	1527857233299
139.206	1527857238451
139.356	1527857243604
139.059	1527857248752
138.711	1527857253915
152.706	1527857259084
139.216	1527857264247
151.064	1527857269419
142.558	1527857274582
154.861	1527857279755
138.774	1527857284914
139.357	1527857290070
139.201	1527857295227
139.026	1527857300384
139.900	1527857305563
140.015	1527857310715
139.645	1527857315867
140.805	1527857321024
140.347	1527857326186
139.443	1527857331338
140.965	1527857336495
138.941	1527857341648
140.167	1527857346806
140.116	1527857351962
141.799	1527857357118
138.849	1527857362273
139.577	1527857367425
139.248	1527857372577
140.258	1527857377731
140.864	1527857382919
139.695	1527857388070
139.785	1527857393222
139.240	1527857398374
138.774	1527857403525
139.218	1527857408680
138.868	1527857413835
141.221	1527857418991
140.373	1527857424148
139.821	1527857429308
139.341	1527857434465
138.398	1527857439619
140.015	1527857444776
138.966	1527857449934
139.863	1527857455094
139.821	1527857460271
139.278	1527857465424
139.449	1527857470575
139.722	1527857475735
140.189	1527857480887
139.423	1527857486043
139.629	1527857491193
138.835	1527857496342
139.802	1527857501492
139.225	1527857506644
142.448	1527857511795
140.705	1527857516948
141.701	1527857522102
138.877	1527857527249
139.852	1527857532400
139.864	1527857537572
139.284	1527857542722
139.746	1527857547877
139.644	1527857553034
139.170	1527857558182
139.452	1527857563329
139.664	1527857568482
138.488	1527857573636
139.049	1527857578787
139.036	1527857583939
140.579	1527857589092
140.170	1527857594245
139.780	1527857599393
141.705	1527857604549
139.864	1527857609700
139.757	1527857614877
141.342	1527857620029
139.230	1527857625180
139.869	1527857630332
139.066	1527857635484
139.119	1527857640635
138.803	1527857645791
140.937	1527857650946
139.756	1527857656099
140.134	1527857661251
138.554	1527857666406
139.676	1527857671560
139.791	1527857676714
140.018	1527857681869
140.245	1527857687023
139.196	1527857692199
140.132	1527857697347
140.212	1527857702504
139.568	1527857707656
139.111	1527857712810
138.891	1527857717965
138.811	1527857723117
139.780	1527857728272
139.759	1527857733429
139.447	1527857738583
138.887	1527857743734
139.500	1527857748888
139.637	1527857754038
140.947	1527857759196
139.802	1527857764352
139.350	1527857769540
139.217	1527857774691
139.610	1527857779849
139.046	1527857784999
139.860	1527857790156
139.222	1527857795307
139.398	1527857800463
139.822	1527857805619
139.777	1527857810788
138.457	1527857815944
139.382	1527857821102
139.390	1527857826268
139.021	1527857831427
139.140	1527857836588
138.937	1527857841744
138.510	1527857846920
139.235	1527857852075
139.264	1527857857236
139.910	1527857862397
138.747	1527857867552
138.859	1527857872708
139.660	1527857877863
139.879	1527857883014
141.968	1527857888170
139.703	1527857893331
140.471	1527857898493
140.328	1527857903655
139.749	1527857908817
138.873	1527857913977
139.503	1527857919140
140.687	1527857924366
139.728	1527857929530
139.716	1527857934685
139.866	1527857939842
140.346	1527857945000
140.526	1527857950160
141.495	1527857955327
139.376	1527857960492
141.104	1527857965651
144.315	1527857970815
140.276	1527857975970
139.790	1527857981124
139.487	1527857986283
140.271	1527857991439
139.562	1527857996591
138.955	1527858001803
139.761	1527858006962
139.641	1527858012126
138.034	1527858017289
140.091	1527858022447
139.927	1527858027602
138.366	1527858032756
141.152	1527858037918
204.927	1527858043141
141.583	1527858048303
139.490	1527858053456
143.160	1527858058619
140.712	1527858063781
140.457	1527858068936
140.388	1527858074089
138.994	1527858079270
141.409	1527858084433
149.733	1527858089602
139.376	1527858094757
141.290	1527858099920
152.573	1527858105094
144.169	1527858110253
139.766	1527858115409
141.176	1527858120562
140.103	1527858125724
141.724	1527858130887
140.643	1527858136041
141.616	1527858141204
153.686	1527858146371
139.475	1527858151527
149.642	1527858156717
142.247	1527858161880
147.798	1527858167045
171.387	1527858172228
145.099	1527858177394
147.216	1527858182558
142.335	1527858187715
148.133	1527858192881
139.205	1527858198036
144.470	1527858203197
156.552	1527858208370
153.888	1527858213541
140.225	1527858218703
139.940	1527858223859
140.827	1527858229014
142.529	1527858234199
146.192	1527858239366
143.110	1527858244525
146.356	1527858249692
142.781	1527858254852
142.215	1527858260008
170.862	1527858265194
143.166	1527858270362
152.488	1527858275535
138.502	1527858280686
145.047	1527858285852
140.690	1527858291014
144.686	1527858296168
142.095	1527858301323
143.801	1527858306480
143.943	1527858311667
140.521	1527858316828
140.539	1527858321987
152.035	1527858327159
181.888	1527858332362
146.527	1527858337523
143.587	1527858342688
144.988	1527858347846
147.216	1527858353008
144.896	1527858358166
139.841	1527858363321
144.357	1527858368480
140.395	1527858373636
139.727	1527858378789
140.087	1527858383951
144.078	1527858389145
141.060	1527858394305
139.699	1527858399466
143.583	1527858404627
140.710	1527858409784
140.341	1527858414938
141.276	1527858420102
144.790	1527858425260
148.141	1527858430427
140.463	1527858435583
165.269	1527858440768
145.454	1527858445925
139.353	1527858451086
160.795	1527858456259
138.611	1527858461410
142.077	1527858466594
143.606	1527858471751
144.090	1527858476915
145.961	1527858482073
138.891	1527858487234
139.183	1527858492393
151.451	1527858497566
142.585	1527858502729
144.950	1527858507896
153.238	1527858513071
141.975	1527858518229
141.154	1527858523383
146.714	1527858528548
147.821	1527858533710
143.380	1527858538865
271.626	1527858544207
142.387	1527858549370
143.453	1527858554525
144.327	1527858559683
148.873	1527858564844
139.830	1527858570005
147.060	1527858575173
151.374	1527858580338
140.590	1527858585492
140.167	1527858590652
142.159	1527858595807
140.276	1527858600960
141.238	1527858606116
140.233	1527858611268
140.164	1527858616430
139.170	1527858621606
146.556	1527858626766
143.329	1527858631931
144.443	1527858637089
142.350	1527858642247
140.791	1527858647400
138.971	1527858652551
139.293	1527858657706
139.742	1527858662867
164.865	1527858668053
140.489	1527858673210
155.303	1527858678384
139.896	1527858683536
140.809	1527858688691
140.774	1527858693845
139.272	1527858699030
139.337	1527858704185
139.705	1527858709341
144.479	1527858714506
139.388	1527858719665
139.880	1527858724820
140.211	1527858729975
143.916	1527858735132
138.714	1527858740292
141.217	1527858745451
138.805	1527858750608
139.997	1527858755770
139.585	1527858760925
140.131	1527858766087
140.675	1527858771242
139.289	1527858776420
142.390	1527858781577
138.827	1527858786728
139.799	1527858791884
139.773	1527858797038
139.602	1527858802191
140.012	1527858807353
139.529	1527858812506
140.214	1527858817660
139.896	1527858822814
141.188	1527858827970
139.887	1527858833131
139.504	1527858838282
140.603	1527858843438
139.400	1527858848590
140.392	1527858853859
139.167	1527858859016
157.338	1527858864187
138.335	1527858869347
168.271	1527858874530
196.854	1527858879752
138.274	1527858884916
142.047	1527858890071
141.052	1527858895233
139.948	1527858900388
144.122	1527858905554
138.985	1527858910706
139.343	1527858915867
145.791	1527858921028
139.120	1527858926185
138.294	1527858931388
139.350	1527858936542
141.354	1527858941704
138.474	1527858946858
145.063	1527858952018
139.352	1527858957173
139.319	1527858962337
140.370	1527858967499
140.638	1527858972651
139.701	1527858977804
140.049	1527858982965
139.359	1527858988125
140.250	1527858993284
139.728	1527858998436
141.604	1527859003594
139.897	1527859008808
139.225	1527859013965
138.788	1527859019120
139.600	1527859024274
140.112	1527859029434
139.045	1527859034620
140.246	1527859039777
139.942	1527859044938
139.363	1527859050099
139.870	1527859055254
138.515	1527859060408
140.077	1527859065563
138.666	1527859070714
140.027	1527859075866
139.634	1527859081021
139.526	1527859086181
139.183	1527859091339
139.096	1527859096492
140.634	1527859101654
139.299	1527859106807
139.741	1527859111977
140.240	1527859117139
139.057	1527859122292
141.453	1527859127454
140.577	1527859132638
141.937	1527859137801
141.214	1527859142963
145.615	1527859148127
139.551	1527859153288
139.674	1527859158445
140.916	1527859163600
139.648	1527859168754
143.348	1527859173913
140.767	1527859179073
139.366	1527859184229
158.676	1527859189404
159.042	1527859194585
138.996	1527859199737
139.344	1527859204898
139.298	1527859210082
139.686	1527859215243
139.005	1527859220394
141.420	1527859225557
142.967	1527859230721
138.712	1527859235881
139.623	1527859241034
140.632	1527859246196
139.147	1527859251353
139.707	1527859256514
145.489	1527859261680
140.501	1527859266842
140.280	1527859271994
139.286	1527859277147
140.805	1527859282307
139.427	1527859287485
140.127	1527859292639
139.878	1527859297794
140.707	1527859302956
139.280	1527859308117
140.540	1527859313273
141.063	1527859318435
139.377	1527859323587
138.661	1527859328747
139.302	1527859333905
140.158	1527859339060
142.146	1527859344217
140.523	1527859349371
139.611	1527859354528
139.042	1527859359682
139.175	1527859364874
139.230	1527859370035
139.964	1527859375192
138.401	1527859380345
138.719	1527859385500
139.228	1527859390660
139.886	1527859395815
139.185	1527859400975
139.128	1527859406135
142.123	1527859411289
140.263	1527859416449
139.113	1527859421597
138.912	1527859426750
140.738	1527859431905
139.631	1527859437062
139.821	1527859442258
175.592	1527859447455
140.102	1527859452608
138.658	1527859457764
140.944	1527859462917
141.149	1527859468079
142.883	1527859473243
139.127	1527859478400
139.132	1527859483556
141.016	1527859488712
139.168	1527859493863
147.716	1527859499026
141.027	1527859504189
139.629	1527859509350
140.561	1527859514504
139.461	1527859519681
146.908	1527859524842
139.892	1527859529997
141.897	1527859535158
139.409	1527859540308
140.565	1527859545473
138.757	1527859550628
140.181	1527859555789
140.129	1527859560946
139.422	1527859566101
139.428	1527859571255
140.276	1527859576416
139.628	1527859581571
140.545	1527859586726
142.065	1527859591887
146.256	1527859597074
140.136	1527859602239
138.394	1527859607393
140.799	1527859612553
140.732	1527859617708
139.454	1527859622870
140.007	1527859628023
177.154	1527859633222
139.538	1527859638376
138.314	1527859643529
139.119	1527859648684
139.216	1527859653838
139.161	1527859658992
139.159	1527859664146
138.789	1527859669296
138.492	1527859674478
140.062	1527859679633
139.502	1527859684786
139.504	1527859689942
138.182	1527859695098
138.519	1527859700258
138.965	1527859705415
139.624	1527859710573
139.314	1527859715726
139.735	1527859720878
141.233	1527859726041
140.618	1527859731198
139.406	1527859736349
138.707	1527859741506
139.773	1527859746669
141.975	1527859751867
138.186	1527859757018
143.009	1527859762177
139.414	1527859767334
139.619	1527859772489
138.486	1527859777643
138.440	1527859782803
139.315	1527859787955
139.118	1527859793109
138.162	1527859798264
139.515	1527859803418
144.255	1527859808578
140.373	1527859813739
142.750	1527859818905
138.496	1527859824057
140.143	1527859829239
139.712	1527859834391
138.786	1527859839544
139.536	1527859844703
138.230	1527859849863
138.760	1527859855026
138.506	1527859860178
139.248	1527859865339
139.111	1527859870497
140.255	1527859875658
140.015	1527859880811
140.680	1527859885973
139.805	1527859891134
140.503	1527859896296
139.845	1527859901457
139.800	1527859906643
138.978	1527859911803
140.561	1527859916960
139.554	1527859922122
139.122	1527859927275
139.605	1527859932430
138.951	1527859937584
138.785	1527859942744
139.108	1527859947899
138.886	1527859953060
139.888	1527859958221
139.678	1527859963375
139.482	1527859968525
139.392	1527859973680
140.024	1527859978834
148.998	1527859984021
139.579	1527859989177
139.393	1527859994328
139.140	1527859999489
139.855	1527860004642
140.148	1527860009797
139.674	1527860014951
139.078	1527860020106
139.819	1527860025267
139.650	1527860030428
139.152	1527860035589
139.079	1527860040750
139.540	1527860045904
139.761	1527860051059
140.073	1527860056219
139.432	1527860061397
139.426	1527860066546
139.354	1527860071698
140.113	1527860076856
140.695	1527860082019
139.808	1527860087172
139.750	1527860092336
139.369	1527860097484
139.599	1527860102645
139.864	1527860107801
140.139	1527860112960
138.850	1527860118109
138.824	1527860123269
139.663	1527860128423
139.564	1527860133576
138.622	1527860138815
138.636	1527860143975
141.758	1527860149130
139.756	1527860154291
139.815	1527860159446
143.018	1527860164610
140.346	1527860169771
139.372	1527860174925
140.051	1527860180080
140.651	1527860185242
141.010	1527860190407
139.853	1527860195559
205.798	1527860200775
140.317	1527860205936
186.367	1527860211137
139.044	1527860217379
166.159	1527860222558
139.173	1527860227719
139.761	1527860232874
140.718	1527860238036
143.464	1527860243197
140.348	1527860248352
139.893	1527860253507
147.516	1527860258677
142.441	1527860263837
140.118	1527860268994
139.721	1527860274148
139.299	1527860279301
139.092	1527860284459
141.217	1527860289617
139.488	1527860294855
139.479	1527860300011
138.535	1527860305172
140.549	1527860310334
139.196	1527860315490
138.805	1527860320653
139.635	1527860325806
153.981	1527860330975
141.145	1527860336133
141.172	1527860341288
140.853	1527860346443
139.295	1527860351598
140.711	1527860356752
140.898	1527860361904
138.414	1527860367055
140.297	1527860372232
139.026	1527860377385
139.056	1527860382539
139.430	1527860387693
140.141	1527860392846
138.837	1527860397997
137.948	1527860403152
138.639	1527860408305
138.682	1527860413455
139.562	1527860418607
139.547	1527860423761
140.182	1527860428913
138.598	1527860434065
140.318	1527860439219
139.712	1527860444371
141.003	1527860449548
139.206	1527860454703
142.620	1527860459863
139.086	1527860465017
138.771	1527860470173
138.925	1527860475327
139.824	1527860480480
140.819	1527860485634
139.381	1527860490786
139.696	1527860495939
140.404	1527860501093
138.746	1527860506241
139.198	1527860511391
139.347	1527860516545
139.901	1527860521697
139.760	1527860526866
292.736	1527860532174
140.963	1527860537329
139.047	1527860542481
141.294	1527860547636
139.790	1527860552788
140.407	1527860557944
139.850	1527860563097
140.264	1527860568252
139.403	1527860573405
140.167	1527860578558
138.855	1527860583713
140.256	1527860588870
139.335	1527860594049
139.116	1527860599198
139.777	1527860604353
139.255	1527860609506
139.566	1527860614658
139.837	1527860619813
138.720	1527860624965
140.538	1527860630123
139.199	1527860635278
140.194	1527860640432
140.855	1527860645586
157.040	1527860650758
139.596	1527860655915
142.810	1527860661075
140.028	1527860666234
138.808	1527860671433
138.940	1527860676587
138.779	1527860681744
139.748	1527860686899
139.454	1527860692051
138.248	1527860697202
139.235	1527860702355
138.724	1527860707505
138.887	1527860712652
139.361	1527860717809
141.620	1527860722959
139.125	1527860728107
139.945	1527860733263
140.055	1527860738418
138.971	1527860743572
143.114	1527860748752
141.445	1527860753907
144.335	1527860759067
138.991	1527860764224
139.854	1527860769377
140.701	1527860774534
139.908	1527860779691
139.427	1527860784845
139.258	1527860790001
140.390	1527860795154
140.679	1527860800307
144.367	1527860805463
140.758	1527860810616
140.780	1527860815770
139.500	1527860820920
140.003	1527860826095
139.481	1527860831249
138.804	1527860836403
139.553	1527860841557
140.787	1527860846713
138.567	1527860851865
140.032	1527860857021
140.013	1527860862176
146.805	1527860867335
139.534	1527860872488
139.469	1527860877644
141.896	1527860882799
140.951	1527860887955
142.917	1527860893113
139.423	1527860898266
140.821	1527860903448
140.243