# n2.meraki.com
# Started at: 2018-04-11T20:08:31+01:00
# duration(ms)\tepoch(ms)
134	1523473711481
114	1523473716624
115	1523473721784
115	1523473726937
114	1523473732079
129	1523473737263
115	1523473742411
114	1523473747554
116	1523473752703
115	1523473757845
115	1523473762997
116	1523473768150
134	1523473773356
115	1523473778628
115	1523473783776
115	1523473788921
115	1523473794074
127	1523473799243
114	1523473804382
116	1523473809530
114	1523473814671
115	1523473819826
128	1523473825008
114	1523473830153
113	1523473835321
114	1523473840459
114	1523473845598
115	1523473850747
118	1523473855897
127	1523473861087
114	1523473866229
114	1523473871370
114	1523473876520
116	1523473881668
130	1523473886849
117	1523473892003
115	1523473897180
116	1523473902329
114	1523473907476
117	1523473912626
123	1523473917805
133	1523473923006
114	1523473928153
114	1523473933300
115	1523473938449
115	1523473943600
132	1523473948786
116	1523473953931
115	1523473959099
115	1523473964252
115	1523473969402
115	1523473974548
115	1523473979689
125	1523473984882
115	1523473990025
116	1523473995176
115	1523474000320
119	1523474005475
126	1523474010647
115	1523474015791
115	1523474020970
116	1523474026113
116	1523474031280
115	1523474036424
114	1523474041565
131	1523474046757
123	1523474051907
115	1523474057056
115	1523474062201
114	1523474067349
132	1523474072525
116	1523474077673
115	1523474082852
115	1523474088008
116	1523474093154
115	1523474098307
115	1523474103456
127	1523474108649
114	1523474113798
115	1523474118953
116	1523474124102
116	1523474129253
132	1523474134433
117	1523474139581
115	1523474144757
113	1523474149896
114	1523474155036
115	1523474160181
115	1523474165330
135	1523474170528
115	1523474175670
115	1523474180812
115	1523474185953
114	1523474191096
133	1523474196269
113	1523474201409
114	1523474206584
114	1523474211723
114	1523474216861
115	1523474222002
116	1523474227145
131	1523474232335
115	1523474237480
116	1523474242628
116	1523474247801
114	1523474252949
122	1523474258114
115	1523474263258
115	1523474268419
114	1523474273567
117	1523474278718
224	1523474283971
115	1523474289118
131	1523474294321
116	1523474299468
115	1523474304614
115	1523474309764
116	1523474314946
131	1523474320143
116	1523474325293
116	1523474330445
115	1523474335589
115	1523474340742
115	1523474345894
114	1523474351043
120	1523474356211
115	1523474361361
115	1523474366529
116	1523474371675
114	1523474376825
132	1523474382038
115	1523474387188
132	1523474392377
114	1523474397532
114	1523474402688
129	1523474407889
115	1523474413037
116	1523474418202
116	1523474423351
115	1523474428516
116	1523474433664
114	1523474438803
114	1523474444108
116	1523474449277
114	1523474454418
116	1523474459567
114	1523474464709
133	1523474469904
115	1523474475046
114	1523474480188
115	1523474485344
115	1523474490500
132	1523474495682
116	1523474500826
115	1523474505985
115	1523474511151
115	1523474516298
115	1523474521442
116	1523474526589
131	1523474531782
115	1523474536923
114	1523474542065
114	1523474547208
115	1523474552351
126	1523474557516
115	1523474562656
116	1523474567818
116	1523474572975
117	1523474578118
114	1523474583255
114	1523474588399
132	1523474593593
115	1523474598739
114	1523474603880
114	1523474609027
115	1523474614171
116	1523474619320
116	1523474624477
129	1523474629657
114	1523474634815
114	1523474639963
115	1523474645111
116	1523474650257
132	1523474655451
116	1523474660600
114	1523474665749
116	1523474670898
115	1523474676042
114	1523474681191
116	1523474686341
135	1523474691527
117	1523474696696
117	1523474701845
114	1523474707001
115	1523474712149
129	1523474717331
116	1523474722479
115	1523474727630
114	1523474732775
114	1523474737926
114	1523474743099
115	1523474748247
119	1523474753417
114	1523474758663
115	1523474763827
115	1523474768976
114	1523474774120
129	1523474779308
115	1523474784457
121	1523474789608
114	1523474794749
115	1523474799900
132	1523474805072
115	1523474810224
114	1523474815381
114	1523474820532
115	1523474825678
114	1523474830831
114	1523474835977
133	1523474841177
115	1523474846331
114	1523474851473
115	1523474856616
115	1523474861768
133	1523474866950
114	1523474872104
131	1523474877297
114	1523474882459
115	1523474887609
115	1523474892758
115	1523474897907
129	1523474903097
115	1523474908258
133	1523474913440
115	1523474918587
122	1523474923757
127	1523474928941
114	1523474934084
114	1523474939225
115	1523474944378
114	1523474949525
116	1523474954701
115	1523474959851
116	1523474965012
116	1523474970158
115	1523474975311
115	1523474980459
114	1523474985606
133	1523474990790
115	1523474995932
130	1523475001128
115	1523475006281
116	1523475011434
125	1523475016607
116	1523475021756
128	1523475026942
115	1523475032100
115	1523475037252
114	1523475042400
118	1523475047558
134	1523475052768
115	1523475057913
114	1523475063068
115	1523475068219
114	1523475073362
119	1523475078516
115	1523475083690
114	1523475088830
114	1523475093973
114	1523475099123
115	1523475104269
114	1523475109420
133	1523475114618
115	1523475119761
115	1523475124912
115	1523475130065
115	1523475135220
129	1523475140432
115	1523475145582
117	1523475150739
115	1523475155902
115	1523475161063
115	1523475166210
116	1523475171360
123	1523475176533
115	1523475181688
115	1523475186836
115	1523475191989
115	1523475197136
116	1523475202294
114	1523475207439
116	1523475212600
115	1523475217761
116	1523475222926
115	1523475228074
115	1523475233224
134	1523475238420
115	1523475243564
115	1523475248712
114	1523475253856
114	1523475259015
123	1523475264182
116	1523475269339
115	1523475274504
115	1523475279656
114	1523475284804
115	1523475290087
116	1523475295240
114	1523475300399
116	1523475305546
115	1523475310695
115	1523475315848
115	1523475321100
130	1523475326271
114	1523475331415
115	1523475336557
115	1523475341699
115	1523475346846
114	1523475352012
114	1523475357153
116	1523475362306
115	1523475367456
116	1523475372602
115	1523475377751
115	1523475382904
124	1523475388063
114	1523475393207
114	1523475398348
115	1523475403498
115	1523475408648
115	1523475413806
114	1523475418949
114	1523475424092
115	1523475429239
114	1523475434398
115	1523475439545
114	1523475444689
123	1523475449858
116	1523475455008
115	1523475460156
116	1523475465308
114	1523475470461
115	1523475475635
120	1523475480798
116	1523475485946
114	1523475491096
115	1523475496239
114	1523475501406
114	1523475506549
116	1523475511694
114	1523475516836
116	1523475521979
114	1523475527128
116	1523475532273
114	1523475537431
113	1523475542571
113	1523475547714
115	1523475552860
114	1523475558005
114	1523475563175
115	1523475568319
116	1523475573468
116	1523475578613
115	1523475583762
115	1523475588906
115	1523475594050
115	1523475599218
115	1523475604371
116	1523475609519
115	1523475614667
115	1523475619809
115	1523475624956
115	1523475630100
114	1523475635246
122	1523475640421
116	1523475645563
115	1523475650710
121	1523475655872
114	1523475661051
115	1523475666197
115	1523475671343
114	1523475676493
115	1523475681642
115	1523475686804
116	1523475691953
115	1523475697100
115	1523475702243
116	1523475707395
115	1523475712549
116	1523475717705
115	1523475722865
115	1523475728022
116	1523475733174
115	1523475738324
116	1523475743474
115	1523475748658
115	1523475753808
115	1523475758965
115	1523475764115
114	1523475769256
114	1523475774405
120	1523475779567
121	1523475784755
122	1523475789921
122	1523475795105
115	1523475800248
116	1523475805392
116	1523475810544
115	1523475815697
121	1523475820853
115	1523475826004
121	1523475831167
116	1523475836318
115	1523475841463
118	1523475846639
115	1523475851790
115	1523475856936
116	1523475862089
115	1523475867236
116	1523475872387
115	1523475877560
114	1523475882708
115	1523475887855
115	1523475893007
114	1523475898166
115	1523475903311
114	1523475908475
114	1523475913617
115	1523475918765
115	1523475923905
115	1523475929048
115	1523475934191
114	1523475939336
115	1523475944484
115	1523475949629
115	1523475954774
115	1523475959925
116	1523475965074
114	1523475970238
115	1523475975385
114	1523475980528
114	1523475985675
115	1523475990817
113	1523475995965
114	1523476001119
114	1523476006266
114	1523476011414
115	1523476016557
115	1523476021707
114	1523476026846
114	1523476032002