# n1.me43raki.com
# Started at: 2018-06-03T13:20:42+01:00
# duration(ms)\tepoch(ms)
-1	1528028442622
-1	1528028443639
-1	1528028444705
-1	1528028445717
-1	1528028446732
-1	1528028447747
-1	1528028448763
-1	1528028449777
-1	1528028450793
-1	1528028451804
-1	1528028452818
-1	1528028453834
-1	1528028454849
-1	1528028455865
-1	1528028456876
-1	1528028457892
-1	1528028458906
-1	1528028459923
-1	1528028460939
-1	1528028461955
-1	1528028462969
-1	1528028463986
-1	1528028465002
-1	1528028466018
-1	1528028467034
-1	1528028468048
