# n151.meraki.com
# Started at: 2018-06-01T13:44:43+01:00
# duration(ms)\tepoch(ms)
139.108	1527857083624
137.450	1527857088778
138.344	1527857093931
137.491	1527857099082
136.827	1527857104233
136.355	1527857109390
137.031	1527857114546
138.040	1527857119697
138.007	1527857124855
137.745	1527857130010
137.244	1527857135165
137.811	1527857140319
136.944	1527857145471
139.864	1527857150659
138.846	1527857155813
138.018	1527857160967
137.175	1527857166118
141.292	1527857171269
138.357	1527857176425
136.112	1527857181584
137.299	1527857186740
137.294	1527857191890
137.372	1527857197044
138.210	1527857202198
140.995	1527857207357
137.728	1527857212511
137.837	1527857217664
137.308	1527857222814
138.168	1527857227989
136.380	1527857233138
139.110	1527857238294
138.591	1527857243450
137.973	1527857248604
138.687	1527857253755
137.652	1527857258908
137.664	1527857264062
138.588	1527857269217
137.558	1527857274371
137.879	1527857279525
138.356	1527857284679
138.143	1527857289833
138.266	1527857294988
139.549	1527857300142
137.568	1527857305372
138.393	1527857310528
140.535	1527857315688
136.704	1527857320837
136.311	1527857325988
138.140	1527857331140
138.255	1527857336295
137.203	1527857341448
138.350	1527857346603
138.307	1527857351757
137.512	1527857356911
137.661	1527857362065
138.711	1527857367221
138.765	1527857372374
138.339	1527857377528
138.947	1527857382708
138.698	1527857387855
138.491	1527857393010
138.164	1527857398163
137.619	1527857403315
138.846	1527857408467
138.365	1527857413619
137.967	1527857418773
137.524	1527857423932
138.918	1527857429082
143.162	1527857434246
138.458	1527857439400
137.074	1527857444552
137.027	1527857449704
138.037	1527857454857
137.532	1527857460043
139.096	1527857465195
138.257	1527857470348
138.832	1527857475501
138.078	1527857480656
137.801	1527857485807
138.255	1527857490955
137.797	1527857496105
141.376	1527857501264
137.865	1527857506415
137.831	1527857511568
139.039	1527857516716
137.384	1527857521866
138.395	1527857527017
138.026	1527857532167
137.129	1527857537386
182.165	1527857542579
137.654	1527857547739
136.648	1527857552896
137.115	1527857558053
137.193	1527857563208
137.641	1527857568359
137.009	1527857573508
137.021	1527857578661
138.654	1527857583817
136.361	1527857588964
137.398	1527857594119
137.633	1527857599280
137.311	1527857604439
137.789	1527857609598
137.699	1527857614809
139.526	1527857619966
137.914	1527857625128
136.195	1527857630283
137.042	1527857635440
141.967	1527857640601
137.221	1527857645756
136.976	1527857650910
137.561	1527857656061
144.107	1527857661220
137.044	1527857666369
138.305	1527857671523
137.775	1527857676676
136.873	1527857681829
138.445	1527857686988
137.878	1527857692169
138.517	1527857697323
138.138	1527857702477
138.003	1527857707630
138.297	1527857712784
137.463	1527857717933
137.625	1527857723087
137.222	1527857728236
136.732	1527857733384
139.281	1527857738539
141.688	1527857743700
137.940	1527857748857
150.355	1527857754031
137.088	1527857759190
137.209	1527857764347
138.062	1527857769522
137.529	1527857774678
137.350	1527857779824
139.864	1527857784988
	1527857796015
142.211	1527857801168
137.413	1527857806320
136.701	1527857811476
138.167	1527857816629
137.253	1527857821779
137.874	1527857826930
138.553	1527857832089
137.403	1527857837248
137.374	1527857842406
137.150	1527857847589
136.641	1527857852737
136.254	1527857857887
137.648	1527857863038
137.626	1527857868192
140.471	1527857873347
136.855	1527857878506
138.491	1527857883666
139.491	1527857888827
138.330	1527857893989
138.401	1527857899139
138.518	1527857904299
139.188	1527857909455
138.725	1527857914608
138.548	1527857919761
137.661	1527857924949
137.468	1527857930107
146.027	1527857935272
140.100	1527857940421
138.977	1527857945582
137.046	1527857950737
136.814	1527857955896
137.654	1527857961046
137.791	1527857966196
137.702	1527857971354
137.251	1527857976507
142.512	1527857981666
137.864	1527857986825
137.605	1527857991975
146.018	1527857997139
140.349	1527858002383
137.867	1527858007533
138.025	1527858012685
165.455	1527858017867
141.816	1527858023026
140.225	1527858028188
137.095	1527858033347
138.413	1527858038502
140.852	1527858043659
140.874	1527858048821
138.763	1527858053977
139.172	1527858059138
137.766	1527858064290
137.229	1527858069443
215.223	1527858074670
137.596	1527858079849
138.667	1527858085000
138.369	1527858090153
140.097	1527858095314
139.952	1527858100476
148.153	1527858105645
142.859	1527858110804
137.623	1527858115959
140.027	1527858121115
249.493	1527858126378
137.752	1527858131530
139.186	1527858136691
139.000	1527858141846
138.439	1527858147000
140.087	1527858152162
139.644	1527858157411
138.448	1527858162570
140.414	1527858167728
152.298	1527858172901
145.442	1527858178059
164.946	1527858183238
143.832	1527858188400
149.160	1527858193566
140.055	1527858198727
149.821	1527858203892
141.287	1527858209054
138.241	1527858214214
146.895	1527858219369
138.523	1527858224529
139.772	1527858229687
165.183	1527858234915
139.758	1527858240070
142.081	1527858245227
138.638	1527858250377
150.747	1527858255543
149.602	1527858260707
144.162	1527858265871
145.342	1527858271038
148.185	1527858276198
142.152	1527858281352
179.335	1527858286544
142.049	1527858291700
147.546	1527858296867
140.818	1527858302029
137.883	1527858307181
142.811	1527858312375
144.363	1527858317540
140.191	1527858322702
154.921	1527858327879
138.762	1527858333034
148.480	1527858338197
137.568	1527858343360
138.630	1527858348514
138.373	1527858353667
139.329	1527858358823
327.015	1527858364165
145.547	1527858369323
145.137	1527858374489
157.593	1527858379659
138.932	1527858384813
137.781	1527858389990
147.193	1527858395153
138.612	1527858400304
139.965	1527858405460
148.348	1527858410630
138.985	1527858415789
151.319	1527858420962
137.114	1527858426113
140.056	1527858431264
139.286	1527858436416
137.940	1527858441570
144.190	1527858446731
147.004	1527858451900
147.282	1527858457059
138.028	1527858462210
143.348	1527858467403
140.145	1527858472555
152.924	1527858477722
138.590	1527858482873
142.992	1527858488038
148.447	1527858493204
152.236	1527858498373
139.587	1527858503525
141.817	1527858508687
139.392	1527858513839
137.305	1527858518991
139.503	1527858524142
139.406	1527858529301
142.908	1527858534466
138.142	1527858539620
152.460	1527858544852
137.141	1527858550008
150.401	1527858555170
170.524	1527858560361
138.511	1527858565512
143.859	1527858570677
138.731	1527858575835
141.035	1527858580997
140.087	1527858586154
136.929	1527858591304
138.364	1527858596454
140.022	1527858601609
140.375	1527858606769
153.653	1527858611937
148.773	1527858617098
138.864	1527858622278
138.803	1527858627433
138.231	1527858632584
138.205	1527858637743
144.300	1527858642905
137.570	1527858648058
137.096	1527858653216
137.776	1527858658366
139.104	1527858663522
144.515	1527858668682
137.809	1527858673840
138.925	1527858679000
138.832	1527858684155
137.410	1527858689308
136.644	1527858694461
145.975	1527858699649
136.935	1527858704799
136.930	1527858709957
137.546	1527858715107
141.169	1527858720269
137.245	1527858725421
136.679	1527858730576
137.618	1527858735735
138.216	1527858740892
136.797	1527858746046
137.780	1527858751208
140.042	1527858756372
137.620	1527858761522
137.747	1527858766682
137.402	1527858771842
136.962	1527858777016
139.848	1527858782178
138.289	1527858787331
138.581	1527858792486
138.917	1527858797641
138.087	1527858802794
139.503	1527858807949
138.541	1527858813109
138.703	1527858818267
137.272	1527858823426
137.194	1527858828581
138.465	1527858833740
137.954	1527858838890
138.333	1527858844045
139.113	1527858849205
140.082	1527858855393
142.145	1527858860550
137.151	1527858865699
137.816	1527858870853
137.105	1527858876007
137.018	1527858881162
137.408	1527858886315
137.738	1527858891474
137.608	1527858896634
137.466	1527858901784
136.783	1527858906938
136.990	1527858912088
138.334	1527858917247
149.610	1527858922413
137.723	1527858927566
138.221	1527858932806
138.322	1527858937957
138.112	1527858943111
137.500	1527858948261
137.578	1527858953412
137.220	1527858958564
138.091	1527858963724
140.780	1527858968878
138.200	1527858974029
138.112	1527858979184
139.180	1527858984339
137.387	1527858989489
137.587	1527858994639
136.876	1527858999792
139.017	1527859004952
137.300	1527859010131
137.059	1527859015290
137.787	1527859020441
209.617	1527859025672
138.645	1527859030832
137.405	1527859035988
140.166	1527859041145
138.681	1527859046297
142.066	1527859051456
143.271	1527859056611
138.115	1527859061765
138.273	1527859066920
137.665	1527859072079
138.173	1527859077233
140.524	1527859082389
137.462	1527859087578
138.539	1527859092737
137.499	1527859097890
137.712	1527859103046
137.800	1527859108206
137.624	1527859113364
137.987	1527859118514
140.872	1527859123676
138.419	1527859128836
138.059	1527859133995
136.916	1527859139145
139.056	1527859144301
139.049	1527859149461
139.107	1527859154622
137.400	1527859159776
138.269	1527859164961
137.096	1527859170115
140.559	1527859175268
137.975	1527859180420
137.842	1527859185573
137.089	1527859190732
137.887	1527859195882
138.121	1527859201036
137.468	1527859206195
139.943	1527859211356
140.105	1527859216512
138.168	1527859221664
140.118	1527859226825
138.641	1527859231978
139.853	1527859237134
139.784	1527859242311
139.511	1527859247471
140.023	1527859252631
138.633	1527859257792
138.975	1527859262945
137.996	1527859268095
138.081	1527859273245
137.639	1527859278400
137.352	1527859283559
138.204	1527859288715
146.995	1527859293877
138.513	1527859299037
144.266	1527859304194
137.273	1527859309347
138.977	1527859314503
137.531	1527859319689
137.969	1527859324842
137.396	1527859329993
137.273	1527859335147
138.875	1527859340306
136.979	1527859345460
143.416	1527859350620
138.142	1527859355776
138.086	1527859360930
138.669	1527859366084
138.048	1527859371238
138.395	1527859376392
138.493	1527859381547
137.558	1527859386700
137.542	1527859391854
136.931	1527859397041
137.026	1527859402199
137.570	1527859407351
139.955	1527859412513
138.580	1527859417666
146.555	1527859422828
138.699	1527859427980
138.051	1527859433134
137.727	1527859438286
137.641	1527859443436
137.395	1527859448587
143.800	1527859453748
138.264	1527859458908
138.706	1527859464067
137.446	1527859469217
137.235	1527859474389
138.526	1527859479544
137.320	1527859484697
137.604	1527859489852
137.755	1527859495011
138.987	1527859500171
138.762	1527859505327
138.063	1527859510481
138.342	1527859515634
138.980	1527859520789
137.845	1527859525942
138.777	1527859531098
143.069	1527859536262
138.205	1527859541416
138.187	1527859546570
137.252	1527859551801
202.885	1527859557026
137.489	1527859562178
138.073	1527859567337
137.896	1527859572491
138.239	1527859577644
138.087	1527859582804
138.769	1527859587964
137.092	1527859593113
136.672	1527859598267
139.225	1527859603423
141.577	1527859608580
138.587	1527859613731
138.977	1527859618886
139.097	1527859624040
138.608	1527859629218
136.174	1527859634372
136.706	1527859639522
140.643	1527859644675
136.751	1527859649823
136.753	1527859654976
151.251	1527859660141
136.702	1527859665294
136.907	1527859670448
136.266	1527859675606
136.305	1527859680755
140.237	1527859685917
136.756	1527859691071
139.309	1527859696232
136.846	1527859701384
137.049	1527859706649
137.404	1527859711803
137.007	1527859716962
137.976	1527859722111
136.572	1527859727257
136.238	1527859732415
137.289	1527859737570
136.385	1527859742721
137.014	1527859747875
136.736	1527859753027
136.526	1527859758186
136.863	1527859763344
136.259	1527859768501
136.354	1527859773651
137.224	1527859778810
136.470	1527859783983
180.596	1527859789175
195.238	1527859794385
137.433	1527859799544
136.140	1527859804696
138.070	1527859809854
139.452	1527859815015
137.381	1527859820164
142.513	1527859825328
138.151	1527859830484
137.184	1527859835629
137.011	1527859840782
136.663	1527859845937
135.895	1527859851090
136.794	1527859856237
136.211	1527859861418
137.961	1527859866572
137.172	1527859871727
137.992	1527859876880
137.203	1527859882034
136.534	1527859887189
137.184	1527859892342
136.992	1527859897501
160.555	1527859902678
137.219	1527859907837
138.643	1527859912991
137.136	1527859918141
136.706	1527859923295
215.217	1527859928529
137.186	1527859933685
137.934	1527859938861
138.164	1527859944015
139.375	1527859949171
138.506	1527859954324
142.446	1527859959488
137.461	1527859964637
137.353	1527859969786
137.178	1527859974943
137.660	1527859980095
138.484	1527859985254
138.068	1527859990414
137.814	1527859995571
137.198	1527860000722
142.895	1527860005882
168.585	1527860011068
137.041	1527860016244
137.746	1527860021403
137.128	1527860026556
137.428	1527860031711
137.176	1527860036864
141.006	1527860042017
137.755	1527860047173
140.341	1527860052335
137.227	1527860057487
137.701	1527860062643
138.204	1527860067796
138.099	1527860072955
137.504	1527860078105
137.871	1527860083254
138.006	1527860088406
137.568	1527860093589
137.810	1527860098741
136.451	1527860103891
136.832	1527860109049
138.119	1527860114201
136.594	1527860119353
140.754	1527860124516
137.048	1527860129668
138.808	1527860134828
138.124	1527860139988
137.158	1527860145142
137.768	1527860150295
137.736	1527860155445
137.755	1527860160599
136.956	1527860165752
137.985	1527860170930
137.286	1527860176089
136.589	1527860181243
137.493	1527860186402
140.283	1527860191564
343.619	1527860196926
138.099	1527860202078
140.336	1527860207231
138.815	1527860212385
141.668	1527860217548
137.653	1527860222694
137.356	1527860227854
137.553	1527860233006
142.501	1527860238170
140.913	1527860243322
137.318	1527860248497
141.814	1527860253656
138.927	1527860258813
138.437	1527860263972
137.415	1527860269122
139.182	1527860274275
137.968	1527860279435
136.869	1527860284587
137.242	1527860289736
136.621	1527860294888
137.086	1527860300037
136.488	1527860305192
136.219	1527860310340
136.207	1527860315494
136.427	1527860320647
136.003	1527860325825
141.067	1527860330980
137.890	1527860336133
136.936	1527860341282
136.963	1527860346432
139.748	1527860351586
142.835	1527860356742
137.411	1527860361890
137.798	1527860367042
136.146	1527860372197
138.930	1527860377352
136.949	1527860382506
137.194	1527860387657
136.495	1527860392811
136.912	1527860397960
138.105	1527860403144
136.803	1527860408296
137.853	1527860413451
138.090	1527860418602
137.532	1527860423752
138.065	1527860428907
137.998	1527860434056
137.473	1527860439211
137.596	1527860444364
140.232	1527860449520
137.882	1527860454674
140.752	1527860459827
137.243	1527860464980
137.858	1527860470135
137.215	1527860475289
137.125	1527860480466
140.252	1527860485622
137.200	1527860490778
137.471	1527860495933
139.834	1527860501086
137.220	1527860506232
136.845	1527860511384
138.631	1527860516536
143.547	1527860521696
138.555	1527860526853
304.676	1527860532174
137.726	1527860537322
140.213	1527860542474
137.256	1527860547626
137.085	1527860552775
136.354	1527860557959
137.485	1527860563114
137.433	1527860568265
138.787	1527860573421
139.263	1527860578577
138.033	1527860583732
137.942	1527860588884
138.156	1527860594037
137.306	1527860599191
138.372	1527860604346
137.074	1527860609501
137.545	1527860614653
138.036	1527860619808
137.786	1527860624961
142.471	1527860630131
136.840	1527860635309
136.786	1527860640463
138.900	1527860645616
137.273	1527860650766
137.001	1527860655916
141.009	1527860661077
137.274	1527860666235
137.351	1527860671388
137.602	1527860676536
137.400	1527860681685
137.906	1527860686839
137.886	1527860691994
138.239	1527860697143
142.999	1527860702302
136.472	1527860707455
136.695	1527860712623
137.068	1527860717772
160.145	1527860722945
137.203	1527860728099
143.721	1527860733261
137.917	1527860738420
137.361	1527860743574
138.630	1527860748730
138.138	1527860753884
139.561	1527860759040
138.042	1527860764195
137.870	1527860769346
137.504	1527860774497
138.393	1527860779649
139.207	1527860784804
139.729	1527860789991
138.232	1527860795141
137.704	1527860800294
137.817	1527860805448
137.423	1527860810602
138.212	1527860815757
139.153	1527860820911
138.395	1527860826066
137.839	1527860831221
137.761	1527860836373
138.209	1527860841528
137.624	1527860846680
138.559	1527860851836
141.653	1527860856995
138.348	1527860862152
137.896	1527860867372
138.450	1527860872527
137.636	1527860877684
138.875	1527860882836
137.435	1527860887991
137.904	1527860893151
137.898	1527860898306
136.501	1527860903460
138.286	1527860908617
137.253