# n17.meraki.com
# Started at: 2018-06-01T13:44:43+01:00
# duration(ms)\tepoch(ms)
153.257	1527857083607
145.437	1527857088765
147.376	1527857093922
147.324	1527857099082
145.832	1527857104239
145.745	1527857109401
145.686	1527857114562
145.433	1527857119720
146.271	1527857124875
145.224	1527857130028
145.994	1527857135184
145.954	1527857140338
145.774	1527857145492
146.842	1527857150664
146.307	1527857155823
145.952	1527857160986
145.685	1527857166171
146.175	1527857171328
145.097	1527857176491
145.242	1527857181655
144.986	1527857186813
144.645	1527857191975
145.841	1527857197137
145.780	1527857202296
147.090	1527857207458
145.744	1527857212616
145.889	1527857217775
145.379	1527857222932
145.489	1527857228087
146.532	1527857233242
146.440	1527857238407
147.082	1527857243590
145.949	1527857248751
145.863	1527857253916
148.455	1527857259084
145.581	1527857264250
148.324	1527857269420
147.671	1527857274585
152.466	1527857279755
145.509	1527857284917
145.680	1527857290080
150.176	1527857295244
144.657	1527857300401
146.056	1527857305556
146.286	1527857310718
147.168	1527857315880
144.855	1527857321047
144.852	1527857326207
146.120	1527857331368
147.456	1527857336530
145.728	1527857341688
145.646	1527857346851
145.615	1527857352016
146.287	1527857357176
145.425	1527857362333
145.762	1527857367495
146.801	1527857372657
146.329	1527857377823
146.492	1527857382983
145.758	1527857388142
146.331	1527857393304
145.842	1527857398479
145.452	1527857403637
146.798	1527857408804
144.427	1527857413968
147.301	1527857419123
146.853	1527857424284
145.847	1527857429449
145.490	1527857434608
146.116	1527857439811
145.790	1527857444968
147.419	1527857450130
145.981	1527857455367
145.328	1527857460527
145.888	1527857465688
167.604	1527857470871
167.182	1527857476052
148.287	1527857481214
145.779	1527857486374
144.902	1527857491530
145.725	1527857496685
144.440	1527857501842
145.703	1527857507003
145.812	1527857512157
145.118	1527857517316
145.666	1527857522471
145.103	1527857527629
145.045	1527857532811
146.876	1527857537973
145.215	1527857543130
144.988	1527857548287
148.903	1527857553446
146.246	1527857558607
146.359	1527857563767
147.780	1527857568929
146.488	1527857574088
146.084	1527857579242
144.678	1527857584396
146.464	1527857589555
144.576	1527857594713
145.338	1527857599870
145.268	1527857605027
145.606	1527857610200
146.860	1527857615362
148.066	1527857620520
145.924	1527857625677
147.567	1527857630838
145.707	1527857635999
146.223	1527857641183
146.235	1527857646341
148.917	1527857651504
145.173	1527857656661
147.229	1527857661823
146.655	1527857666981
146.591	1527857672138
146.071	1527857677295
146.361	1527857682454
145.851	1527857687611
147.393	1527857692770
149.105	1527857697932
149.686	1527857703098
144.813	1527857708259
145.657	1527857713420
146.264	1527857718598
146.630	1527857723755
144.988	1527857728911
146.003	1527857734071
144.957	1527857739229
144.770	1527857744410
145.373	1527857749572
148.551	1527857754730
145.347	1527857759892
145.671	1527857765051
145.265	1527857770208
147.327	1527857775366
145.383	1527857780529
146.630	1527857785688
145.162	1527857790847
146.953	1527857796015
145.743	1527857801175
147.673	1527857806334
146.519	1527857811494
145.445	1527857816658
146.487	1527857821853
146.826	1527857827022
144.585	1527857832178
146.106	1527857837340
146.682	1527857842504
147.425	1527857847663
145.777	1527857852824
145.239	1527857857989
145.813	1527857863148
145.716	1527857868314
145.640	1527857873476
145.929	1527857878645
148.215	1527857883814
144.808	1527857888975
146.069	1527857894149
146.740	1527857899373
146.332	1527857904539
145.073	1527857909699
147.451	1527857914857
145.760	1527857920019
145.804	1527857925185
146.754	1527857930345
146.735	1527857935508
147.720	1527857940672
145.160	1527857945834
146.800	1527857950996
146.264	1527857956155
145.265	1527857961315
149.472	1527857966484
145.107	1527857971646
146.217	1527857976828
147.820	1527857981991
150.040	1527857987155
145.641	1527857992322
145.745	1527857997492
146.851	1527858002653
145.885	1527858007821
145.628	1527858012988
145.482	1527858018154
145.734	1527858023315
145.273	1527858028473
146.384	1527858033635
154.447	1527858038812
150.288	1527858043976
147.488	1527858049140
145.898	1527858054307
146.514	1527858059469
144.864	1527858064635
145.905	1527858069903
147.923	1527858075073
145.141	1527858080232
145.730	1527858085390
145.636	1527858090565
147.184	1527858095730
146.367	1527858100897
145.815	1527858106055
147.367	1527858111220
152.175	1527858116394
147.961	1527858121558
150.417	1527858126727
145.683	1527858131886
146.636	1527858137053
160.454	1527858142235
160.265	1527858147413
149.497	1527858152576
151.697	1527858157745
148.966	1527858162907
146.664	1527858168099
240.240	1527858173354
146.477	1527858178513
146.014	1527858183680
147.809	1527858188840
144.828	1527858194004
152.981	1527858199170
145.591	1527858204328
147.770	1527858209490
152.642	1527858214654
154.378	1527858219822
145.889	1527858224985
197.405	1527858230205
152.030	1527858235382
154.283	1527858240553
150.198	1527858245749
147.967	1527858250919
249.583	1527858256182
149.091	1527858261345
147.298	1527858266504
147.021	1527858271669
146.787	1527858276829
147.992	1527858281990
152.983	1527858287164
157.963	1527858292337
146.168	1527858297505
146.975	1527858302673
150.332	1527858307838
146.100	1527858313003
151.053	1527858318168
145.345	1527858323374
146.512	1527858328538
147.421	1527858333703
153.853	1527858338875
146.657	1527858344043
147.778	1527858349207
147.671	1527858354366
144.909	1527858359532
150.054	1527858364695
146.882	1527858369858
165.726	1527858375036
156.530	1527858380213
147.119	1527858385381
151.039	1527858390579
145.811	1527858395737
150.889	1527858400902
147.656	1527858406065
147.887	1527858411225
152.220	1527858416394
153.218	1527858421569
148.394	1527858426733
149.198	1527858431901
160.662	1527858437078
147.946	1527858442237
147.070	1527858447401
150.067	1527858452564
148.653	1527858457728
176.722	1527858462926
148.424	1527858468109
154.669	1527858473275
154.085	1527858478448
153.254	1527858483622
154.947	1527858488793
146.404	1527858493960
167.471	1527858499142
145.932	1527858504305
147.203	1527858509465
146.415	1527858514633
144.531	1527858519793
156.980	1527858524981
146.493	1527858530145
152.070	1527858535310
153.019	1527858540481
150.936	1527858545652
152.875	1527858550815
148.466	1527858555975
153.484	1527858561149
147.384	1527858566309
144.383	1527858571478
149.164	1527858576641
146.879	1527858581802
149.015	1527858586990
151.911	1527858592155
158.741	1527858597330
149.193	1527858602501
153.807	1527858607676
157.770	1527858612847
147.844	1527858618017
145.693	1527858623178
154.731	1527858628346
151.454	1527858633511
148.213	1527858638681
145.364	1527858643847
145.695	1527858649007
147.094	1527858654188
145.404	1527858659355
145.617	1527858664516
146.122	1527858669675
146.486	1527858674836
145.356	1527858679995
147.222	1527858685157
158.367	1527858690336
146.786	1527858695499
146.297	1527858700679
145.281	1527858705840
146.291	1527858711004
145.607	1527858716160
144.929	1527858721324
147.978	1527858726486
145.245	1527858731643
145.527	1527858736807
146.759	1527858741979
150.152	1527858747148
145.531	1527858752309
146.341	1527858757471
145.876	1527858762639
144.908	1527858767863
145.146	1527858773030
152.927	1527858778202
146.572	1527858783359
146.378	1527858788518
148.878	1527858793680
145.858	1527858798848
145.328	1527858804015
145.993	1527858809174
146.020	1527858814342
145.591	1527858819499
147.257	1527858824668
144.628	1527858829831
145.776	1527858834998
145.460	1527858840158
144.561	1527858845387
147.017	1527858850548
144.892	1527858855707
145.470	1527858860867
144.269	1527858866026
144.308	1527858871189
144.540	1527858876346
148.567	1527858881510
144.881	1527858886671
145.087	1527858891837
144.946	1527858896995
145.209	1527858902155
146.283	1527858907321
145.274	1527858912487
150.026	1527858917659
144.573	1527858922839
144.933	1527858928005
145.255	1527858933163
145.712	1527858938324
145.546	1527858943518
145.745	1527858948685
145.628	1527858953844
145.364	1527858958998
145.367	1527858964158
146.066	1527858969325
146.117	1527858974484
146.283	1527858979643
145.811	1527858984803
145.706	1527858989970
147.017	1527858995130
148.085	1527859000291
145.591	1527859005458
145.422	1527859010620
145.894	1527859015787
145.389	1527859020974
146.129	1527859026132
145.535	1527859031299
145.392	1527859036460
147.287	1527859041629
145.859	1527859046791
156.937	1527859051963
146.576	1527859057124
145.699	1527859062280
145.127	1527859067447
146.492	1527859072609
146.839	1527859077778
147.212	1527859082942
146.378	1527859088101
153.378	1527859093277
145.819	1527859098461
151.039	1527859103632
145.895	1527859108799
146.050	1527859113967
145.721	1527859119133
145.844	1527859124298
146.071	1527859129456
145.198	1527859134619
153.657	1527859139788
146.985	1527859144952
145.598	1527859150111
146.900	1527859155273
146.086	1527859160432
147.933	1527859165596
147.347	1527859170766
150.804	1527859175967
148.418	1527859181133
145.263	1527859186296
145.607	1527859191451
145.661	1527859196615
145.923	1527859201782
147.528	1527859206951
145.661	1527859212112
146.103	1527859217276
144.858	1527859222435
147.301	1527859227603
150.628	1527859232768
146.553	1527859237936
146.068	1527859243099
154.122	1527859248267
145.770	1527859253534
147.971	1527859258700
145.279	1527859263862
146.029	1527859269023
146.042	1527859274182
145.523	1527859279342
146.507	1527859284501
145.710	1527859289666
145.475	1527859294827
146.457	1527859299991
146.297	1527859305154
146.298	1527859310316
150.157	1527859315484
146.043	1527859320645
145.226	1527859325804
146.679	1527859330979
145.704	1527859336136
145.906	1527859341297
145.055	1527859346464
146.082	1527859351631
145.827	1527859356794
146.706	1527859361960
146.265	1527859367123
147.496	1527859372303
149.576	1527859377469
146.257	1527859382627
145.990	1527859387788
145.191	1527859392946
145.550	1527859398105
145.927	1527859403263
147.278	1527859408422
146.071	1527859413580
145.869	1527859418743
146.310	1527859423902
146.846	1527859429071
145.425	1527859434233
146.291	1527859439397
146.873	1527859444577
146.129	1527859449742
146.072	1527859454902
146.768	1527859460070
145.251	1527859465235
146.442	1527859470396
146.193	1527859475582
145.485	1527859480740
144.991	1527859485899
145.461	1527859491059
145.421	1527859496214
146.354	1527859501372
145.546	1527859506532
145.861	1527859511693
145.084	1527859516850
147.231	1527859522011
147.773	1527859527181
146.374	1527859532348
149.030	1527859537518
146.056	1527859542677
146.264	1527859547841
145.985	1527859553028
146.355	1527859558196
145.777	1527859563358
146.437	1527859568519
145.980	1527859573686
145.553	1527859578843
146.376	1527859584003
145.775	1527859589171
146.571	1527859594339
146.339	1527859599506
146.438	1527859604666
146.338	1527859609827
146.697	1527859614988
145.115	1527859620146
145.691	1527859625306
145.013	1527859630486
145.417	1527859635654
144.878	1527859640813
144.147	1527859645973
149.668	1527859651138
144.511	1527859656298
148.972	1527859661464
212.792	1527859666693
145.027	1527859671858
150.465	1527859677020
145.274	1527859682181
145.228	1527859687346
148.219	1527859692509
145.787	1527859697667
158.435	1527859702880
144.995	1527859708038
146.091	1527859713203
144.466	1527859718363
144.859	1527859723530
147.299	1527859728690
146.027	1527859733850
144.961	1527859739017
145.841	1527859744184
144.985	1527859749347
145.147	1527859754506
145.558	1527859759667
146.102	1527859764827
145.327	1527859769992
145.074	1527859775152
144.415	1527859780378
145.082	1527859785535
145.074	1527859790695
144.879	1527859795855
144.715	1527859801021
146.023	1527859806187
145.390	1527859811352
147.374	1527859816521
145.441	1527859821689
144.675	1527859826854
145.430	1527859832015
144.575	1527859837173
145.434	1527859842338
145.710	1527859847505
146.937	1527859852668
145.140	1527859857852
144.584	1527859863017
145.441	1527859868184
146.042	1527859873342
144.436	1527859878500
148.215	1527859883665
145.461	1527859888827
145.739	1527859893994
145.848	1527859899153
149.392	1527859904314
145.499	1527859909478
147.834	1527859914640
145.908	1527859919807
146.098	1527859924971
144.943	1527859930130
145.250	1527859935315
145.759	1527859940476
145.675	1527859945636
146.150	1527859950797
146.809	1527859955957
145.855	1527859961117
144.808	1527859966280
145.593	1527859971442
145.603	1527859976602
146.490	1527859981770
144.644	1527859986929
146.802	1527859992094
145.517	1527859997261
144.755	1527860002424
145.715	1527860007585
146.473	1527860012858
144.997	1527860018014
146.694	1527860023183
146.875	1527860028342
146.461	1527860033502
145.441	1527860038660
145.484	1527860043820
145.821	1527860048981
145.495	1527860054141
145.877	1527860059300
145.511	1527860064468
173.741	1527860069663
145.191	1527860074821
147.233	1527860079983
147.836	1527860085142
146.350	1527860090382
145.181	1527860095539
145.267	1527860100701
145.666	1527860105862
145.587	1527860111024
192.608	1527860116234
145.868	1527860121394
168.320	1527860126576
145.454	1527860131743
145.345	1527860136903
145.238	1527860142064
146.304	1527860147232
146.257	1527860152394
145.347	1527860157553
147.111	1527860162720
145.202	1527860167901
148.454	1527860173072
199.441	1527860178288
146.736	1527860183447
145.763	1527860188614
145.459	1527860193781
146.361	1527860198950
147.075	1527860204106
146.257	1527860209274
147.136	1527860214442
145.469	1527860219615
146.232	1527860224779
147.605	1527860229939
145.019	1527860235119
145.029	1527860240282
147.846	1527860245452
155.788	1527860250629
146.441	1527860255796
146.724	1527860260959
146.657	1527860266122
145.615	1527860271286
146.203	1527860276447
145.046	1527860281613
146.079	1527860286773
144.967	1527860291936
145.795	1527860297099
145.703	1527860302257
145.407	1527860307417
145.773	1527860312609
145.609	1527860317774
144.799	1527860322935
145.697	1527860328098
161.704	1527860333274
147.289	1527860338436
144.381	1527860343593
145.147	1527860348755
153.356	1527860353925
153.466	1527860359094
292.311	1527860364400
144.500	1527860369558
145.787	1527860374716
145.806	1527860379879
144.995	1527860385040
146.017	1527860390225
145.553	1527860395387
144.549	1527860400544
150.287	1527860405711
144.923	1527860410869
145.654	1527860416029
145.102	1527860421190
145.920	1527860426351
146.110	1527860431511
145.395	1527860436668
147.876	1527860441832
146.117	1527860446990
145.350	1527860452149
151.198	1527860457315
145.271	1527860462474
145.064	1527860467647
148.996	1527860472810
145.867	1527860477968
145.939	1527860483127
145.717	1527860488287
146.074	1527860493448
145.405	1527860498615
167.759	1527860503790
146.068	1527860508957
146.065	1527860514115
147.253	1527860519276
146.366	1527860524438
146.822	1527860529624
147.000	1527860534785
146.322	1527860539944
145.793	1527860545121
145.553	1527860550279
145.510	1527860555439
148.551	1527860560602
146.700	1527860565766
145.275	1527860570961
146.566	1527860576119
146.204	1527860581278
146.328	1527860586441
219.260	1527860591675
147.574	1527860596842
145.519	1527860601998
145.985	1527860607152
145.225	1527860612312
146.298	1527860617471
146.509	1527860622633
144.875	1527860627787
146.369	1527860632951
198.381	1527860638163
222.696	1527860643400
152.136	1527860648602
146.393	1527860653761
146.172	1527860658922
146.243	1527860664085
149.037	1527860669247
145.423	1527860674409
145.925	1527860679570
147.373	1527860684729
145.630	1527860689891
158.014	1527860695066
146.356	1527860700227
146.563	1527860705389
148.294	1527860710546
145.525	1527860715710
152.580	1527860720874
154.001	1527860726070
147.253	1527860731229
146.406	1527860736393
145.375	1527860741552
148.989	1527860746715
147.445	1527860751880
146.243	1527860757038
145.730	1527860762197
145.993	1527860767359
145.675	1527860772518
145.291	1527860777681
145.452	1527860782842
149.729	1527860788007
146.763	1527860793170
146.605	1527860798330
145.535	1527860803510
146.526	1527860808672
145.523	1527860813831
152.315	1527860818999
146.717	1527860824158
149.140	1527860829324
145.121	1527860834482
188.279	1527860839686
147.481	1527860844850
146.312	1527860850010
147.024	1527860855170
152.850	1527860860396
145.693	1527860865559
146.761	1527860870722
146.487	1527860875881
145.429	1527860881045
145.909	1527860886204
145.599	1527860891363
148.152	1527860896532
146.658	1527860901694
146.417	1527860906856
146.239