# n171.meraki.com
# Started at: 2018-06-01T13:44:43+01:00
# duration(ms)\tepoch(ms)
44.393	1527857083522
17.928	1527857088554
19.131	1527857093585
21.956	1527857098622
20.200	1527857103659
19.607	1527857108695
30.363	1527857113739
20.963	1527857118777
34.309	1527857123830
19.570	1527857128884
19.133	1527857133919
19.264	1527857138951
22.686	1527857143986
19.207	1527857149023
21.160	1527857154075
19.570	1527857159110
18.881	1527857164138
20.354	1527857169171
19.410	1527857174206
20.284	1527857179239
18.780	1527857184272
18.623	1527857189309
26.106	1527857194347
20.145	1527857199384
18.782	1527857204416
19.452	1527857209475
19.607	1527857214511
18.716	1527857219541
18.351	1527857224573
19.458	1527857229601
18.948	1527857234628
19.092	1527857239662
18.829	1527857244696
18.937	1527857249729
19.196	1527857254761
18.802	1527857259793
19.365	1527857264825
18.491	1527857269857
18.981	1527857274890
18.226	1527857279921
20.039	1527857284970
18.497	1527857290003
18.113	1527857295033
20.695	1527857300070
19.003	1527857305106
19.043	1527857310137
19.912	1527857315172
18.422	1527857320203
20.149	1527857325239
18.731	1527857330272
19.044	1527857335305
18.397	1527857340340
18.462	1527857345373
19.567	1527857350409
19.082	1527857355461
19.786	1527857360496
19.830	1527857365528
19.400	1527857370560
19.343	1527857375594
22.180	1527857380633
18.570	1527857385667
18.628	1527857390696
19.746	1527857395729
18.896	1527857400757
19.447	1527857405798
23.549	1527857410834
18.770	1527857415863
18.539	1527857420918
18.819	1527857425956
18.903	1527857430992
19.166	1527857436026
22.487	1527857441063
18.883	1527857446093
18.383	1527857451128
19.179	1527857456160
20.387	1527857461193
22.336	1527857466225
18.450	1527857471258
19.297	1527857476290
19.441	1527857481325
18.875	1527857486359
17.863	1527857491390
19.935	1527857496437
18.568	1527857501465
18.626	1527857506495
18.016	1527857511526
18.675	1527857516573
19.730	1527857521609
20.009	1527857526636
18.699	1527857531669
19.261	1527857536718
19.387	1527857541754
18.932	1527857546786
19.073	1527857551820
19.059	1527857556856
19.114	1527857561888
18.653	1527857566918
19.300	1527857571951
18.747	1527857576986
18.589	1527857582022
18.477	1527857587055
19.629	1527857592086
19.090	1527857597117
19.149	1527857602151
18.519	1527857607182
18.808	1527857612237
17.798	1527857617265
18.113	1527857622296
19.476	1527857627331
23.909	1527857632370
20.775	1527857637401
19.895	1527857642434
19.776	1527857647470
19.171	1527857652506
19.769	1527857657541
18.761	1527857662577
19.229	1527857667613
18.181	1527857672717
20.220	1527857677749
19.926	1527857682783
19.209	1527857687813
19.085	1527857692849
19.887	1527857697884
18.849	1527857702916
20.105	1527857707952
20.006	1527857712986
17.661	1527857718018
19.102	1527857723053
18.663	1527857728084
18.896	1527857733150
19.287	1527857738185
18.997	1527857743217
18.863	1527857748249
19.211	1527857753283
20.240	1527857758318
19.722	1527857763350
22.271	1527857768391
19.609	1527857773424
19.097	1527857778462
19.712	1527857783500
20.823	1527857788534
18.448	1527857793565
22.991	1527857798609
21.383	1527857803652
17.854	1527857808706
19.338	1527857813741
18.764	1527857818772
18.002	1527857823808
89.917	1527857828913
23.720	1527857833974
19.210	1527857839011
19.936	1527857844053
24.709	1527857849094
19.322	1527857854127
19.160	1527857859164
19.030	1527857864201
22.298	1527857869237
20.951	1527857874273
19.253	1527857879304
19.926	1527857884337
17.836	1527857889404
18.868	1527857894437
19.850	1527857899478
20.941	1527857904520
18.306	1527857909553
18.548	1527857914596
20.290	1527857919632
18.823	1527857924672
20.236	1527857929713
20.031	1527857934752
18.420	1527857939783
18.699	1527857944824
18.624	1527857949858
19.653	1527857954891
18.862	1527857959924
18.122	1527857964977
21.883	1527857970021
18.412	1527857975054
21.252	1527857980094
18.965	1527857985122
20.606	1527857990161
21.098	1527857995197
19.781	1527858000233
19.978	1527858005271
17.766	1527858010308
19.209	1527858015341
19.302	1527858020374
24.439	1527858025420
24.147	1527858030460
21.043	1527858035502
22.501	1527858040561
19.116	1527858045602
18.896	1527858050643
22.059	1527858055677
25.268	1527858060740
19.445	1527858065781
18.442	1527858070816
33.675	1527858075872
19.096	1527858080910
24.617	1527858085948
19.911	1527858090981
19.574	1527858096014
20.078	1527858101055
18.258	1527858106095
20.474	1527858111146
48.256	1527858116206
20.904	1527858121248
51.833	1527858126313
26.462	1527858131356
21.592	1527858136399
20.046	1527858141430
26.049	1527858146469
18.088	1527858151499
20.692	1527858156538
19.391	1527858161571
20.592	1527858166604
25.304	1527858171650
19.587	1527858176701
20.136	1527858181735
19.311	1527858186776
19.617	1527858191812
28.713	1527858196858
35.513	1527858201951
18.513	1527858206991
23.581	1527858212030
21.343	1527858217073
27.648	1527858222115
18.308	1527858227145
20.931	1527858232188
21.802	1527858237225
34.274	1527858242280
18.999	1527858247313
20.305	1527858252355
25.292	1527858257397
18.453	1527858262428
22.508	1527858267465
21.027	1527858272502
21.358	1527858277572
32.365	1527858282617
20.418	1527858287659
25.087	1527858292701
19.357	1527858297739
28.279	1527858302783
24.187	1527858307856
19.165	1527858312890
21.679	1527858317928
20.332	1527858322969
20.416	1527858328004
17.890	1527858333035
24.042	1527858338076
20.719	1527858343108
20.056	1527858348145
20.972	1527858353186
30.932	1527858358232
19.949	1527858363268
28.998	1527858368319
18.051	1527858373358
21.191	1527858378391
24.728	1527858383460
24.361	1527858388506
19.093	1527858393538
22.215	1527858398573
19.549	1527858403609
20.903	1527858408642
19.014	1527858413673
21.818	1527858418708
18.480	1527858423743
25.689	1527858428782
26.123	1527858433821
21.637	1527858438855
23.386	1527858443896
27.270	1527858448944
22.325	1527858453981
21.613	1527858459042
22.289	1527858464084
20.090	1527858469118
21.091	1527858474155
19.783	1527858479196
24.426	1527858484242
25.951	1527858489281
27.424	1527858494324
19.064	1527858499361
24.886	1527858504399
19.813	1527858509430
18.636	1527858514461
24.753	1527858519496
28.945	1527858524585
22.256	1527858529620
21.586	1527858534657
19.488	1527858539693
21.966	1527858544731
18.242	1527858549762
29.996	1527858554806
26.686	1527858559855
59.960	1527858564929
23.274	1527858569965
18.023	1527858575004
21.466	1527858580039
18.622	1527858585074
32.652	1527858590121
19.150	1527858595157
18.585	1527858600233
20.607	1527858605270
19.449	1527858610310
19.823	1527858615344
26.402	1527858620386
23.825	1527858625431
18.854	1527858630463
20.156	1527858635504
27.651	1527858640546
21.258	1527858645579
17.866	1527858650615
19.215	1527858655647
20.431	1527858660680
18.108	1527858665710
21.848	1527858670752
17.651	1527858675801
18.940	1527858680841
18.747	1527858685876
17.995	1527858690915
18.642	1527858695955
19.273	1527858700996
19.072	1527858706027
18.902	1527858711065
18.619	1527858716101
17.876	1527858721148
18.541	1527858726188
18.310	1527858731222
19.295	1527858736271
20.291	1527858741311
19.645	1527858746351
18.817	1527858751387
20.275	1527858756431
19.528	1527858761467
19.617	1527858766501
17.936	1527858771532
19.624	1527858776574
17.950	1527858781610
19.177	1527858786651
19.809	1527858791683
19.565	1527858796741
19.223	1527858801771
25.305	1527858806815
21.485	1527858811858
18.464	1527858816893
21.493	1527858821930
20.128	1527858826972
19.867	1527858832004
19.669	1527858837045
19.415	1527858842082
25.308	1527858847129
18.341	1527858852162
18.200	1527858857199
18.304	1527858862232
17.649	1527858867271
17.979	1527858872315
18.998	1527858877352
19.212	1527858882392
18.451	1527858887432
17.626	1527858892463
18.561	1527858897498
18.807	1527858902530
17.980	1527858907564
17.524	1527858912594
17.716	1527858917727
18.027	1527858922766
17.616	1527858927800
17.758	1527858932841
17.662	1527858937871
19.163	1527858942904
18.499	1527858947944
18.815	1527858952975
19.059	1527858958012
18.724	1527858963044
18.159	1527858968083
18.152	1527858973124
21.468	1527858978159
17.911	1527858983198
19.149	1527858988235
17.809	1527858993291
18.060	1527858998322
19.655	1527859003363
17.630	1527859008403
20.154	1527859013438
17.741	1527859018478
19.049	1527859023512
19.479	1527859028551
18.452	1527859033591
19.332	1527859038632
19.449	1527859043669
19.741	1527859048704
19.679	1527859053741
18.866	1527859058773
19.031	1527859063805
18.280	1527859068856
17.776	1527859073891
18.844	1527859078932
18.794	1527859083971
19.621	1527859089008
19.700	1527859094034
19.968	1527859099076
20.137	1527859104117
19.997	1527859109153
75.275	1527859114247
18.506	1527859119285
18.996	1527859124340
22.699	1527859129384
19.012	1527859134418
19.396	1527859139475
19.016	1527859144505
32.206	1527859149552
23.485	1527859154597
42.174	1527859159660
19.403	1527859164699
18.674	1527859169740
19.226	1527859174772
29.124	1527859179823
18.450	1527859184862
19.592	1527859189904
22.147	1527859194960
19.216	1527859200000
18.591	1527859205040
18.486	1527859210075
18.696	1527859215119
23.962	1527859220160
19.013	1527859225201
21.745	1527859230260
23.248	1527859235305
20.235	1527859240340
24.651	1527859245377
18.453	1527859250409
21.412	1527859255469
18.921	1527859260506
19.033	1527859265540
18.972	1527859270573
19.089	1527859275605
21.348	1527859280640
18.976	1527859285680
18.959	1527859290714
18.910	1527859295746
18.788	1527859300777
18.971	1527859305826
18.182	1527859310865
19.675	1527859315898
19.539	1527859320931
18.096	1527859325961
19.129	1527859330997
18.570	1527859336033
21.936	1527859341068
19.216	1527859346106
20.370	1527859351142
18.951	1527859356173
19.884	1527859361246
18.776	1527859366286
18.498	1527859371320
18.850	1527859376361
19.462	1527859381393
18.776	1527859386450
19.305	1527859391486
18.609	1527859396517
18.988	1527859401550
19.009	1527859406590
19.651	1527859411631
19.538	1527859416664
20.145	1527859421705
17.701	1527859426745
19.370	1527859431778
20.003	1527859436810
18.464	1527859441851
18.335	1527859446893
17.966	1527859451924
18.229	1527859456956
18.888	1527859462005
19.029	1527859467043
20.000	1527859472077
19.437	1527859477109
18.298	1527859482163
18.546	1527859487198
19.879	1527859492230
19.040	1527859497256
18.943	1527859502287
19.563	1527859507321
18.848	1527859512352
23.459	1527859517389
19.198	1527859522422
23.392	1527859527466
20.004	1527859532508
22.065	1527859537574
19.874	1527859542609
18.120	1527859547649
18.266	1527859552684
19.413	1527859557714
18.909	1527859562749
19.209	1527859567787
19.225	1527859572821
24.051	1527859577858
18.418	1527859582896
20.648	1527859587936
19.098	1527859592972
18.516	1527859598012
20.491	1527859603050
21.729	1527859608088
18.532	1527859613142
19.782	1527859618180
20.117	1527859623220
18.067	1527859628254
17.529	1527859633293
18.160	1527859638323
18.821	1527859643364
18.034	1527859648431
17.750	1527859653461
20.267	1527859658496
19.037	1527859663529
18.155	1527859668565
18.102	1527859673597
17.923	1527859678628
18.611	1527859683661
18.352	1527859688701
18.068	1527859693731
18.225	1527859698765
17.301	1527859703826
19.166	1527859708864
17.340	1527859713903
17.515	1527859718943
18.037	1527859723977
17.828	1527859729017
17.477	1527859734052
18.225	1527859739093
18.683	1527859744124
17.318	1527859749164
17.768	1527859754193
18.090	1527859759233
18.235	1527859764264
17.694	1527859769303
24.364	1527859774344
19.270	1527859779399
17.922	1527859784432
19.464	1527859789467
18.011	1527859794498
19.239	1527859799531
22.211	1527859804575
17.586	1527859809605
18.575	1527859814636
18.139	1527859819672
18.135	1527859824711
18.970	1527859829746
18.450	1527859834781
17.190	1527859839823
19.335	1527859844858
17.871	1527859849892
17.683	1527859854931
17.472	1527859859963
18.175	1527859864996
18.141	1527859870035
18.110	1527859875065
19.939	1527859880102
19.359	1527859885137
20.029	1527859890169
19.208	1527859895252
19.363	1527859900281
20.340	1527859905319
18.495	1527859910350
20.317	1527859915392
19.119	1527859920433
19.959	1527859925466
19.444	1527859930498
18.293	1527859935532
18.532	1527859940570
18.379	1527859945610
19.940	1527859950644
19.902	1527859955682
19.010	1527859960718
18.071	1527859965782
19.459	1527859970823
20.600	1527859975856
19.639	1527859980897
21.164	1527859985933
19.085	1527859990974
20.351	1527859996012
18.798	1527860001052
20.555	1527860006088
19.402	1527860011129
18.413	1527860016164
19.480	1527860021197
18.820	1527860026235
19.012	1527860031266
17.890	1527860036299
17.489	1527860041346
18.211	1527860046385
18.061	1527860051424
18.018	1527860056464
17.985	1527860061498
19.299	1527860066534
18.812	1527860071565
19.285	1527860076598
19.481	1527860081637
19.498	1527860086668
18.566	1527860091707
26.485	1527860096746
19.122	1527860101783
18.418	1527860106831
20.728	1527860111865
19.448	1527860116907
19.996	1527860121941
18.721	1527860126972
19.287	1527860132014
19.114	1527860137048
19.633	1527860142082
19.106	1527860147116
18.176	1527860152155
19.041	1527860157191
19.808	1527860162233
19.975	1527860167274
21.475	1527860172340
19.441	1527860177376
23.445	1527860182417
18.642	1527860187451
18.062	1527860192483
17.964	1527860197516
20.225	1527860202548
19.001	1527860207581
18.802	1527860212612
18.325	1527860217651
18.526	1527860222679
18.340	1527860227713
18.402	1527860232747
22.987	1527860237789
18.313	1527860242823
17.782	1527860247868
19.705	1527860252904
19.316	1527860257938
21.561	1527860262995
18.279	1527860268025
23.317	1527860273064
17.797	1527860278100
21.659	1527860283144
18.917	1527860288185
18.398	1527860293216
17.859	1527860298248
17.169	1527860303278
17.627	1527860308318
18.217	1527860313363
18.642	1527860318394
21.320	1527860323427
18.522	1527860328459
19.265	1527860333493
20.254	1527860338530
17.508	1527860343569
17.270	1527860348603
17.883	1527860353636
25.082	1527860358673
18.284	1527860363710
18.812	1527860368745
18.059	1527860373777
18.437	1527860378805
17.417	1527860383861
19.772	1527860388897
18.339	1527860393928
18.643	1527860398962
19.474	1527860403994
19.532	1527860409026
19.158	1527860414058
17.355	1527860419092
18.852	1527860424127
19.353	1527860429161
18.445	1527860434190
18.248	1527860439224
20.050	1527860444256
19.435	1527860449289
17.863	1527860454323
18.950	1527860459372
18.781	1527860464407
17.902	1527860469440
18.898	1527860474474
18.525	1527860479506
20.518	1527860484540
21.319	1527860489577
18.114	1527860494612
18.571	1527860499662
18.603	1527860504692
21.580	1527860509725
17.939	1527860514772
19.555	1527860519834
17.718	1527860524865
18.457	1527860529897
18.804	1527860534932
18.702	1527860539963
18.618	1527860544995
18.581	1527860550021
19.428	1527860555053
19.270	1527860560086
19.455	1527860565122
18.521	1527860570154
18.699	1527860575187
	1527860586209
20.613	1527860591259
19.262	1527860596296
19.525	1527860601326
18.920	1527860606352
19.357	1527860611384
18.757	1527860616417
18.717	1527860621453
18.139	1527860626487
17.757	1527860631522
17.704	1527860636553
18.173	1527860641588
23.686	1527860646624
18.334	1527860651659
18.823	1527860656706
18.917	1527860661741
19.991	1527860666775
19.529	1527860671811
18.817	1527860676844
18.302	1527860681876
18.223	1527860686911
18.411	1527860691944
17.436	1527860696970
19.110	1527860702003
19.729	1527860707032
18.316	1527860712062
22.767	1527860717094
20.981	1527860722146
19.327	1527860727183
18.758	1527860732211
18.357	1527860737246
18.556	1527860742282
19.251	1527860747319
19.162	1527860752368
18.415	1527860757402
18.844	1527860762438
18.030	1527860767473
20.420	1527860772518
19.351	1527860777551
20.777	1527860782584
19.408	1527860787620
20.084	1527860792653
18.803	1527860797685
19.377	1527860802721
19.044	1527860807757
18.687	1527860812815
18.673	1527860817847
19.921	1527860822882
19.087	1527860827918
18.958	1527860832955
18.449	1527860837990
18.794	1527860843021
20.034	1527860848058
20.165	1527860853093
24.133	1527860858130
19.303	1527860863167
19.613	1527860868200
18.883	1527860873233
18.190	1527860878263
19.043	1527860883296
18.398	1527860888353
20.335	1527860893390
18.551	1527860898422
18.376	1527860903458
19.532	1527860908492
19.330	1527860913525
19.416	1527860918558
20.643	1527860923596
20.235	1527860928629
18.665	1527860933666
19.535	1527860938698
20.354	1527860943732
19.501	1527860948768
18.051	1527860953816
18.183	1527860958843
17.956	1527860963875
19.948	1527860968908
19.236	1527860973941
24.675	1527860978979
19.442	1527860984014
21.756	1527860989051
18.674	1527860994088
20.828	1527860999116