# n10.meraki.com
# Started at: 2018-04-11T20:08:31+01:00
# duration(ms)\tepoch(ms)
164	1523473711516
144	1523473716688
144	1523473721859
145	1523473727028
144	1523473732202
160	1523473737422
144	1523473742601
144	1523473747772
146	1523473752946
144	1523473758115
158	1523473763336
146	1523473768515
144	1523473773795
146	1523473778971
146	1523473784156
145	1523473789348
145	1523473794520
144	1523473799699
143	1523473804869
145	1523473810053
161	1523473815276
143	1523473820449
144	1523473825631
144	1523473830805
144	1523473836008
157	1523473841208
145	1523473846381
144	1523473851571
146	1523473856745
145	1523473861916
163	1523473867144
144	1523473872315
144	1523473877492
144	1523473882668
146	1523473887851
163	1523473893068
145	1523473898263
154	1523473903470
143	1523473908644
144	1523473913833
162	1523473919055
150	1523473924238
144	1523473929419
145	1523473934598
145	1523473939774
159	1523473945000
144	1523473950180
145	1523473955354
145	1523473960543
144	1523473965714
156	1523473970931
145	1523473976112
145	1523473981288
145	1523473986461
144	1523473991667
161	1523473996892
144	1523474002069
145	1523474007245
145	1523474012427
144	1523474017603
161	1523474022828
144	1523474028005
145	1523474033184
144	1523474038362
145	1523474043545
163	1523474048773
144	1523474053961
145	1523474059134
145	1523474064308
145	1523474069488
160	1523474074712
146	1523474079891
145	1523474085085
144	1523474090257
144	1523474095433
164	1523474100666
148	1523474105851
145	1523474111025
145	1523474116204
144	1523474121381
161	1523474126605
145	1523474131778
145	1523474136958
145	1523474142152
143	1523474147339
159	1523474152564
146	1523474157744
145	1523474162918
145	1523474168095
144	1523474173265
163	1523474178490
144	1523474183661
158	1523474188867
145	1523474194040
145	1523474199216
158	1523474204429
144	1523474209607
143	1523474214775
152	1523474219953
143	1523474225123
156	1523474230328
145	1523474235499
145	1523474240682
145	1523474245854
144	1523474251031
151	1523474256235
146	1523474261419
145	1523474266598
147	1523474271773
144	1523474276948
160	1523474282167
144	1523474287350
145	1523474292525
146	1523474297708
144	1523474302889
163	1523474308108
145	1523474313309
145	1523474318513
145	1523474323690
145	1523474328885
145	1523474334064
145	1523474339243
144	1523474344413
144	1523474349592
144	1523474354770
163	1523474359966
144	1523474365142
146	1523474370324
145	1523474375503
145	1523474380699
158	1523474385901
145	1523474391087
146	1523474396285
146	1523474401464
145	1523474406641
159	1523474411847
144	1523474417028
146	1523474422211
146	1523474427397
145	1523474432582
155	1523474437782
144	1523474442971
144	1523474448155
145	1523474453640
145	1523474458810
158	1523474464016
145	1523474469188
143	1523474474358
143	1523474479528
144	1523474484699
147	1523474489892
144	1523474495064
144	1523474500237
144	1523474505410
145	1523474510586
162	1523474515827
144	1523474521007
144	1523474526187
145	1523474531369
145	1523474536540
157	1523474541756
145	1523474546930
145	1523474552102
145	1523474557273
144	1523474562452
162	1523474567670
151	1523474572853
144	1523474578024
144	1523474583195
146	1523474588372
161	1523474593587
144	1523474598783
144	1523474603954
145	1523474609129
145	1523474614305
158	1523474619516
144	1523474624686
144	1523474629860
146	1523474635032
145	1523474640207
160	1523474645410
145	1523474650586
144	1523474655758
146	1523474661036
145	1523474666207
157	1523474671403
145	1523474676574
145	1523474681746
144	1523474686916
144	1523474692091
159	1523474697293
144	1523474702469
144	1523474707670
144	1523474712844
145	1523474718019
162	1523474723230
145	1523474728406
146	1523474733603
145	1523474738796
145	1523474743971
158	1523474749188
145	1523474754360
145	1523474759537
145	1523474764712
145	1523474769884
147	1523474775064
146	1523474780237
145	1523474785426
144	1523474790599
145	1523474795783
146	1523474800961
145	1523474806140
144	1523474811344
144	1523474816541
145	1523474821716
144	1523474826889
144	1523474832061
159	1523474837271
144	1523474842444
144	1523474847616
145	1523474852790
144	1523474857965
163	1523474863187
146	1523474868363
144	1523474873543
143	1523474878722
145	1523474883898
158	1523474889114
145	1523474894293
146	1523474899472
145	1523474904649
145	1523474909837
162	1523474915063
145	1523474920246
147	1523474925433
144	1523474930616
144	1523474935788
164	1523474941019
145	1523474946196
144	1523474951370
145	1523474956553
144	1523474961734
159	1523474966954
145	1523474972157
145	1523474977329
145	1523474982505
143	1523474987675
144	1523474992847
145	1523474998025
143	1523475003198
144	1523475008374
145	1523475013559
157	1523475018774
145	1523475023956
147	1523475029148
145	1523475034340
146	1523475039517
164	1523475044745
146	1523475049923
144	1523475055100
146	1523475060278
144	1523475065455
161	1523475070670
147	1523475075856
145	1523475081040
146	1523475086228
145	1523475091405
146	1523475096582
145	1523475101761
145	1523475106939
146	1523475112123
146	1523475117303
166	1523475122514
145	1523475127686
158	1523475132908
146	1523475138088
146	1523475143264
146	1523475148460
144	1523475153632
145	1523475158807
146	1523475163986
146	1523475169167
161	1523475174380
146	1523475179556
145	1523475184756
146	1523475189936
145	1523475195110
155	1523475200306
146	1523475205491
145	1523475210685
145	1523475215880
145	1523475221059
152	1523475226260
146	1523475231440
146	1523475236632
145	1523475241812
146	1523475247000
161	1523475252204
145	1523475257382
145	1523475262560
147	1523475267745
145	1523475272928
158	1523475278128
144	1523475283309
146	1523475288484
146	1523475293665
146	1523475298844
157	1523475304050
146	1523475309244
146	1523475314452
146	1523475319634
145	1523475324809
161	1523475330019
146	1523475335199
146	1523475340380
145	1523475345554
146	1523475350738
146	1523475355924
146	1523475361104
145	1523475366292
146	1523475371476
145	1523475376654
146	1523475381836
147	1523475387026
146	1523475392218
145	1523475397391
144	1523475402565
145	1523475407738
146	1523475412911
146	1523475418091
146	1523475423294
145	1523475428491
146	1523475433681
146	1523475438864
146	1523475444044
153	1523475449247
146	1523475454427
146	1523475459608
146	1523475464781
145	1523475469956
145	1523475475139
147	1523475480316
146	1523475485493
146	1523475490680
147	1523475495859
147	1523475501038
146	1523475506221
146	1523475511403
146	1523475516585
146	1523475521775
146	1523475526986
146	1523475532163
145	1523475537338
144	1523475542525
145	1523475547703
145	1523475552888
145	1523475558065
145	1523475563239
146	1523475568415
145	1523475573592
145	1523475578770
146	1523475583962
145	1523475589150
146	1523475594325
145	1523475599500
148	1523475604684
145	1523475609869
146	1523475615056
147	1523475620241
146	1523475625416
145	1523475630594
146	1523475635800
145	1523475640973
147	1523475646155
146	1523475651348
146	1523475656527
145	1523475661722
145	1523475666899
145	1523475672078
147	1523475677275
146	1523475682455
149	1523475687643
146	1523475692829
145	1523475698009
146	1523475703191
145	1523475708371
146	1523475713568
145	1523475718744
146	1523475723926
145	1523475729117
146	1523475734291
145	1523475739464
146	1523475744653
146	1523475749832
146	1523475755014
145	1523475760188
147	1523475765372
146	1523475770551
144	1523475775730
147	1523475780907
146	1523475786082
146	1523475791267
144	1523475796456
146	1523475801638
146	1523475806817
146	1523475811993
145	1523475817167
145	1523475822357
146	1523475827534
146	1523475832712
145	1523475837894
145	1523475843068
145	1523475848269
145	1523475853447
145	1523475858619
146	1523475863798
145	1523475868977
146	1523475874161
145	1523475879341
145	1523475884519
145	1523475889715
145	1523475894886
145	1523475900060
146	1523475905233
146	1523475910409
145	1523475915590
145	1523475920776
145	1523475925957
145	1523475931131
145	1523475936308
145	1523475941485
144	1523475946665
145	1523475951860
145	1523475957032
145	1523475962209
145	1523475967388
145	1523475972565
146	1523475977739
145	1523475982927
148	1523475988114
145	1523475993324
146	1523475998500
144	1523476003685
145	1523476008857
146	1523476014048
146	1523476019221
144	1523476024395
145	1523476029566
145	1523476034745
145	1523476039922
146	1523476045103